

================================================================
== Vitis HLS Report for 'compute_rmsnorm_Pipeline_compute_sum'
================================================================
* Date:           Mon Sep 15 01:27:50 2025

* Version:        2025.1 (Build 6135595 on May 21 2025)
* Project:        llama_hls
* Solution:       solution1 (Vivado IP Flow Target)
* Product family: versalhbm
* Target device:  xcv80-lsva4737-2MHP-e-S


================================================================
== Performance Estimates
================================================================
+ Timing: 
    * Summary: 
    +--------+---------+----------+------------+
    |  Clock |  Target | Estimated| Uncertainty|
    +--------+---------+----------+------------+
    |ap_clk  |  4.00 ns|  2.868 ns|     1.08 ns|
    +--------+---------+----------+------------+

+ Latency: 
    * Summary: 
    +---------+---------+----------+----------+-----+-----+------------------------------------------------+
    |  Latency (cycles) |  Latency (absolute) |  Interval |                    Pipeline                    |
    |   min   |   max   |    min   |    max   | min | max |                      Type                      |
    +---------+---------+----------+----------+-----+-----+------------------------------------------------+
    |      772|      772|  3.088 us|  3.088 us|  769|  769|  loop auto-rewind stp (delay=0 clock cycles(s))|
    +---------+---------+----------+----------+-----+-----+------------------------------------------------+

    + Detail: 
        * Instance: 
        N/A

        * Loop: 
        +---------------+---------+---------+----------+-----------+-----------+------+----------+
        |               |  Latency (cycles) | Iteration|  Initiation Interval  | Trip |          |
        |   Loop Name   |   min   |   max   |  Latency |  achieved |   target  | Count| Pipelined|
        +---------------+---------+---------+----------+-----------+-----------+------+----------+
        |- compute_sum  |      770|      770|         4|          1|          1|   768|       yes|
        +---------------+---------+---------+----------+-----------+-----------+------+----------+

============================================================
+ Verbose Summary: Synthesis Manager
============================================================
InlineROM: 1
ExposeGlobal: 0
============================================================
+ Verbose Summary: CDFG Model
============================================================
IsTopModel: 0
ResetActiveHigh: 1
IsCombinational: 0
IsDatapathOnly: 0
HasWiredReturn: 1
HasMFsm: 2
HasVarLatency: 1
IsPipeline: 0
IsRtlPipelined: 0
IsInstanceOverlapped: 0
IsDontTouch: 0
HasImplIP: 0
IsGatedGlobalClock: 0

+ Individual pipeline summary: 
  * Pipeline-0: initiation interval (II) = 1, depth = 4


============================================================
+ Verbose Summary: Schedule
============================================================
* Number of FSM states : 4
* Pipeline : 1
  Pipeline-0 : II = 1, D = 4, States = { 1 2 3 4 }
* Dataflow Pipeline: 0

* FSM state transitions: 
1 --> 2 
2 --> 3 
3 --> 4 
4 --> 

* FSM state operations: 

State 1 <SV = 0> <Delay = 2.13>
ST_1 : Operation 7 [1/1] (0.00ns)   --->   "%sum_local = alloca i32 1" [kernel_rmsnorm.cpp:29]   --->   Operation 7 'alloca' 'sum_local' <Predicate = true> <Delay = 0.00>
ST_1 : Operation 8 [1/1] (0.00ns)   --->   "%i_12 = alloca i32 1" [kernel_rmsnorm.cpp:43]   --->   Operation 8 'alloca' 'i_12' <Predicate = true> <Delay = 0.00>
ST_1 : Operation 9 [1/1] (0.39ns)   --->   "%store_ln43 = store i10 0, i10 %i_12" [kernel_rmsnorm.cpp:43]   --->   Operation 9 'store' 'store_ln43' <Predicate = true> <Delay = 0.39>
ST_1 : Operation 10 [1/1] (0.42ns)   --->   "%store_ln29 = store i32 0, i32 %sum_local" [kernel_rmsnorm.cpp:29]   --->   Operation 10 'store' 'store_ln29' <Predicate = true> <Delay = 0.42>
ST_1 : Operation 11 [1/1] (0.00ns)   --->   "%br_ln0 = br void %for.inc21.i"   --->   Operation 11 'br' 'br_ln0' <Predicate = true> <Delay = 0.00>
ST_1 : Operation 12 [1/1] (0.00ns)   --->   "%i = load i10 %i_12" [kernel_rmsnorm.cpp:43]   --->   Operation 12 'load' 'i' <Predicate = true> <Delay = 0.00>
ST_1 : Operation 13 [1/1] (0.71ns)   --->   "%add_ln43 = add i10 %i, i10 1" [kernel_rmsnorm.cpp:43]   --->   Operation 13 'add' 'add_ln43' <Predicate = true> <Delay = 0.71> <CoreInst = "Adder">   --->   Core 1 'Adder' <Latency = 0> <II = 1> <Delay = 0.71> <FuncUnit> <Opcode : 'add' 'sub'> <InPorts = 2> <OutPorts = 1>
ST_1 : Operation 14 [1/1] (0.60ns)   --->   "%icmp_ln43 = icmp_eq  i10 %i, i10 768" [kernel_rmsnorm.cpp:43]   --->   Operation 14 'icmp' 'icmp_ln43' <Predicate = true> <Delay = 0.60> <CoreInst = "ICmp_EQ">   --->   Core 156 'ICmp_EQ' <Latency = 0> <II = 1> <Delay = 0.60> <FuncUnit> <Opcode : 'seteq' 'setne'> <InPorts = 2> <OutPorts = 1>
ST_1 : Operation 15 [1/1] (0.00ns)   --->   "%br_ln43 = br i1 %icmp_ln43, void %for.inc21.split.i, void %for.end23.i.exitStub" [kernel_rmsnorm.cpp:43]   --->   Operation 15 'br' 'br_ln43' <Predicate = true> <Delay = 0.00>
ST_1 : Operation 16 [1/1] (0.00ns)   --->   "%trunc_ln43 = trunc i10 %i" [kernel_rmsnorm.cpp:43]   --->   Operation 16 'trunc' 'trunc_ln43' <Predicate = (!icmp_ln43)> <Delay = 0.00>
ST_1 : Operation 17 [1/1] (0.00ns)   --->   "%lshr_ln = partselect i8 @_ssdm_op_PartSelect.i8.i10.i32.i32, i10 %i, i32 2, i32 9" [kernel_rmsnorm.cpp:29]   --->   Operation 17 'partselect' 'lshr_ln' <Predicate = (!icmp_ln43)> <Delay = 0.00>
ST_1 : Operation 18 [1/1] (0.00ns)   --->   "%zext_ln29 = zext i8 %lshr_ln" [kernel_rmsnorm.cpp:29]   --->   Operation 18 'zext' 'zext_ln29' <Predicate = (!icmp_ln43)> <Delay = 0.00>
ST_1 : Operation 19 [1/1] (0.00ns)   --->   "%compute_rmsnorm_stream_stream_float_0_stream_float_0_int_vec_local_1_3_addr = getelementptr i32 %compute_rmsnorm_stream_stream_float_0_stream_float_0_int_vec_local_1_3, i64 0, i64 %zext_ln29" [kernel_rmsnorm.cpp:46]   --->   Operation 19 'getelementptr' 'compute_rmsnorm_stream_stream_float_0_stream_float_0_int_vec_local_1_3_addr' <Predicate = (!icmp_ln43)> <Delay = 0.00>
ST_1 : Operation 20 [1/1] (0.00ns)   --->   "%compute_rmsnorm_stream_stream_float_0_stream_float_0_int_vec_local_1_2_addr = getelementptr i32 %compute_rmsnorm_stream_stream_float_0_stream_float_0_int_vec_local_1_2, i64 0, i64 %zext_ln29" [kernel_rmsnorm.cpp:46]   --->   Operation 20 'getelementptr' 'compute_rmsnorm_stream_stream_float_0_stream_float_0_int_vec_local_1_2_addr' <Predicate = (!icmp_ln43)> <Delay = 0.00>
ST_1 : Operation 21 [1/1] (0.00ns)   --->   "%compute_rmsnorm_stream_stream_float_0_stream_float_0_int_vec_local_1_1_addr = getelementptr i32 %compute_rmsnorm_stream_stream_float_0_stream_float_0_int_vec_local_1_1, i64 0, i64 %zext_ln29" [kernel_rmsnorm.cpp:46]   --->   Operation 21 'getelementptr' 'compute_rmsnorm_stream_stream_float_0_stream_float_0_int_vec_local_1_1_addr' <Predicate = (!icmp_ln43)> <Delay = 0.00>
ST_1 : Operation 22 [1/1] (0.00ns)   --->   "%compute_rmsnorm_stream_stream_float_0_stream_float_0_int_vec_local_1_addr = getelementptr i32 %compute_rmsnorm_stream_stream_float_0_stream_float_0_int_vec_local_1, i64 0, i64 %zext_ln29" [kernel_rmsnorm.cpp:46]   --->   Operation 22 'getelementptr' 'compute_rmsnorm_stream_stream_float_0_stream_float_0_int_vec_local_1_addr' <Predicate = (!icmp_ln43)> <Delay = 0.00>
ST_1 : Operation 23 [1/1] (0.42ns) (share mux size 2)   --->   "%muxLogicRAMAddr_to_compute_rmsnorm_stream_stream_float_0_stream_float_0_int_vec_local_1_3_load = muxlogic i8 %compute_rmsnorm_stream_stream_float_0_stream_float_0_int_vec_local_1_3_addr"   --->   Operation 23 'muxlogic' 'muxLogicRAMAddr_to_compute_rmsnorm_stream_stream_float_0_stream_float_0_int_vec_local_1_3_load' <Predicate = (!icmp_ln43)> <Delay = 0.42>
ST_1 : Operation 24 [2/2] (0.71ns) (share mux size 3)   --->   "%compute_rmsnorm_stream_stream_float_0_stream_float_0_int_vec_local_1_3_load = load i8 %compute_rmsnorm_stream_stream_float_0_stream_float_0_int_vec_local_1_3_addr" [kernel_rmsnorm.cpp:46]   --->   Operation 24 'load' 'compute_rmsnorm_stream_stream_float_0_stream_float_0_int_vec_local_1_3_load' <Predicate = (!icmp_ln43)> <Delay = 0.71> <CoreInst = "RAM">   --->   Core 86 'RAM' <Latency = 1> <II = 1> <Delay = 0.89> <Storage> <Opcode : 'load' 'store'> <Ports = 2> <Width = 32> <Depth = 192> <RAM>
ST_1 : Operation 25 [1/1] (0.42ns) (share mux size 2)   --->   "%muxLogicRAMAddr_to_compute_rmsnorm_stream_stream_float_0_stream_float_0_int_vec_local_1_2_load = muxlogic i8 %compute_rmsnorm_stream_stream_float_0_stream_float_0_int_vec_local_1_2_addr"   --->   Operation 25 'muxlogic' 'muxLogicRAMAddr_to_compute_rmsnorm_stream_stream_float_0_stream_float_0_int_vec_local_1_2_load' <Predicate = (!icmp_ln43)> <Delay = 0.42>
ST_1 : Operation 26 [2/2] (0.71ns) (share mux size 3)   --->   "%compute_rmsnorm_stream_stream_float_0_stream_float_0_int_vec_local_1_2_load = load i8 %compute_rmsnorm_stream_stream_float_0_stream_float_0_int_vec_local_1_2_addr" [kernel_rmsnorm.cpp:46]   --->   Operation 26 'load' 'compute_rmsnorm_stream_stream_float_0_stream_float_0_int_vec_local_1_2_load' <Predicate = (!icmp_ln43)> <Delay = 0.71> <CoreInst = "RAM">   --->   Core 86 'RAM' <Latency = 1> <II = 1> <Delay = 0.89> <Storage> <Opcode : 'load' 'store'> <Ports = 2> <Width = 32> <Depth = 192> <RAM>
ST_1 : Operation 27 [1/1] (0.42ns) (share mux size 2)   --->   "%muxLogicRAMAddr_to_compute_rmsnorm_stream_stream_float_0_stream_float_0_int_vec_local_1_1_load = muxlogic i8 %compute_rmsnorm_stream_stream_float_0_stream_float_0_int_vec_local_1_1_addr"   --->   Operation 27 'muxlogic' 'muxLogicRAMAddr_to_compute_rmsnorm_stream_stream_float_0_stream_float_0_int_vec_local_1_1_load' <Predicate = (!icmp_ln43)> <Delay = 0.42>
ST_1 : Operation 28 [2/2] (0.71ns) (share mux size 3)   --->   "%compute_rmsnorm_stream_stream_float_0_stream_float_0_int_vec_local_1_1_load = load i8 %compute_rmsnorm_stream_stream_float_0_stream_float_0_int_vec_local_1_1_addr" [kernel_rmsnorm.cpp:46]   --->   Operation 28 'load' 'compute_rmsnorm_stream_stream_float_0_stream_float_0_int_vec_local_1_1_load' <Predicate = (!icmp_ln43)> <Delay = 0.71> <CoreInst = "RAM">   --->   Core 86 'RAM' <Latency = 1> <II = 1> <Delay = 0.89> <Storage> <Opcode : 'load' 'store'> <Ports = 2> <Width = 32> <Depth = 192> <RAM>
ST_1 : Operation 29 [1/1] (0.42ns) (share mux size 2)   --->   "%muxLogicRAMAddr_to_compute_rmsnorm_stream_stream_float_0_stream_float_0_int_vec_local_1_load = muxlogic i8 %compute_rmsnorm_stream_stream_float_0_stream_float_0_int_vec_local_1_addr"   --->   Operation 29 'muxlogic' 'muxLogicRAMAddr_to_compute_rmsnorm_stream_stream_float_0_stream_float_0_int_vec_local_1_load' <Predicate = (!icmp_ln43)> <Delay = 0.42>
ST_1 : Operation 30 [2/2] (0.71ns) (share mux size 3)   --->   "%compute_rmsnorm_stream_stream_float_0_stream_float_0_int_vec_local_1_load = load i8 %compute_rmsnorm_stream_stream_float_0_stream_float_0_int_vec_local_1_addr" [kernel_rmsnorm.cpp:46]   --->   Operation 30 'load' 'compute_rmsnorm_stream_stream_float_0_stream_float_0_int_vec_local_1_load' <Predicate = (!icmp_ln43)> <Delay = 0.71> <CoreInst = "RAM">   --->   Core 86 'RAM' <Latency = 1> <II = 1> <Delay = 0.89> <Storage> <Opcode : 'load' 'store'> <Ports = 2> <Width = 32> <Depth = 192> <RAM>
ST_1 : Operation 31 [1/1] (0.60ns)   --->   "%icmp_ln46 = icmp_eq  i10 %add_ln43, i10 768" [kernel_rmsnorm.cpp:46]   --->   Operation 31 'icmp' 'icmp_ln46' <Predicate = (!icmp_ln43)> <Delay = 0.60> <CoreInst = "ICmp_EQ">   --->   Core 156 'ICmp_EQ' <Latency = 0> <II = 1> <Delay = 0.60> <FuncUnit> <Opcode : 'seteq' 'setne'> <InPorts = 2> <OutPorts = 1>
ST_1 : Operation 32 [1/1] (0.39ns)   --->   "%store_ln43 = store i10 %add_ln43, i10 %i_12" [kernel_rmsnorm.cpp:43]   --->   Operation 32 'store' 'store_ln43' <Predicate = (!icmp_ln43)> <Delay = 0.39>

State 2 <SV = 1> <Delay = 1.33>
ST_2 : Operation 33 [1/2] ( I:0.89ns O:0.89ns ) (share mux size 3)   --->   "%compute_rmsnorm_stream_stream_float_0_stream_float_0_int_vec_local_1_3_load = load i8 %compute_rmsnorm_stream_stream_float_0_stream_float_0_int_vec_local_1_3_addr" [kernel_rmsnorm.cpp:46]   --->   Operation 33 'load' 'compute_rmsnorm_stream_stream_float_0_stream_float_0_int_vec_local_1_3_load' <Predicate = true> <Delay = 0.89> <CoreInst = "RAM">   --->   Core 86 'RAM' <Latency = 1> <II = 1> <Delay = 0.89> <Storage> <Opcode : 'load' 'store'> <Ports = 2> <Width = 32> <Depth = 192> <RAM>
ST_2 : Operation 34 [1/2] ( I:0.89ns O:0.89ns ) (share mux size 3)   --->   "%compute_rmsnorm_stream_stream_float_0_stream_float_0_int_vec_local_1_2_load = load i8 %compute_rmsnorm_stream_stream_float_0_stream_float_0_int_vec_local_1_2_addr" [kernel_rmsnorm.cpp:46]   --->   Operation 34 'load' 'compute_rmsnorm_stream_stream_float_0_stream_float_0_int_vec_local_1_2_load' <Predicate = true> <Delay = 0.89> <CoreInst = "RAM">   --->   Core 86 'RAM' <Latency = 1> <II = 1> <Delay = 0.89> <Storage> <Opcode : 'load' 'store'> <Ports = 2> <Width = 32> <Depth = 192> <RAM>
ST_2 : Operation 35 [1/2] ( I:0.89ns O:0.89ns ) (share mux size 3)   --->   "%compute_rmsnorm_stream_stream_float_0_stream_float_0_int_vec_local_1_1_load = load i8 %compute_rmsnorm_stream_stream_float_0_stream_float_0_int_vec_local_1_1_addr" [kernel_rmsnorm.cpp:46]   --->   Operation 35 'load' 'compute_rmsnorm_stream_stream_float_0_stream_float_0_int_vec_local_1_1_load' <Predicate = true> <Delay = 0.89> <CoreInst = "RAM">   --->   Core 86 'RAM' <Latency = 1> <II = 1> <Delay = 0.89> <Storage> <Opcode : 'load' 'store'> <Ports = 2> <Width = 32> <Depth = 192> <RAM>
ST_2 : Operation 36 [1/2] ( I:0.89ns O:0.89ns ) (share mux size 3)   --->   "%compute_rmsnorm_stream_stream_float_0_stream_float_0_int_vec_local_1_load = load i8 %compute_rmsnorm_stream_stream_float_0_stream_float_0_int_vec_local_1_addr" [kernel_rmsnorm.cpp:46]   --->   Operation 36 'load' 'compute_rmsnorm_stream_stream_float_0_stream_float_0_int_vec_local_1_load' <Predicate = true> <Delay = 0.89> <CoreInst = "RAM">   --->   Core 86 'RAM' <Latency = 1> <II = 1> <Delay = 0.89> <Storage> <Opcode : 'load' 'store'> <Ports = 2> <Width = 32> <Depth = 192> <RAM>
ST_2 : Operation 37 [1/1] (0.43ns)   --->   "%tmp_i = sparsemux i32 @_ssdm_op_SparseMux.ap_auto.4float.float.i2, i2 0, i32 %compute_rmsnorm_stream_stream_float_0_stream_float_0_int_vec_local_1_3_load, i2 1, i32 %compute_rmsnorm_stream_stream_float_0_stream_float_0_int_vec_local_1_2_load, i2 2, i32 %compute_rmsnorm_stream_stream_float_0_stream_float_0_int_vec_local_1_1_load, i2 3, i32 %compute_rmsnorm_stream_stream_float_0_stream_float_0_int_vec_local_1_load, i32 <undef>, i2 %trunc_ln43" [kernel_rmsnorm.cpp:46]   --->   Operation 37 'sparsemux' 'tmp_i' <Predicate = true> <Delay = 0.43> <CoreInst = "BinarySparseMux_DontCare">   --->   Core 150 'BinarySparseMux_DontCare' <Latency = 0> <II = 1> <Delay = 0.43> <FuncUnit> <Opcode : 'sparsemux'> <InPorts = 0> <OutPorts = 1>

State 3 <SV = 2> <Delay = 2.86>
ST_3 : Operation 38 [2/2] (2.86ns)   --->   "%sum_local_1 = fmacc i32 @_ssdm_op_FMACC, i32 %tmp_i, i32 %tmp_i, i1 %icmp_ln46" [kernel_rmsnorm.cpp:46]   --->   Operation 38 'fmacc' 'sum_local_1' <Predicate = true> <Delay = 2.86> <CoreInst = "FMac_primitivedsp">   --->   Core 12 'FMac_primitivedsp' <Latency = 1> <II = 1> <Delay = 2.86> <FuncUnit> <Opcode : 'fmacc'> <InPorts = 2> <OutPorts = 1>
ST_3 : Operation 45 [1/1] (0.00ns)   --->   "%sum_local_load = load i32 %sum_local"   --->   Operation 45 'load' 'sum_local_load' <Predicate = (icmp_ln43)> <Delay = 0.00>
ST_3 : Operation 46 [1/1] (0.00ns)   --->   "%write_ln0 = write void @_ssdm_op_Write.ap_auto.floatP0A, i32 %sum_local_out, i32 %sum_local_load"   --->   Operation 46 'write' 'write_ln0' <Predicate = (icmp_ln43)> <Delay = 0.00>
ST_3 : Operation 47 [1/1] (0.28ns)   --->   "%ret_ln0 = ret"   --->   Operation 47 'ret' 'ret_ln0' <Predicate = (icmp_ln43)> <Delay = 0.28>

State 4 <SV = 3> <Delay = 0.70>
ST_4 : Operation 39 [1/1] (0.00ns)   --->   "%specpipeline_ln44 = specpipeline void @_ssdm_op_SpecPipeline, i32 1, i32 0, i32 0, i32 0, void @empty_48" [kernel_rmsnorm.cpp:44]   --->   Operation 39 'specpipeline' 'specpipeline_ln44' <Predicate = true> <Delay = 0.00>
ST_4 : Operation 40 [1/1] (0.00ns)   --->   "%speclooptripcount_ln45 = speclooptripcount void @_ssdm_op_SpecLoopTripCount, i64 768, i64 768, i64 768" [kernel_rmsnorm.cpp:45]   --->   Operation 40 'speclooptripcount' 'speclooptripcount_ln45' <Predicate = true> <Delay = 0.00>
ST_4 : Operation 41 [1/1] (0.00ns)   --->   "%specloopname_ln43 = specloopname void @_ssdm_op_SpecLoopName, void @empty_63" [kernel_rmsnorm.cpp:43]   --->   Operation 41 'specloopname' 'specloopname_ln43' <Predicate = true> <Delay = 0.00>
ST_4 : Operation 42 [1/2] (0.28ns)   --->   "%sum_local_1 = fmacc i32 @_ssdm_op_FMACC, i32 %tmp_i, i32 %tmp_i, i1 %icmp_ln46" [kernel_rmsnorm.cpp:46]   --->   Operation 42 'fmacc' 'sum_local_1' <Predicate = true> <Delay = 0.28> <CoreInst = "FMac_primitivedsp">   --->   Core 12 'FMac_primitivedsp' <Latency = 1> <II = 1> <Delay = 2.86> <FuncUnit> <Opcode : 'fmacc'> <InPorts = 2> <OutPorts = 1>
ST_4 : Operation 43 [1/1] (0.42ns)   --->   "%store_ln29 = store i32 %sum_local_1, i32 %sum_local" [kernel_rmsnorm.cpp:29]   --->   Operation 43 'store' 'store_ln29' <Predicate = true> <Delay = 0.42>
ST_4 : Operation 44 [1/1] (0.00ns)   --->   "%br_ln43 = br void %for.inc21.i" [kernel_rmsnorm.cpp:43]   --->   Operation 44 'br' 'br_ln43' <Predicate = true> <Delay = 0.00>


============================================================
+ Verbose Summary: Timing violations
============================================================
Target clock period: 4.000ns, clock uncertainty: 1.080ns.

 <State 1>: 2.136ns
The critical path consists of the following:
	'store' operation 0 bit ('store_ln43', kernel_rmsnorm.cpp:43) of constant 0 on local variable 'i', kernel_rmsnorm.cpp:43 [8]  (0.393 ns)
	'load' operation 10 bit ('i', kernel_rmsnorm.cpp:43) on local variable 'i', kernel_rmsnorm.cpp:43 [12]  (0.000 ns)
	'icmp' operation 1 bit ('icmp_ln43', kernel_rmsnorm.cpp:43) [14]  (0.607 ns)
	'muxlogic' operation 32 bit ('muxLogicRAMAddr_to_compute_rmsnorm_stream_stream_float_0_stream_float_0_int_vec_local_1_3_load') [27]  (0.421 ns)
	'load' operation 32 bit ('compute_rmsnorm_stream_stream_float_0_stream_float_0_int_vec_local_1_3_load', kernel_rmsnorm.cpp:46) on array 'compute_rmsnorm_stream_stream_float_0_stream_float_0_int_vec_local_1_3' [28]  (0.715 ns)

 <State 2>: 1.331ns
The critical path consists of the following:
	'load' operation 32 bit ('compute_rmsnorm_stream_stream_float_0_stream_float_0_int_vec_local_1_3_load', kernel_rmsnorm.cpp:46) on array 'compute_rmsnorm_stream_stream_float_0_stream_float_0_int_vec_local_1_3' [28]  (0.894 ns)
	'sparsemux' operation 32 bit ('tmp_i', kernel_rmsnorm.cpp:46) [35]  (0.437 ns)

 <State 3>: 2.868ns
The critical path consists of the following:
	'fmacc' operation 32 bit ('sum_local', kernel_rmsnorm.cpp:46) [37]  (2.868 ns)

 <State 4>: 0.705ns
The critical path consists of the following:
	'fmacc' operation 32 bit ('sum_local', kernel_rmsnorm.cpp:46) [37]  (0.284 ns)
	'store' operation 0 bit ('store_ln29', kernel_rmsnorm.cpp:29) of variable 'sum_local', kernel_rmsnorm.cpp:46 on local variable 'sum_local', kernel_rmsnorm.cpp:29 [39]  (0.421 ns)


============================================================
+ Verbose Summary: Binding
============================================================
N/A
* FSMD analyzer results:
  - Output states:
 - Input state : 
  - Chain level:
	State 1
	State 2
	State 3
	State 4


============================================================
+ Verbose Summary: Datapath Resource usage 
============================================================
N/A
