

================================================================
== Vitis HLS Report for 'compute_matmul3'
================================================================
* Date:           Mon Sep 15 01:28:00 2025

* Version:        2025.1 (Build 6135595 on May 21 2025)
* Project:        llama_hls
* Solution:       solution1 (Vivado IP Flow Target)
* Product family: versalhbm
* Target device:  xcv80-lsva4737-2MHP-e-S


================================================================
== Performance Estimates
================================================================
+ Timing: 
    * Summary: 
    +--------+---------+----------+------------+
    |  Clock |  Target | Estimated| Uncertainty|
    +--------+---------+----------+------------+
    |ap_clk  |  4.00 ns|  3.274 ns|     1.08 ns|
    +--------+---------+----------+------------+

+ Latency: 
    * Summary: 
    +---------+---------+----------+----------+--------+--------+---------+
    |  Latency (cycles) |  Latency (absolute) |     Interval    | Pipeline|
    |   min   |   max   |    min   |    max   |   min  |   max  |   Type  |
    +---------+---------+----------+----------+--------+--------+---------+
    |   590601|   590601|  2.362 ms|  2.362 ms|  590601|  590601|       no|
    +---------+---------+----------+----------+--------+--------+---------+

    + Detail: 
        * Instance: 
        N/A

        * Loop: 
        N/A

============================================================
+ Verbose Summary: Synthesis Manager
============================================================
InlineROM: 1
ExposeGlobal: 0
============================================================
+ Verbose Summary: CDFG Model
============================================================
IsTopModel: 0
ResetActiveHigh: 1
IsCombinational: 2
IsDatapathOnly: 0
HasWiredReturn: 1
HasMFsm: 0
HasVarLatency: 1
IsPipeline: 0
IsRtlPipelined: 0
IsInstanceOverlapped: 0
IsDontTouch: 0
HasImplIP: 0
IsGatedGlobalClock: 0


============================================================
+ Verbose Summary: Schedule
============================================================
* Number of FSM states : 4
* Pipeline : 0
* Dataflow Pipeline: 0

* FSM state transitions: 
1 --> 2 
2 --> 3 
3 --> 4 
4 --> 

* FSM state operations: 

State 1 <SV = 0> <Delay = 0.00>
ST_1 : Operation 5 [2/2] (0.00ns)   --->   "%call_ln0 = call void @compute_matmul3_Pipeline_load_vector, i32 %compute_matmul_stream_float_0_stream_float_0_stream_float_0_int_int_vec_local_49, i32 %compute_matmul_stream_float_0_stream_float_0_stream_float_0_int_int_vec_local_48, i32 %compute_matmul_stream_float_0_stream_float_0_stream_float_0_int_int_vec_local_47, i32 %compute_matmul_stream_float_0_stream_float_0_stream_float_0_int_int_vec_local, i32 %vector_stream"   --->   Operation 5 'call' 'call_ln0' <Predicate = true> <Delay = 0.00> <CoreType = "Generic">   --->   Generic Core

State 2 <SV = 1> <Delay = 1.28>
ST_2 : Operation 6 [1/2] (1.28ns)   --->   "%call_ln0 = call void @compute_matmul3_Pipeline_load_vector, i32 %compute_matmul_stream_float_0_stream_float_0_stream_float_0_int_int_vec_local_49, i32 %compute_matmul_stream_float_0_stream_float_0_stream_float_0_int_int_vec_local_48, i32 %compute_matmul_stream_float_0_stream_float_0_stream_float_0_int_int_vec_local_47, i32 %compute_matmul_stream_float_0_stream_float_0_stream_float_0_int_int_vec_local, i32 %vector_stream"   --->   Operation 6 'call' 'call_ln0' <Predicate = true> <Delay = 1.28> <CoreType = "Generic">   --->   Generic Core

State 3 <SV = 2> <Delay = 0.00>
ST_3 : Operation 7 [1/1] (0.00ns)   --->   "%fence_ln50 = fence void @_ssdm_op_Fence, i32 %vector_stream, i32 4294967295, i32 %result_stream, i32 %matrix_stream, i32 0" [kernel_matmul.cpp:50]   --->   Operation 7 'fence' 'fence_ln50' <Predicate = true> <Delay = 0.00>
ST_3 : Operation 8 [1/1] (0.00ns)   --->   "%fence_ln50 = fence void @_ssdm_op_Fence, i32 %vector_stream, i32 4294967295, i32 %result_stream, i32 %matrix_stream, i32 0" [kernel_matmul.cpp:50]   --->   Operation 8 'fence' 'fence_ln50' <Predicate = true> <Delay = 0.00>
ST_3 : Operation 9 [2/2] (0.00ns)   --->   "%call_ln0 = call void @compute_matmul3_Pipeline_execute_dot_product, i32 %compute_matmul_stream_float_0_stream_float_0_stream_float_0_int_int_vec_local, i32 %compute_matmul_stream_float_0_stream_float_0_stream_float_0_int_int_vec_local_47, i32 %compute_matmul_stream_float_0_stream_float_0_stream_float_0_int_int_vec_local_48, i32 %compute_matmul_stream_float_0_stream_float_0_stream_float_0_int_int_vec_local_49, i32 %result_stream, i32 %matrix_stream"   --->   Operation 9 'call' 'call_ln0' <Predicate = true> <Delay = 0.00> <CoreType = "Generic">   --->   Generic Core

State 4 <SV = 3> <Delay = 0.00>
ST_4 : Operation 10 [1/1] (0.00ns)   --->   "%specinterface_ln0 = specinterface void @_ssdm_op_SpecInterface, i32 %matrix_stream, void @empty_39, i32 0, i32 0, void @empty_48, i32 0, i32 0, void @empty_48, void @empty_48, void @empty_48, i32 0, i32 0, i32 0, i32 0, void @empty_48, void @empty_48, i32 4294967295, i32 0, i32 0"   --->   Operation 10 'specinterface' 'specinterface_ln0' <Predicate = true> <Delay = 0.00>
ST_4 : Operation 11 [1/1] (0.00ns)   --->   "%specinterface_ln0 = specinterface void @_ssdm_op_SpecInterface, i32 %matrix_stream, void @empty_39, i32 0, i32 0, void @empty_48, i32 0, i32 0, void @empty_48, void @empty_48, void @empty_48, i32 0, i32 0, i32 0, i32 0, void @empty_48, void @empty_48, i32 4294967295, i32 0, i32 0"   --->   Operation 11 'specinterface' 'specinterface_ln0' <Predicate = true> <Delay = 0.00>
ST_4 : Operation 12 [1/1] (0.00ns)   --->   "%specinterface_ln0 = specinterface void @_ssdm_op_SpecInterface, i32 %matrix_stream, void @empty_39, i32 0, i32 0, void @empty_48, i32 0, i32 0, void @empty_48, void @empty_48, void @empty_48, i32 0, i32 0, i32 0, i32 0, void @empty_48, void @empty_48, i32 4294967295, i32 0, i32 0"   --->   Operation 12 'specinterface' 'specinterface_ln0' <Predicate = true> <Delay = 0.00>
ST_4 : Operation 13 [1/1] (0.00ns)   --->   "%specinterface_ln0 = specinterface void @_ssdm_op_SpecInterface, i32 %matrix_stream, void @empty_39, i32 0, i32 0, void @empty_48, i32 0, i32 0, void @empty_48, void @empty_48, void @empty_48, i32 0, i32 0, i32 0, i32 0, void @empty_48, void @empty_48, i32 4294967295, i32 0, i32 0"   --->   Operation 13 'specinterface' 'specinterface_ln0' <Predicate = true> <Delay = 0.00>
ST_4 : Operation 14 [1/1] (0.00ns)   --->   "%specinterface_ln0 = specinterface void @_ssdm_op_SpecInterface, i32 %matrix_stream, void @empty_39, i32 0, i32 0, void @empty_48, i32 0, i32 0, void @empty_48, void @empty_48, void @empty_48, i32 0, i32 0, i32 0, i32 0, void @empty_48, void @empty_48, i32 4294967295, i32 0, i32 0"   --->   Operation 14 'specinterface' 'specinterface_ln0' <Predicate = true> <Delay = 0.00>
ST_4 : Operation 15 [1/1] (0.00ns)   --->   "%specinterface_ln0 = specinterface void @_ssdm_op_SpecInterface, i32 %matrix_stream, void @empty_39, i32 0, i32 0, void @empty_48, i32 0, i32 0, void @empty_48, void @empty_48, void @empty_48, i32 0, i32 0, i32 0, i32 0, void @empty_48, void @empty_48, i32 4294967295, i32 0, i32 0"   --->   Operation 15 'specinterface' 'specinterface_ln0' <Predicate = true> <Delay = 0.00>
ST_4 : Operation 16 [1/1] (0.00ns)   --->   "%specinterface_ln0 = specinterface void @_ssdm_op_SpecInterface, i32 %matrix_stream, void @empty_39, i32 0, i32 0, void @empty_48, i32 0, i32 0, void @empty_48, void @empty_48, void @empty_48, i32 0, i32 0, i32 0, i32 0, void @empty_48, void @empty_48, i32 4294967295, i32 0, i32 0"   --->   Operation 16 'specinterface' 'specinterface_ln0' <Predicate = true> <Delay = 0.00>
ST_4 : Operation 17 [1/1] (0.00ns)   --->   "%specinterface_ln0 = specinterface void @_ssdm_op_SpecInterface, i32 %result_stream, void @empty_39, i32 0, i32 0, void @empty_48, i32 0, i32 0, void @empty_48, void @empty_48, void @empty_48, i32 0, i32 0, i32 0, i32 0, void @empty_48, void @empty_48, i32 4294967295, i32 0, i32 0"   --->   Operation 17 'specinterface' 'specinterface_ln0' <Predicate = true> <Delay = 0.00>
ST_4 : Operation 18 [1/1] (0.00ns)   --->   "%specinterface_ln0 = specinterface void @_ssdm_op_SpecInterface, i32 %result_stream, void @empty_39, i32 0, i32 0, void @empty_48, i32 0, i32 0, void @empty_48, void @empty_48, void @empty_48, i32 0, i32 0, i32 0, i32 0, void @empty_48, void @empty_48, i32 4294967295, i32 0, i32 0"   --->   Operation 18 'specinterface' 'specinterface_ln0' <Predicate = true> <Delay = 0.00>
ST_4 : Operation 19 [1/1] (0.00ns)   --->   "%specinterface_ln0 = specinterface void @_ssdm_op_SpecInterface, i32 %result_stream, void @empty_39, i32 0, i32 0, void @empty_48, i32 0, i32 0, void @empty_48, void @empty_48, void @empty_48, i32 0, i32 0, i32 0, i32 0, void @empty_48, void @empty_48, i32 4294967295, i32 0, i32 0"   --->   Operation 19 'specinterface' 'specinterface_ln0' <Predicate = true> <Delay = 0.00>
ST_4 : Operation 20 [1/1] (0.00ns)   --->   "%specinterface_ln0 = specinterface void @_ssdm_op_SpecInterface, i32 %result_stream, void @empty_39, i32 0, i32 0, void @empty_48, i32 0, i32 0, void @empty_48, void @empty_48, void @empty_48, i32 0, i32 0, i32 0, i32 0, void @empty_48, void @empty_48, i32 4294967295, i32 0, i32 0"   --->   Operation 20 'specinterface' 'specinterface_ln0' <Predicate = true> <Delay = 0.00>
ST_4 : Operation 21 [1/1] (0.00ns)   --->   "%specinterface_ln0 = specinterface void @_ssdm_op_SpecInterface, i32 %result_stream, void @empty_39, i32 0, i32 0, void @empty_48, i32 0, i32 0, void @empty_48, void @empty_48, void @empty_48, i32 0, i32 0, i32 0, i32 0, void @empty_48, void @empty_48, i32 4294967295, i32 0, i32 0"   --->   Operation 21 'specinterface' 'specinterface_ln0' <Predicate = true> <Delay = 0.00>
ST_4 : Operation 22 [1/1] (0.00ns)   --->   "%specinterface_ln0 = specinterface void @_ssdm_op_SpecInterface, i32 %result_stream, void @empty_39, i32 0, i32 0, void @empty_48, i32 0, i32 0, void @empty_48, void @empty_48, void @empty_48, i32 0, i32 0, i32 0, i32 0, void @empty_48, void @empty_48, i32 4294967295, i32 0, i32 0"   --->   Operation 22 'specinterface' 'specinterface_ln0' <Predicate = true> <Delay = 0.00>
ST_4 : Operation 23 [1/1] (0.00ns)   --->   "%specinterface_ln0 = specinterface void @_ssdm_op_SpecInterface, i32 %result_stream, void @empty_39, i32 0, i32 0, void @empty_48, i32 0, i32 0, void @empty_48, void @empty_48, void @empty_48, i32 0, i32 0, i32 0, i32 0, void @empty_48, void @empty_48, i32 4294967295, i32 0, i32 0"   --->   Operation 23 'specinterface' 'specinterface_ln0' <Predicate = true> <Delay = 0.00>
ST_4 : Operation 24 [1/1] (0.00ns)   --->   "%specinterface_ln0 = specinterface void @_ssdm_op_SpecInterface, i32 %vector_stream, void @empty_39, i32 0, i32 0, void @empty_48, i32 0, i32 0, void @empty_48, void @empty_48, void @empty_48, i32 0, i32 0, i32 0, i32 0, void @empty_48, void @empty_48, i32 4294967295, i32 0, i32 0"   --->   Operation 24 'specinterface' 'specinterface_ln0' <Predicate = true> <Delay = 0.00>
ST_4 : Operation 25 [1/1] (0.00ns)   --->   "%specinterface_ln0 = specinterface void @_ssdm_op_SpecInterface, i32 %vector_stream, void @empty_39, i32 0, i32 0, void @empty_48, i32 0, i32 0, void @empty_48, void @empty_48, void @empty_48, i32 0, i32 0, i32 0, i32 0, void @empty_48, void @empty_48, i32 4294967295, i32 0, i32 0"   --->   Operation 25 'specinterface' 'specinterface_ln0' <Predicate = true> <Delay = 0.00>
ST_4 : Operation 26 [1/1] (0.00ns)   --->   "%specinterface_ln0 = specinterface void @_ssdm_op_SpecInterface, i32 %vector_stream, void @empty_39, i32 0, i32 0, void @empty_48, i32 0, i32 0, void @empty_48, void @empty_48, void @empty_48, i32 0, i32 0, i32 0, i32 0, void @empty_48, void @empty_48, i32 4294967295, i32 0, i32 0"   --->   Operation 26 'specinterface' 'specinterface_ln0' <Predicate = true> <Delay = 0.00>
ST_4 : Operation 27 [1/1] (0.00ns)   --->   "%specinterface_ln0 = specinterface void @_ssdm_op_SpecInterface, i32 %vector_stream, void @empty_39, i32 0, i32 0, void @empty_48, i32 0, i32 0, void @empty_48, void @empty_48, void @empty_48, i32 0, i32 0, i32 0, i32 0, void @empty_48, void @empty_48, i32 4294967295, i32 0, i32 0"   --->   Operation 27 'specinterface' 'specinterface_ln0' <Predicate = true> <Delay = 0.00>
ST_4 : Operation 28 [1/1] (0.00ns)   --->   "%specinterface_ln0 = specinterface void @_ssdm_op_SpecInterface, i32 %vector_stream, void @empty_39, i32 0, i32 0, void @empty_48, i32 0, i32 0, void @empty_48, void @empty_48, void @empty_48, i32 0, i32 0, i32 0, i32 0, void @empty_48, void @empty_48, i32 4294967295, i32 0, i32 0"   --->   Operation 28 'specinterface' 'specinterface_ln0' <Predicate = true> <Delay = 0.00>
ST_4 : Operation 29 [1/1] (0.00ns)   --->   "%specinterface_ln0 = specinterface void @_ssdm_op_SpecInterface, i32 %vector_stream, void @empty_39, i32 0, i32 0, void @empty_48, i32 0, i32 0, void @empty_48, void @empty_48, void @empty_48, i32 0, i32 0, i32 0, i32 0, void @empty_48, void @empty_48, i32 4294967295, i32 0, i32 0"   --->   Operation 29 'specinterface' 'specinterface_ln0' <Predicate = true> <Delay = 0.00>
ST_4 : Operation 30 [1/1] (0.00ns)   --->   "%specinterface_ln0 = specinterface void @_ssdm_op_SpecInterface, i32 %vector_stream, void @empty_39, i32 0, i32 0, void @empty_48, i32 0, i32 0, void @empty_48, void @empty_48, void @empty_48, i32 0, i32 0, i32 0, i32 0, void @empty_48, void @empty_48, i32 4294967295, i32 0, i32 0"   --->   Operation 30 'specinterface' 'specinterface_ln0' <Predicate = true> <Delay = 0.00>
ST_4 : Operation 31 [1/1] (0.00ns)   --->   "%specinterface_ln0 = specinterface void @_ssdm_op_SpecInterface, i32 %result_stream, void @empty_39, i32 0, i32 0, void @empty_48, i32 0, i32 0, void @empty_48, void @empty_48, void @empty_48, i32 0, i32 0, i32 0, i32 0, void @empty_48, void @empty_48, i32 4294967295, i32 0, i32 0"   --->   Operation 31 'specinterface' 'specinterface_ln0' <Predicate = true> <Delay = 0.00>
ST_4 : Operation 32 [1/1] (0.00ns)   --->   "%specinterface_ln0 = specinterface void @_ssdm_op_SpecInterface, i32 %matrix_stream, void @empty_39, i32 0, i32 0, void @empty_48, i32 0, i32 0, void @empty_48, void @empty_48, void @empty_48, i32 0, i32 0, i32 0, i32 0, void @empty_48, void @empty_48, i32 4294967295, i32 0, i32 0"   --->   Operation 32 'specinterface' 'specinterface_ln0' <Predicate = true> <Delay = 0.00>
ST_4 : Operation 33 [1/1] (0.00ns)   --->   "%specinterface_ln0 = specinterface void @_ssdm_op_SpecInterface, i32 %vector_stream, void @empty_39, i32 0, i32 0, void @empty_48, i32 0, i32 0, void @empty_48, void @empty_48, void @empty_48, i32 0, i32 0, i32 0, i32 0, void @empty_48, void @empty_48, i32 4294967295, i32 0, i32 0"   --->   Operation 33 'specinterface' 'specinterface_ln0' <Predicate = true> <Delay = 0.00>
ST_4 : Operation 34 [1/2] (0.00ns)   --->   "%call_ln0 = call void @compute_matmul3_Pipeline_execute_dot_product, i32 %compute_matmul_stream_float_0_stream_float_0_stream_float_0_int_int_vec_local, i32 %compute_matmul_stream_float_0_stream_float_0_stream_float_0_int_int_vec_local_47, i32 %compute_matmul_stream_float_0_stream_float_0_stream_float_0_int_int_vec_local_48, i32 %compute_matmul_stream_float_0_stream_float_0_stream_float_0_int_int_vec_local_49, i32 %result_stream, i32 %matrix_stream"   --->   Operation 34 'call' 'call_ln0' <Predicate = true> <Delay = 0.00> <CoreType = "Generic">   --->   Generic Core
ST_4 : Operation 35 [1/1] (0.00ns)   --->   "%ret_ln0 = ret"   --->   Operation 35 'ret' 'ret_ln0' <Predicate = true> <Delay = 0.00>


============================================================
+ Verbose Summary: Timing violations
============================================================
Target clock period: 4.000ns, clock uncertainty: 1.080ns.

 <State 1>: 0.000ns
The critical path consists of the following:

 <State 2>: 1.284ns
The critical path consists of the following:
	'call' operation 0 bit ('call_ln0') to 'compute_matmul3_Pipeline_load_vector' [32]  (1.284 ns)

 <State 3>: 0.000ns
The critical path consists of the following:

 <State 4>: 0.000ns
The critical path consists of the following:


============================================================
+ Verbose Summary: Binding
============================================================
N/A
* FSMD analyzer results:
  - Output states:
 - Input state : 
  - Chain level:
	State 1
	State 2
	State 3
	State 4


============================================================
+ Verbose Summary: Datapath Resource usage 
============================================================
N/A
