C:\Academic_Sem5\DA1\Demo\llama_hls\solution1\.autopilot\db\kernel_rope.pp.0.cpp:5808:5: warning: Added loop label VITIS_LOOP_676_1:   [xilinx-label-all-loops]
    for (unsigned i = low; i != high+1; ++i) {
    ^~~
    VITIS_LOOP_676_1: 
C:\Academic_Sem5\DA1\Demo\llama_hls\solution1\.autopilot\db\kernel_rope.pp.0.cpp:5808:5: note: FIX-IT applied suggested code changes
C:\Academic_Sem5\DA1\Demo\llama_hls\solution1\.autopilot\db\kernel_rope.pp.0.cpp:5822:5: warning: Added loop label VITIS_LOOP_690_1:   [xilinx-label-all-loops]
    for (unsigned i = low; i != high+1; ++i) {
    ^~~
    VITIS_LOOP_690_1: 
C:\Academic_Sem5\DA1\Demo\llama_hls\solution1\.autopilot\db\kernel_rope.pp.0.cpp:5822:5: note: FIX-IT applied suggested code changes
C:\Academic_Sem5\DA1\Demo\llama_hls\solution1\.autopilot\db\kernel_rope.pp.0.cpp:5836:5: warning: Added loop label VITIS_LOOP_704_1:   [xilinx-label-all-loops]
    for (unsigned i = low; i != high+1; ++i) {
    ^~~
    VITIS_LOOP_704_1: 
C:\Academic_Sem5\DA1\Demo\llama_hls\solution1\.autopilot\db\kernel_rope.pp.0.cpp:5836:5: note: FIX-IT applied suggested code changes
C:\Academic_Sem5\DA1\Demo\llama_hls\solution1\.autopilot\db\kernel_rope.pp.0.cpp:7804:7: warning: Added loop label VITIS_LOOP_1248_1:   [xilinx-label-all-loops]
      for (i = 0; i < __N - 1; ++i) {
      ^~~
      VITIS_LOOP_1248_1: 
C:\Academic_Sem5\DA1\Demo\llama_hls\solution1\.autopilot\db\kernel_rope.pp.0.cpp:7804:7: note: FIX-IT applied suggested code changes
C:\Academic_Sem5\DA1\Demo\llama_hls\solution1\.autopilot\db\kernel_rope.pp.0.cpp:13315:72: error: Invalid Directive: for current device, ROM_1P + LUTRAM is invalid combination for BIND_STORAGE's option 'type + impl' [clang-diagnostic-error]
#pragma HLS BIND_STORAGE variable=fourth_order_double::sin_cos_K0 type=ROM_1P impl=LUTRAM
                                                                       ^
C:\Academic_Sem5\DA1\Demo\llama_hls\solution1\.autopilot\db\kernel_rope.pp.0.cpp:13316:72: error: Invalid Directive: for current device, ROM_1P + LUTRAM is invalid combination for BIND_STORAGE's option 'type + impl' [clang-diagnostic-error]
#pragma HLS BIND_STORAGE variable=fourth_order_double::sin_cos_K1 type=ROM_1P impl=LUTRAM
                                                                       ^
C:\Academic_Sem5\DA1\Demo\llama_hls\solution1\.autopilot\db\kernel_rope.pp.0.cpp:13317:72: error: Invalid Directive: for current device, ROM_1P + LUTRAM is invalid combination for BIND_STORAGE's option 'type + impl' [clang-diagnostic-error]
#pragma HLS BIND_STORAGE variable=fourth_order_double::sin_cos_K2 type=ROM_1P impl=LUTRAM
                                                                       ^
C:\Academic_Sem5\DA1\Demo\llama_hls\solution1\.autopilot\db\kernel_rope.pp.0.cpp:13318:72: error: Invalid Directive: for current device, ROM_1P + LUTRAM is invalid combination for BIND_STORAGE's option 'type + impl' [clang-diagnostic-error]
#pragma HLS BIND_STORAGE variable=fourth_order_double::sin_cos_K3 type=ROM_1P impl=LUTRAM
                                                                       ^
C:\Academic_Sem5\DA1\Demo\llama_hls\solution1\.autopilot\db\kernel_rope.pp.0.cpp:13319:72: error: Invalid Directive: for current device, ROM_1P + LUTRAM is invalid combination for BIND_STORAGE's option 'type + impl' [clang-diagnostic-error]
#pragma HLS BIND_STORAGE variable=fourth_order_double::sin_cos_K4 type=ROM_1P impl=LUTRAM
                                                                       ^
C:\Academic_Sem5\DA1\Demo\llama_hls\solution1\.autopilot\db\kernel_rope.pp.0.cpp:13349:68: error: Invalid Directive: for current device, ROM_1P + LUTRAM is invalid combination for BIND_STORAGE's option 'type + impl' [clang-diagnostic-error]
#pragma HLS BIND_STORAGE variable=fourth_order_double::cos_K0 type=ROM_1P impl=LUTRAM
                                                                   ^
C:\Academic_Sem5\DA1\Demo\llama_hls\solution1\.autopilot\db\kernel_rope.pp.0.cpp:13350:68: error: Invalid Directive: for current device, ROM_1P + LUTRAM is invalid combination for BIND_STORAGE's option 'type + impl' [clang-diagnostic-error]
#pragma HLS BIND_STORAGE variable=fourth_order_double::cos_K1 type=ROM_1P impl=LUTRAM
                                                                   ^
C:\Academic_Sem5\DA1\Demo\llama_hls\solution1\.autopilot\db\kernel_rope.pp.0.cpp:13351:68: error: Invalid Directive: for current device, ROM_1P + LUTRAM is invalid combination for BIND_STORAGE's option 'type + impl' [clang-diagnostic-error]
#pragma HLS BIND_STORAGE variable=fourth_order_double::cos_K2 type=ROM_1P impl=LUTRAM
                                                                   ^
C:\Academic_Sem5\DA1\Demo\llama_hls\solution1\.autopilot\db\kernel_rope.pp.0.cpp:13352:68: error: Invalid Directive: for current device, ROM_1P + LUTRAM is invalid combination for BIND_STORAGE's option 'type + impl' [clang-diagnostic-error]
#pragma HLS BIND_STORAGE variable=fourth_order_double::cos_K3 type=ROM_1P impl=LUTRAM
                                                                   ^
C:\Academic_Sem5\DA1\Demo\llama_hls\solution1\.autopilot\db\kernel_rope.pp.0.cpp:13353:68: error: Invalid Directive: for current device, ROM_1P + LUTRAM is invalid combination for BIND_STORAGE's option 'type + impl' [clang-diagnostic-error]
#pragma HLS BIND_STORAGE variable=fourth_order_double::cos_K4 type=ROM_1P impl=LUTRAM
                                                                   ^
C:\Academic_Sem5\DA1\Demo\llama_hls\solution1\.autopilot\db\kernel_rope.pp.0.cpp:13354:68: error: Invalid Directive: for current device, ROM_1P + LUTRAM is invalid combination for BIND_STORAGE's option 'type + impl' [clang-diagnostic-error]
#pragma HLS BIND_STORAGE variable=fourth_order_double::sin_K0 type=ROM_1P impl=LUTRAM
                                                                   ^
C:\Academic_Sem5\DA1\Demo\llama_hls\solution1\.autopilot\db\kernel_rope.pp.0.cpp:13355:68: error: Invalid Directive: for current device, ROM_1P + LUTRAM is invalid combination for BIND_STORAGE's option 'type + impl' [clang-diagnostic-error]
#pragma HLS BIND_STORAGE variable=fourth_order_double::sin_K1 type=ROM_1P impl=LUTRAM
                                                                   ^
C:\Academic_Sem5\DA1\Demo\llama_hls\solution1\.autopilot\db\kernel_rope.pp.0.cpp:13356:68: error: Invalid Directive: for current device, ROM_1P + LUTRAM is invalid combination for BIND_STORAGE's option 'type + impl' [clang-diagnostic-error]
#pragma HLS BIND_STORAGE variable=fourth_order_double::sin_K2 type=ROM_1P impl=LUTRAM
                                                                   ^
C:\Academic_Sem5\DA1\Demo\llama_hls\solution1\.autopilot\db\kernel_rope.pp.0.cpp:13357:68: error: Invalid Directive: for current device, ROM_1P + LUTRAM is invalid combination for BIND_STORAGE's option 'type + impl' [clang-diagnostic-error]
#pragma HLS BIND_STORAGE variable=fourth_order_double::sin_K3 type=ROM_1P impl=LUTRAM
                                                                   ^
C:\Academic_Sem5\DA1\Demo\llama_hls\solution1\.autopilot\db\kernel_rope.pp.0.cpp:13358:68: error: Invalid Directive: for current device, ROM_1P + LUTRAM is invalid combination for BIND_STORAGE's option 'type + impl' [clang-diagnostic-error]
#pragma HLS BIND_STORAGE variable=fourth_order_double::sin_K4 type=ROM_1P impl=LUTRAM
                                                                   ^
C:\Academic_Sem5\DA1\Demo\llama_hls\solution1\.autopilot\db\kernel_rope.pp.0.cpp:13408:71: error: Invalid Directive: for current device, ROM_1P + LUTRAM is invalid combination for BIND_STORAGE's option 'type + impl' [clang-diagnostic-error]
#pragma HLS BIND_STORAGE variable=second_order_float::sin_cos_K0 type=ROM_1P impl=LUTRAM
                                                                      ^
C:\Academic_Sem5\DA1\Demo\llama_hls\solution1\.autopilot\db\kernel_rope.pp.0.cpp:13409:71: error: Invalid Directive: for current device, ROM_1P + LUTRAM is invalid combination for BIND_STORAGE's option 'type + impl' [clang-diagnostic-error]
#pragma HLS BIND_STORAGE variable=second_order_float::sin_cos_K1 type=ROM_1P impl=LUTRAM
                                                                      ^
C:\Academic_Sem5\DA1\Demo\llama_hls\solution1\.autopilot\db\kernel_rope.pp.0.cpp:13410:71: error: Invalid Directive: for current device, ROM_1P + LUTRAM is invalid combination for BIND_STORAGE's option 'type + impl' [clang-diagnostic-error]
#pragma HLS BIND_STORAGE variable=second_order_float::sin_cos_K2 type=ROM_1P impl=LUTRAM
                                                                      ^
C:\Academic_Sem5\DA1\Demo\llama_hls\solution1\.autopilot\db\kernel_rope.pp.0.cpp:13437:67: error: Invalid Directive: for current device, ROM_1P + LUTRAM is invalid combination for BIND_STORAGE's option 'type + impl' [clang-diagnostic-error]
#pragma HLS BIND_STORAGE variable=second_order_float::cos_K0 type=ROM_1P impl=LUTRAM
                                                                  ^
C:\Academic_Sem5\DA1\Demo\llama_hls\solution1\.autopilot\db\kernel_rope.pp.0.cpp:13438:67: error: Invalid Directive: for current device, ROM_1P + LUTRAM is invalid combination for BIND_STORAGE's option 'type + impl' [clang-diagnostic-error]
#pragma HLS BIND_STORAGE variable=second_order_float::cos_K1 type=ROM_1P impl=LUTRAM
                                                                  ^
C:\Academic_Sem5\DA1\Demo\llama_hls\solution1\.autopilot\db\kernel_rope.pp.0.cpp:13439:67: error: Invalid Directive: for current device, ROM_1P + LUTRAM is invalid combination for BIND_STORAGE's option 'type + impl' [clang-diagnostic-error]
#pragma HLS BIND_STORAGE variable=second_order_float::cos_K2 type=ROM_1P impl=LUTRAM
                                                                  ^
C:\Academic_Sem5\DA1\Demo\llama_hls\solution1\.autopilot\db\kernel_rope.pp.0.cpp:13440:67: error: Invalid Directive: for current device, ROM_1P + LUTRAM is invalid combination for BIND_STORAGE's option 'type + impl' [clang-diagnostic-error]
#pragma HLS BIND_STORAGE variable=second_order_float::sin_K0 type=ROM_1P impl=LUTRAM
                                                                  ^
C:\Academic_Sem5\DA1\Demo\llama_hls\solution1\.autopilot\db\kernel_rope.pp.0.cpp:13441:67: error: Invalid Directive: for current device, ROM_1P + LUTRAM is invalid combination for BIND_STORAGE's option 'type + impl' [clang-diagnostic-error]
#pragma HLS BIND_STORAGE variable=second_order_float::sin_K1 type=ROM_1P impl=LUTRAM
                                                                  ^
C:\Academic_Sem5\DA1\Demo\llama_hls\solution1\.autopilot\db\kernel_rope.pp.0.cpp:13442:67: error: Invalid Directive: for current device, ROM_1P + LUTRAM is invalid combination for BIND_STORAGE's option 'type + impl' [clang-diagnostic-error]
#pragma HLS BIND_STORAGE variable=second_order_float::sin_K2 type=ROM_1P impl=LUTRAM
                                                                  ^
C:\Academic_Sem5\DA1\Demo\llama_hls\solution1\.autopilot\db\kernel_rope.pp.0.cpp:13478:73: error: Invalid Directive: for current device, ROM_1P + LUTRAM is invalid combination for BIND_STORAGE's option 'type + impl' [clang-diagnostic-error]
#pragma HLS BIND_STORAGE variable=first_order_fixed_16::sin_cos_K0 type=ROM_1P impl=LUTRAM
                                                                        ^
C:\Academic_Sem5\DA1\Demo\llama_hls\solution1\.autopilot\db\kernel_rope.pp.0.cpp:13479:73: error: Invalid Directive: for current device, ROM_1P + LUTRAM is invalid combination for BIND_STORAGE's option 'type + impl' [clang-diagnostic-error]
#pragma HLS BIND_STORAGE variable=first_order_fixed_16::sin_cos_K1 type=ROM_1P impl=LUTRAM
                                                                        ^
C:\Academic_Sem5\DA1\Demo\llama_hls\solution1\.autopilot\db\kernel_rope.pp.0.cpp:13753:5: warning: Added loop label VITIS_LOOP_61_1:   [xilinx-label-all-loops]
    for (int n=0; n<Nmax; n++){
    ^~~
    VITIS_LOOP_61_1: 
C:\Academic_Sem5\DA1\Demo\llama_hls\solution1\.autopilot\db\kernel_rope.pp.0.cpp:13753:5: note: FIX-IT applied suggested code changes
C:\Academic_Sem5\DA1\Demo\llama_hls\solution1\.autopilot\db\kernel_rope.pp.0.cpp:13799:5: warning: Added loop label VITIS_LOOP_117_1:   [xilinx-label-all-loops]
    for (int n=0; n<Nmax; n++){
    ^~~
    VITIS_LOOP_117_1: 
C:\Academic_Sem5\DA1\Demo\llama_hls\solution1\.autopilot\db\kernel_rope.pp.0.cpp:13799:5: note: FIX-IT applied suggested code changes
C:\Academic_Sem5\DA1\Demo\llama_hls\solution1\.autopilot\db\kernel_rope.pp.0.cpp:13962:9: warning: Added loop label VITIS_LOOP_289_1:   [xilinx-label-all-loops]
        for(int i=0;i<W-1;i++){
        ^~~
        VITIS_LOOP_289_1: 
C:\Academic_Sem5\DA1\Demo\llama_hls\solution1\.autopilot\db\kernel_rope.pp.0.cpp:13962:9: note: FIX-IT applied suggested code changes
C:\Academic_Sem5\DA1\Demo\llama_hls\solution1\.autopilot\db\kernel_rope.pp.0.cpp:14114:9: warning: Added loop label VITIS_LOOP_449_1:   [xilinx-label-all-loops]
        for(int i=0;i<W-1;i++){
        ^~~
        VITIS_LOOP_449_1: 
C:\Academic_Sem5\DA1\Demo\llama_hls\solution1\.autopilot\db\kernel_rope.pp.0.cpp:14114:9: note: FIX-IT applied suggested code changes
C:\Academic_Sem5\DA1\Demo\llama_hls\solution1\.autopilot\db\kernel_rope.pp.0.cpp:14294:5: warning: Added loop label VITIS_LOOP_629_1:   [xilinx-label-all-loops]
    for(int i=0;i<W+1;i++){
    ^~~
    VITIS_LOOP_629_1: 
C:\Academic_Sem5\DA1\Demo\llama_hls\solution1\.autopilot\db\kernel_rope.pp.0.cpp:14294:5: note: FIX-IT applied suggested code changes
C:\Academic_Sem5\DA1\Demo\llama_hls\solution1\.autopilot\db\kernel_rope.pp.0.cpp:14298:5: warning: Added loop label VITIS_LOOP_633_2:   [xilinx-label-all-loops]
    for(int i=0;i<W+1;i++){
    ^~~
    VITIS_LOOP_633_2: 
C:\Academic_Sem5\DA1\Demo\llama_hls\solution1\.autopilot\db\kernel_rope.pp.0.cpp:14298:5: note: FIX-IT applied suggested code changes
C:\Academic_Sem5\DA1\Demo\llama_hls\solution1\.autopilot\db\kernel_rope.pp.0.cpp:14408:5: warning: Added loop label VITIS_LOOP_743_1:   [xilinx-label-all-loops]
    for (int n=0; n<Nmax; n++){
    ^~~
    VITIS_LOOP_743_1: 
C:\Academic_Sem5\DA1\Demo\llama_hls\solution1\.autopilot\db\kernel_rope.pp.0.cpp:14408:5: note: FIX-IT applied suggested code changes
C:\Academic_Sem5\DA1\Demo\llama_hls\solution1\.autopilot\db\kernel_rope.pp.0.cpp:14498:7: warning: Added loop label VITIS_LOOP_840_1:   [xilinx-label-all-loops]
      for(int i=0;i<W-1;i++){
      ^~~
      VITIS_LOOP_840_1: 
C:\Academic_Sem5\DA1\Demo\llama_hls\solution1\.autopilot\db\kernel_rope.pp.0.cpp:14498:7: note: FIX-IT applied suggested code changes
C:\Academic_Sem5\DA1\Demo\llama_hls\solution1\.autopilot\db\kernel_rope.pp.0.cpp:14517:7: warning: Added loop label VITIS_LOOP_859_2:   [xilinx-label-all-loops]
      for(int i=0;i<W-1;i++){
      ^~~
      VITIS_LOOP_859_2: 
C:\Academic_Sem5\DA1\Demo\llama_hls\solution1\.autopilot\db\kernel_rope.pp.0.cpp:14517:7: note: FIX-IT applied suggested code changes
C:\Academic_Sem5\DA1\Demo\llama_hls\solution1\.autopilot\db\kernel_rope.pp.0.cpp:14807:5: warning: Added loop label VITIS_LOOP_1173_1:   [xilinx-label-all-loops]
    for(int i=0; i<Nmax; i++) {
    ^~~
    VITIS_LOOP_1173_1: 
C:\Academic_Sem5\DA1\Demo\llama_hls\solution1\.autopilot\db\kernel_rope.pp.0.cpp:14807:5: note: FIX-IT applied suggested code changes
C:\Academic_Sem5\DA1\Demo\llama_hls\solution1\.autopilot\db\kernel_rope.pp.0.cpp:14890:5: warning: Added loop label VITIS_LOOP_1256_1:   [xilinx-label-all-loops]
    for(int i=0; i<Nmax; i++) {
    ^~~
    VITIS_LOOP_1256_1: 
C:\Academic_Sem5\DA1\Demo\llama_hls\solution1\.autopilot\db\kernel_rope.pp.0.cpp:14890:5: note: FIX-IT applied suggested code changes
C:\Academic_Sem5\DA1\Demo\llama_hls\solution1\.autopilot\db\kernel_rope.pp.0.cpp:15296:13: warning: Added loop label VITIS_LOOP_68_1:   [xilinx-label-all-loops]
            for (int j = 3; j >= I_+1; j--) {
            ^~~
            VITIS_LOOP_68_1: 
C:\Academic_Sem5\DA1\Demo\llama_hls\solution1\.autopilot\db\kernel_rope.pp.0.cpp:15296:13: note: FIX-IT applied suggested code changes
C:\Academic_Sem5\DA1\Demo\llama_hls\solution1\.autopilot\db\kernel_rope.pp.0.cpp:15302:17: warning: Added loop label VITIS_LOOP_74_2:   [xilinx-label-all-loops]
                for (int j = 3; j >= I_+1; j--){
                ^~~
                VITIS_LOOP_74_2: 
C:\Academic_Sem5\DA1\Demo\llama_hls\solution1\.autopilot\db\kernel_rope.pp.0.cpp:15302:17: note: FIX-IT applied suggested code changes
C:\Academic_Sem5\DA1\Demo\llama_hls\solution1\.autopilot\db\kernel_rope.pp.0.cpp:15306:17: warning: Added loop label VITIS_LOOP_78_3:   [xilinx-label-all-loops]
                for (int j = I_; j >= 0; j--){
                ^~~
                VITIS_LOOP_78_3: 
C:\Academic_Sem5\DA1\Demo\llama_hls\solution1\.autopilot\db\kernel_rope.pp.0.cpp:15306:17: note: FIX-IT applied suggested code changes
C:\Academic_Sem5\DA1\Demo\llama_hls\solution1\.autopilot\db\kernel_rope.pp.0.cpp:15353:13: warning: Added loop label VITIS_LOOP_145_4:   [xilinx-label-all-loops]
            for (int j = 9; j >= I_+4; j--) {
            ^~~
            VITIS_LOOP_145_4: 
C:\Academic_Sem5\DA1\Demo\llama_hls\solution1\.autopilot\db\kernel_rope.pp.0.cpp:15353:13: note: FIX-IT applied suggested code changes
C:\Academic_Sem5\DA1\Demo\llama_hls\solution1\.autopilot\db\kernel_rope.pp.0.cpp:15359:17: warning: Added loop label VITIS_LOOP_151_5:   [xilinx-label-all-loops]
                for (int j = 9; j >= I_+4; j--){
                ^~~
                VITIS_LOOP_151_5: 
C:\Academic_Sem5\DA1\Demo\llama_hls\solution1\.autopilot\db\kernel_rope.pp.0.cpp:15359:17: note: FIX-IT applied suggested code changes
C:\Academic_Sem5\DA1\Demo\llama_hls\solution1\.autopilot\db\kernel_rope.pp.0.cpp:15363:17: warning: Added loop label VITIS_LOOP_155_6:   [xilinx-label-all-loops]
                for (int j = I_+3; j >= 0; j--){
                ^~~
                VITIS_LOOP_155_6: 
C:\Academic_Sem5\DA1\Demo\llama_hls\solution1\.autopilot\db\kernel_rope.pp.0.cpp:15363:17: note: FIX-IT applied suggested code changes
C:\Academic_Sem5\DA1\Demo\llama_hls\solution1\.autopilot\db\kernel_rope.pp.0.cpp:15378:9: warning: Added loop label VITIS_LOOP_170_7:   [xilinx-label-all-loops]
        for (int j = 14; j < 22; j++){
        ^~~
        VITIS_LOOP_170_7: 
C:\Academic_Sem5\DA1\Demo\llama_hls\solution1\.autopilot\db\kernel_rope.pp.0.cpp:15378:9: note: FIX-IT applied suggested code changes
C:\Academic_Sem5\DA1\Demo\llama_hls\solution1\.autopilot\db\kernel_rope.pp.0.cpp:15386:17: warning: Added loop label VITIS_LOOP_178_8:   [xilinx-label-all-loops]
                for (int j = 0; j < 22; j++){
                ^~~
                VITIS_LOOP_178_8: 
C:\Academic_Sem5\DA1\Demo\llama_hls\solution1\.autopilot\db\kernel_rope.pp.0.cpp:15386:17: note: FIX-IT applied suggested code changes
C:\Academic_Sem5\DA1\Demo\llama_hls\solution1\.autopilot\db\kernel_rope.pp.0.cpp:15451:13: warning: Added loop label VITIS_LOOP_243_9:   [xilinx-label-all-loops]
            for (int j = 21; j >= I_+10; j--) {
            ^~~
            VITIS_LOOP_243_9: 
C:\Academic_Sem5\DA1\Demo\llama_hls\solution1\.autopilot\db\kernel_rope.pp.0.cpp:15451:13: note: FIX-IT applied suggested code changes
C:\Academic_Sem5\DA1\Demo\llama_hls\solution1\.autopilot\db\kernel_rope.pp.0.cpp:15457:17: warning: Added loop label VITIS_LOOP_249_10:   [xilinx-label-all-loops]
                for (int j = 21; j >= I_+10; j--) {
                ^~~
                VITIS_LOOP_249_10: 
C:\Academic_Sem5\DA1\Demo\llama_hls\solution1\.autopilot\db\kernel_rope.pp.0.cpp:15457:17: note: FIX-IT applied suggested code changes
C:\Academic_Sem5\DA1\Demo\llama_hls\solution1\.autopilot\db\kernel_rope.pp.0.cpp:15461:17: warning: Added loop label VITIS_LOOP_253_11:   [xilinx-label-all-loops]
                for (int j = I_+9; j >= 0; j--) {
                ^~~
                VITIS_LOOP_253_11: 
C:\Academic_Sem5\DA1\Demo\llama_hls\solution1\.autopilot\db\kernel_rope.pp.0.cpp:15461:17: note: FIX-IT applied suggested code changes
C:\Academic_Sem5\DA1\Demo\llama_hls\solution1\.autopilot\db\kernel_rope.pp.0.cpp:15476:9: warning: Added loop label VITIS_LOOP_268_12:   [xilinx-label-all-loops]
        for (int j = 27; j < 46; j++){
        ^~~
        VITIS_LOOP_268_12: 
C:\Academic_Sem5\DA1\Demo\llama_hls\solution1\.autopilot\db\kernel_rope.pp.0.cpp:15476:9: note: FIX-IT applied suggested code changes
C:\Academic_Sem5\DA1\Demo\llama_hls\solution1\.autopilot\db\kernel_rope.pp.0.cpp:15484:17: warning: Added loop label VITIS_LOOP_276_13:   [xilinx-label-all-loops]
                for (int j = 0; j < 46; j++) {
                ^~~
                VITIS_LOOP_276_13: 
C:\Academic_Sem5\DA1\Demo\llama_hls\solution1\.autopilot\db\kernel_rope.pp.0.cpp:15484:17: note: FIX-IT applied suggested code changes
C:\Academic_Sem5\DA1\Demo\llama_hls\solution1\.autopilot\db\kernel_rope.pp.0.cpp:15713:13: warning: Added loop label VITIS_LOOP_505_14:   [xilinx-label-all-loops]
            for (int j = 45; j >= I_+22; j--) {
            ^~~
            VITIS_LOOP_505_14: 
C:\Academic_Sem5\DA1\Demo\llama_hls\solution1\.autopilot\db\kernel_rope.pp.0.cpp:15713:13: note: FIX-IT applied suggested code changes
C:\Academic_Sem5\DA1\Demo\llama_hls\solution1\.autopilot\db\kernel_rope.pp.0.cpp:15719:17: warning: Added loop label VITIS_LOOP_511_15:   [xilinx-label-all-loops]
                for (int j = 45; j >= I_+22; j--){
                ^~~
                VITIS_LOOP_511_15: 
C:\Academic_Sem5\DA1\Demo\llama_hls\solution1\.autopilot\db\kernel_rope.pp.0.cpp:15719:17: note: FIX-IT applied suggested code changes
C:\Academic_Sem5\DA1\Demo\llama_hls\solution1\.autopilot\db\kernel_rope.pp.0.cpp:15723:17: warning: Added loop label VITIS_LOOP_515_16:   [xilinx-label-all-loops]
                for (int j = I_+21; j >= 0; j--) {
                ^~~
                VITIS_LOOP_515_16: 
C:\Academic_Sem5\DA1\Demo\llama_hls\solution1\.autopilot\db\kernel_rope.pp.0.cpp:15723:17: note: FIX-IT applied suggested code changes
C:\Academic_Sem5\DA1\Demo\llama_hls\solution1\.autopilot\db\kernel_rope.pp.0.cpp:15733:9: warning: Added loop label VITIS_LOOP_525_17:   [xilinx-label-all-loops]
        for (int j = 32-F_; j < 32+I_; j++){
        ^~~
        VITIS_LOOP_525_17: 
C:\Academic_Sem5\DA1\Demo\llama_hls\solution1\.autopilot\db\kernel_rope.pp.0.cpp:15733:9: note: FIX-IT applied suggested code changes
C:\Academic_Sem5\DA1\Demo\llama_hls\solution1\.autopilot\db\kernel_rope.pp.0.cpp:15737:9: warning: Added loop label VITIS_LOOP_529_18:   [xilinx-label-all-loops]
        for (int j = 32+I_; j <= 64; j++){
        ^~~
        VITIS_LOOP_529_18: 
C:\Academic_Sem5\DA1\Demo\llama_hls\solution1\.autopilot\db\kernel_rope.pp.0.cpp:15737:9: note: FIX-IT applied suggested code changes
C:\Academic_Sem5\DA1\Demo\llama_hls\solution1\.autopilot\db\kernel_rope.pp.0.cpp:15747:9: warning: Added loop label VITIS_LOOP_539_19:   [xilinx-label-all-loops]
        for (int j = 37; j < 64; j++) {
        ^~~
        VITIS_LOOP_539_19: 
C:\Academic_Sem5\DA1\Demo\llama_hls\solution1\.autopilot\db\kernel_rope.pp.0.cpp:15747:9: note: FIX-IT applied suggested code changes
C:\Academic_Sem5\DA1\Demo\llama_hls\solution1\.autopilot\db\kernel_rope.pp.0.cpp:15755:17: warning: Added loop label VITIS_LOOP_547_20:   [xilinx-label-all-loops]
                for (int j = 0; j < 64; j++){
                ^~~
                VITIS_LOOP_547_20: 
C:\Academic_Sem5\DA1\Demo\llama_hls\solution1\.autopilot\db\kernel_rope.pp.0.cpp:15755:17: note: FIX-IT applied suggested code changes
C:\Academic_Sem5\DA1\Demo\llama_hls\solution1\.autopilot\db\kernel_rope.pp.0.cpp:16116:13: warning: Added loop label VITIS_LOOP_908_21:   [xilinx-label-all-loops]
            for (int j = 63; j >= I_+31; j--) {
            ^~~
            VITIS_LOOP_908_21: 
C:\Academic_Sem5\DA1\Demo\llama_hls\solution1\.autopilot\db\kernel_rope.pp.0.cpp:16116:13: note: FIX-IT applied suggested code changes
C:\Academic_Sem5\DA1\Demo\llama_hls\solution1\.autopilot\db\kernel_rope.pp.0.cpp:16122:17: warning: Added loop label VITIS_LOOP_914_22:   [xilinx-label-all-loops]
                for (int j = 63; j >= I_+31; j--) {
                ^~~
                VITIS_LOOP_914_22: 
C:\Academic_Sem5\DA1\Demo\llama_hls\solution1\.autopilot\db\kernel_rope.pp.0.cpp:16122:17: note: FIX-IT applied suggested code changes
C:\Academic_Sem5\DA1\Demo\llama_hls\solution1\.autopilot\db\kernel_rope.pp.0.cpp:16126:17: warning: Added loop label VITIS_LOOP_918_23:   [xilinx-label-all-loops]
                for (int j = I_+30; j >= 0; j--) {
                ^~~
                VITIS_LOOP_918_23: 
C:\Academic_Sem5\DA1\Demo\llama_hls\solution1\.autopilot\db\kernel_rope.pp.0.cpp:16126:17: note: FIX-IT applied suggested code changes
C:\Academic_Sem5\DA1\Demo\llama_hls\solution1\.autopilot\db\kernel_rope.pp.0.cpp:16242:13: warning: Added loop label VITIS_LOOP_1034_1:   [xilinx-label-all-loops]
            for (int j = 4; j >= I_+1; j--) {
            ^~~
            VITIS_LOOP_1034_1: 
C:\Academic_Sem5\DA1\Demo\llama_hls\solution1\.autopilot\db\kernel_rope.pp.0.cpp:16242:13: note: FIX-IT applied suggested code changes
C:\Academic_Sem5\DA1\Demo\llama_hls\solution1\.autopilot\db\kernel_rope.pp.0.cpp:16248:17: warning: Added loop label VITIS_LOOP_1040_2:   [xilinx-label-all-loops]
                for (int j = 4; j >= I_+1; j--) {
                ^~~
                VITIS_LOOP_1040_2: 
C:\Academic_Sem5\DA1\Demo\llama_hls\solution1\.autopilot\db\kernel_rope.pp.0.cpp:16248:17: note: FIX-IT applied suggested code changes
C:\Academic_Sem5\DA1\Demo\llama_hls\solution1\.autopilot\db\kernel_rope.pp.0.cpp:16252:17: warning: Added loop label VITIS_LOOP_1044_3:   [xilinx-label-all-loops]
                for (int j = I_; j >= 0; j--) {
                ^~~
                VITIS_LOOP_1044_3: 
C:\Academic_Sem5\DA1\Demo\llama_hls\solution1\.autopilot\db\kernel_rope.pp.0.cpp:16252:17: note: FIX-IT applied suggested code changes
C:\Academic_Sem5\DA1\Demo\llama_hls\solution1\.autopilot\db\kernel_rope.pp.0.cpp:16339:13: warning: Added loop label VITIS_LOOP_1131_4:   [xilinx-label-all-loops]
            for (int j = 10; j >= I_+4; j--) {
            ^~~
            VITIS_LOOP_1131_4: 
C:\Academic_Sem5\DA1\Demo\llama_hls\solution1\.autopilot\db\kernel_rope.pp.0.cpp:16339:13: note: FIX-IT applied suggested code changes
C:\Academic_Sem5\DA1\Demo\llama_hls\solution1\.autopilot\db\kernel_rope.pp.0.cpp:16345:17: warning: Added loop label VITIS_LOOP_1137_5:   [xilinx-label-all-loops]
                for (int j = 10; j >= I_+4; j--) {
                ^~~
                VITIS_LOOP_1137_5: 
C:\Academic_Sem5\DA1\Demo\llama_hls\solution1\.autopilot\db\kernel_rope.pp.0.cpp:16345:17: note: FIX-IT applied suggested code changes
C:\Academic_Sem5\DA1\Demo\llama_hls\solution1\.autopilot\db\kernel_rope.pp.0.cpp:16349:17: warning: Added loop label VITIS_LOOP_1141_6:   [xilinx-label-all-loops]
                for (int j = I_+3; j >= 0; j--) {
                ^~~
                VITIS_LOOP_1141_6: 
C:\Academic_Sem5\DA1\Demo\llama_hls\solution1\.autopilot\db\kernel_rope.pp.0.cpp:16349:17: note: FIX-IT applied suggested code changes
C:\Academic_Sem5\DA1\Demo\llama_hls\solution1\.autopilot\db\kernel_rope.pp.0.cpp:16368:9: warning: Added loop label VITIS_LOOP_1160_7:   [xilinx-label-all-loops]
        for (int j = wf+3; j < w-1; j++) {
        ^~~
        VITIS_LOOP_1160_7: 
C:\Academic_Sem5\DA1\Demo\llama_hls\solution1\.autopilot\db\kernel_rope.pp.0.cpp:16368:9: note: FIX-IT applied suggested code changes
C:\Academic_Sem5\DA1\Demo\llama_hls\solution1\.autopilot\db\kernel_rope.pp.0.cpp:16375:17: warning: Added loop label VITIS_LOOP_1167_8:   [xilinx-label-all-loops]
                for (int j = 0; j < 22; j++) {
                ^~~
                VITIS_LOOP_1167_8: 
C:\Academic_Sem5\DA1\Demo\llama_hls\solution1\.autopilot\db\kernel_rope.pp.0.cpp:16375:17: note: FIX-IT applied suggested code changes
C:\Academic_Sem5\DA1\Demo\llama_hls\solution1\.autopilot\db\kernel_rope.pp.0.cpp:16491:13: warning: Added loop label VITIS_LOOP_1283_9:   [xilinx-label-all-loops]
            for (int j = 22; j >= I_+10; j--) {
            ^~~
            VITIS_LOOP_1283_9: 
C:\Academic_Sem5\DA1\Demo\llama_hls\solution1\.autopilot\db\kernel_rope.pp.0.cpp:16491:13: note: FIX-IT applied suggested code changes
C:\Academic_Sem5\DA1\Demo\llama_hls\solution1\.autopilot\db\kernel_rope.pp.0.cpp:16497:17: warning: Added loop label VITIS_LOOP_1289_10:   [xilinx-label-all-loops]
                for (int j = 22; j >= I_+10; j--){
                ^~~
                VITIS_LOOP_1289_10: 
C:\Academic_Sem5\DA1\Demo\llama_hls\solution1\.autopilot\db\kernel_rope.pp.0.cpp:16497:17: note: FIX-IT applied suggested code changes
C:\Academic_Sem5\DA1\Demo\llama_hls\solution1\.autopilot\db\kernel_rope.pp.0.cpp:16501:17: warning: Added loop label VITIS_LOOP_1293_11:   [xilinx-label-all-loops]
                for (int j = I_+9; j >= 0; j--) {
                ^~~
                VITIS_LOOP_1293_11: 
C:\Academic_Sem5\DA1\Demo\llama_hls\solution1\.autopilot\db\kernel_rope.pp.0.cpp:16501:17: note: FIX-IT applied suggested code changes
C:\Academic_Sem5\DA1\Demo\llama_hls\solution1\.autopilot\db\kernel_rope.pp.0.cpp:16521:9: warning: Added loop label VITIS_LOOP_1313_12:   [xilinx-label-all-loops]
        for (int j = wf+4; j < w-1; j++){
        ^~~
        VITIS_LOOP_1313_12: 
C:\Academic_Sem5\DA1\Demo\llama_hls\solution1\.autopilot\db\kernel_rope.pp.0.cpp:16521:9: note: FIX-IT applied suggested code changes
C:\Academic_Sem5\DA1\Demo\llama_hls\solution1\.autopilot\db\kernel_rope.pp.0.cpp:16528:17: warning: Added loop label VITIS_LOOP_1320_13:   [xilinx-label-all-loops]
                for (int j = 0; j < 46; j++) {
                ^~~
                VITIS_LOOP_1320_13: 
C:\Academic_Sem5\DA1\Demo\llama_hls\solution1\.autopilot\db\kernel_rope.pp.0.cpp:16528:17: note: FIX-IT applied suggested code changes
C:\Academic_Sem5\DA1\Demo\llama_hls\solution1\.autopilot\db\kernel_rope.pp.0.cpp:16790:13: warning: Added loop label VITIS_LOOP_1582_14:   [xilinx-label-all-loops]
            for (int j = 46; j >= I_+22; j--) {
            ^~~
            VITIS_LOOP_1582_14: 
C:\Academic_Sem5\DA1\Demo\llama_hls\solution1\.autopilot\db\kernel_rope.pp.0.cpp:16790:13: note: FIX-IT applied suggested code changes
C:\Academic_Sem5\DA1\Demo\llama_hls\solution1\.autopilot\db\kernel_rope.pp.0.cpp:16796:17: warning: Added loop label VITIS_LOOP_1588_15:   [xilinx-label-all-loops]
                for (int j = 46; j >= I_+22; j--) {
                ^~~
                VITIS_LOOP_1588_15: 
C:\Academic_Sem5\DA1\Demo\llama_hls\solution1\.autopilot\db\kernel_rope.pp.0.cpp:16796:17: note: FIX-IT applied suggested code changes
C:\Academic_Sem5\DA1\Demo\llama_hls\solution1\.autopilot\db\kernel_rope.pp.0.cpp:16800:17: warning: Added loop label VITIS_LOOP_1592_16:   [xilinx-label-all-loops]
                for (int j = I_+21; j >= 0; j--) {
                ^~~
                VITIS_LOOP_1592_16: 
C:\Academic_Sem5\DA1\Demo\llama_hls\solution1\.autopilot\db\kernel_rope.pp.0.cpp:16800:17: note: FIX-IT applied suggested code changes
C:\Academic_Sem5\DA1\Demo\llama_hls\solution1\.autopilot\db\kernel_rope.pp.0.cpp:16824:9: warning: Added loop label VITIS_LOOP_1616_17:   [xilinx-label-all-loops]
        for (int j = wf+5; j < w-1; j++){
        ^~~
        VITIS_LOOP_1616_17: 
C:\Academic_Sem5\DA1\Demo\llama_hls\solution1\.autopilot\db\kernel_rope.pp.0.cpp:16824:9: note: FIX-IT applied suggested code changes
C:\Academic_Sem5\DA1\Demo\llama_hls\solution1\.autopilot\db\kernel_rope.pp.0.cpp:16831:17: warning: Added loop label VITIS_LOOP_1623_18:   [xilinx-label-all-loops]
                for (int j = 0; j < 64; j++) {
                ^~~
                VITIS_LOOP_1623_18: 
C:\Academic_Sem5\DA1\Demo\llama_hls\solution1\.autopilot\db\kernel_rope.pp.0.cpp:16831:17: note: FIX-IT applied suggested code changes
C:\Academic_Sem5\DA1\Demo\llama_hls\solution1\.autopilot\db\kernel_rope.pp.0.cpp:17261:13: warning: Added loop label VITIS_LOOP_2053_19:   [xilinx-label-all-loops]
            for (int j = 64; j >= I_+31; j--) {
            ^~~
            VITIS_LOOP_2053_19: 
C:\Academic_Sem5\DA1\Demo\llama_hls\solution1\.autopilot\db\kernel_rope.pp.0.cpp:17261:13: note: FIX-IT applied suggested code changes
C:\Academic_Sem5\DA1\Demo\llama_hls\solution1\.autopilot\db\kernel_rope.pp.0.cpp:17267:17: warning: Added loop label VITIS_LOOP_2059_20:   [xilinx-label-all-loops]
                for (int j = 64; j >= I_+31; j--) {
                ^~~
                VITIS_LOOP_2059_20: 
C:\Academic_Sem5\DA1\Demo\llama_hls\solution1\.autopilot\db\kernel_rope.pp.0.cpp:17267:17: note: FIX-IT applied suggested code changes
C:\Academic_Sem5\DA1\Demo\llama_hls\solution1\.autopilot\db\kernel_rope.pp.0.cpp:17271:17: warning: Added loop label VITIS_LOOP_2063_21:   [xilinx-label-all-loops]
                for (int j = I_+30; j >= 0; j--) {
                ^~~
                VITIS_LOOP_2063_21: 
C:\Academic_Sem5\DA1\Demo\llama_hls\solution1\.autopilot\db\kernel_rope.pp.0.cpp:17271:17: note: FIX-IT applied suggested code changes
C:\Academic_Sem5\DA1\Demo\llama_hls\solution1\.autopilot\db\kernel_rope.pp.0.cpp:17400:13: warning: Added loop label VITIS_LOOP_2192_1:   [xilinx-label-all-loops]
            for(int j=3; j>=I+1; j--) {
            ^~~
            VITIS_LOOP_2192_1: 
C:\Academic_Sem5\DA1\Demo\llama_hls\solution1\.autopilot\db\kernel_rope.pp.0.cpp:17400:13: note: FIX-IT applied suggested code changes
C:\Academic_Sem5\DA1\Demo\llama_hls\solution1\.autopilot\db\kernel_rope.pp.0.cpp:17407:17: warning: Added loop label VITIS_LOOP_2199_2:   [xilinx-label-all-loops]
                for(int j=3; j>=I+1; j--) {
                ^~~
                VITIS_LOOP_2199_2: 
C:\Academic_Sem5\DA1\Demo\llama_hls\solution1\.autopilot\db\kernel_rope.pp.0.cpp:17407:17: note: FIX-IT applied suggested code changes
C:\Academic_Sem5\DA1\Demo\llama_hls\solution1\.autopilot\db\kernel_rope.pp.0.cpp:17411:17: warning: Added loop label VITIS_LOOP_2203_3:   [xilinx-label-all-loops]
                for(int j=I; j>=0; j--) {
                ^~~
                VITIS_LOOP_2203_3: 
C:\Academic_Sem5\DA1\Demo\llama_hls\solution1\.autopilot\db\kernel_rope.pp.0.cpp:17411:17: note: FIX-IT applied suggested code changes
C:\Academic_Sem5\DA1\Demo\llama_hls\solution1\.autopilot\db\kernel_rope.pp.0.cpp:17458:13: warning: Added loop label VITIS_LOOP_2250_4:   [xilinx-label-all-loops]
            for(int j=7; j>=3+I; j--) {
            ^~~
            VITIS_LOOP_2250_4: 
C:\Academic_Sem5\DA1\Demo\llama_hls\solution1\.autopilot\db\kernel_rope.pp.0.cpp:17458:13: note: FIX-IT applied suggested code changes
C:\Academic_Sem5\DA1\Demo\llama_hls\solution1\.autopilot\db\kernel_rope.pp.0.cpp:17465:17: warning: Added loop label VITIS_LOOP_2257_5:   [xilinx-label-all-loops]
                for(int j=7; j>=3+I; j--) {
                ^~~
                VITIS_LOOP_2257_5: 
C:\Academic_Sem5\DA1\Demo\llama_hls\solution1\.autopilot\db\kernel_rope.pp.0.cpp:17465:17: note: FIX-IT applied suggested code changes
C:\Academic_Sem5\DA1\Demo\llama_hls\solution1\.autopilot\db\kernel_rope.pp.0.cpp:17469:17: warning: Added loop label VITIS_LOOP_2261_6:   [xilinx-label-all-loops]
                for(int j=I+2; j>=0; j--) {
                ^~~
                VITIS_LOOP_2261_6: 
C:\Academic_Sem5\DA1\Demo\llama_hls\solution1\.autopilot\db\kernel_rope.pp.0.cpp:17469:17: note: FIX-IT applied suggested code changes
C:\Academic_Sem5\DA1\Demo\llama_hls\solution1\.autopilot\db\kernel_rope.pp.0.cpp:17487:9: warning: Added loop label VITIS_LOOP_2279_7:   [xilinx-label-all-loops]
        for(int j=11; j<16; j++) {
        ^~~
        VITIS_LOOP_2279_7: 
C:\Academic_Sem5\DA1\Demo\llama_hls\solution1\.autopilot\db\kernel_rope.pp.0.cpp:17487:9: note: FIX-IT applied suggested code changes
C:\Academic_Sem5\DA1\Demo\llama_hls\solution1\.autopilot\db\kernel_rope.pp.0.cpp:17542:13: warning: Added loop label VITIS_LOOP_2334_8:   [xilinx-label-all-loops]
            for(int j=15; j>=7+I; j--) {
            ^~~
            VITIS_LOOP_2334_8: 
C:\Academic_Sem5\DA1\Demo\llama_hls\solution1\.autopilot\db\kernel_rope.pp.0.cpp:17542:13: note: FIX-IT applied suggested code changes
C:\Academic_Sem5\DA1\Demo\llama_hls\solution1\.autopilot\db\kernel_rope.pp.0.cpp:17549:17: warning: Added loop label VITIS_LOOP_2341_9:   [xilinx-label-all-loops]
                for(int j=15; j>=7+I; j--) {
                ^~~
                VITIS_LOOP_2341_9: 
C:\Academic_Sem5\DA1\Demo\llama_hls\solution1\.autopilot\db\kernel_rope.pp.0.cpp:17549:17: note: FIX-IT applied suggested code changes
C:\Academic_Sem5\DA1\Demo\llama_hls\solution1\.autopilot\db\kernel_rope.pp.0.cpp:17553:17: warning: Added loop label VITIS_LOOP_2345_10:   [xilinx-label-all-loops]
                for(int j=6+I; j>=0; j--) {
                ^~~
                VITIS_LOOP_2345_10: 
C:\Academic_Sem5\DA1\Demo\llama_hls\solution1\.autopilot\db\kernel_rope.pp.0.cpp:17553:17: note: FIX-IT applied suggested code changes
C:\Academic_Sem5\DA1\Demo\llama_hls\solution1\.autopilot\db\kernel_rope.pp.0.cpp:17571:9: warning: Added loop label VITIS_LOOP_2363_11:   [xilinx-label-all-loops]
        for(int j=20; j<32; j++) {
        ^~~
        VITIS_LOOP_2363_11: 
C:\Academic_Sem5\DA1\Demo\llama_hls\solution1\.autopilot\db\kernel_rope.pp.0.cpp:17571:9: note: FIX-IT applied suggested code changes
C:\Academic_Sem5\DA1\Demo\llama_hls\solution1\.autopilot\db\kernel_rope.pp.0.cpp:17660:13: warning: Added loop label VITIS_LOOP_2452_12:   [xilinx-label-all-loops]
            for(int j=31; j>=I+15; j--) {
            ^~~
            VITIS_LOOP_2452_12: 
C:\Academic_Sem5\DA1\Demo\llama_hls\solution1\.autopilot\db\kernel_rope.pp.0.cpp:17660:13: note: FIX-IT applied suggested code changes
C:\Academic_Sem5\DA1\Demo\llama_hls\solution1\.autopilot\db\kernel_rope.pp.0.cpp:17667:17: warning: Added loop label VITIS_LOOP_2459_13:   [xilinx-label-all-loops]
                for(int j=31; j>=I+15; j--) {
                ^~~
                VITIS_LOOP_2459_13: 
C:\Academic_Sem5\DA1\Demo\llama_hls\solution1\.autopilot\db\kernel_rope.pp.0.cpp:17667:17: note: FIX-IT applied suggested code changes
C:\Academic_Sem5\DA1\Demo\llama_hls\solution1\.autopilot\db\kernel_rope.pp.0.cpp:17671:17: warning: Added loop label VITIS_LOOP_2463_14:   [xilinx-label-all-loops]
                for(int j=I+14; j>=0; j--) {
                ^~~
                VITIS_LOOP_2463_14: 
C:\Academic_Sem5\DA1\Demo\llama_hls\solution1\.autopilot\db\kernel_rope.pp.0.cpp:17671:17: note: FIX-IT applied suggested code changes
C:\Academic_Sem5\DA1\Demo\llama_hls\solution1\.autopilot\db\kernel_rope.pp.0.cpp:17681:9: warning: Added loop label VITIS_LOOP_2473_15:   [xilinx-label-all-loops]
        for(int j=32-F; j<32+I; j++) {
        ^~~
        VITIS_LOOP_2473_15: 
C:\Academic_Sem5\DA1\Demo\llama_hls\solution1\.autopilot\db\kernel_rope.pp.0.cpp:17681:9: note: FIX-IT applied suggested code changes
C:\Academic_Sem5\DA1\Demo\llama_hls\solution1\.autopilot\db\kernel_rope.pp.0.cpp:17685:9: warning: Added loop label VITIS_LOOP_2477_16:   [xilinx-label-all-loops]
        for(int j=32+I; j<=64; j++) {
        ^~~
        VITIS_LOOP_2477_16: 
C:\Academic_Sem5\DA1\Demo\llama_hls\solution1\.autopilot\db\kernel_rope.pp.0.cpp:17685:9: note: FIX-IT applied suggested code changes
C:\Academic_Sem5\DA1\Demo\llama_hls\solution1\.autopilot\db\kernel_rope.pp.0.cpp:17696:9: warning: Added loop label VITIS_LOOP_2488_17:   [xilinx-label-all-loops]
        for(int j=37; j<64; j++) {
        ^~~
        VITIS_LOOP_2488_17: 
C:\Academic_Sem5\DA1\Demo\llama_hls\solution1\.autopilot\db\kernel_rope.pp.0.cpp:17696:9: note: FIX-IT applied suggested code changes
C:\Academic_Sem5\DA1\Demo\llama_hls\solution1\.autopilot\db\kernel_rope.pp.0.cpp:17704:17: warning: Added loop label VITIS_LOOP_2496_18:   [xilinx-label-all-loops]
                for(int j=0; j<64; j++) {
                ^~~
                VITIS_LOOP_2496_18: 
C:\Academic_Sem5\DA1\Demo\llama_hls\solution1\.autopilot\db\kernel_rope.pp.0.cpp:17704:17: note: FIX-IT applied suggested code changes
C:\Academic_Sem5\DA1\Demo\llama_hls\solution1\.autopilot\db\kernel_rope.pp.0.cpp:18029:13: warning: Added loop label VITIS_LOOP_2821_19:   [xilinx-label-all-loops]
            for(int j=63; j>=I+31; j--) {
            ^~~
            VITIS_LOOP_2821_19: 
C:\Academic_Sem5\DA1\Demo\llama_hls\solution1\.autopilot\db\kernel_rope.pp.0.cpp:18029:13: note: FIX-IT applied suggested code changes
C:\Academic_Sem5\DA1\Demo\llama_hls\solution1\.autopilot\db\kernel_rope.pp.0.cpp:18036:17: warning: Added loop label VITIS_LOOP_2828_20:   [xilinx-label-all-loops]
                for(int j=63; j>=I+31; j--) {
                ^~~
                VITIS_LOOP_2828_20: 
C:\Academic_Sem5\DA1\Demo\llama_hls\solution1\.autopilot\db\kernel_rope.pp.0.cpp:18036:17: note: FIX-IT applied suggested code changes
C:\Academic_Sem5\DA1\Demo\llama_hls\solution1\.autopilot\db\kernel_rope.pp.0.cpp:18040:17: warning: Added loop label VITIS_LOOP_2832_21:   [xilinx-label-all-loops]
                for(int j=I+30; j>=0; j--) {
                ^~~
                VITIS_LOOP_2832_21: 
C:\Academic_Sem5\DA1\Demo\llama_hls\solution1\.autopilot\db\kernel_rope.pp.0.cpp:18040:17: note: FIX-IT applied suggested code changes
C:\Academic_Sem5\DA1\Demo\llama_hls\solution1\.autopilot\db\kernel_rope.pp.0.cpp:18128:4: warning: Added loop label VITIS_LOOP_2920_1:   [xilinx-label-all-loops]
   for(int j = 5; j>=I_+2; j--) {
   ^~~
   VITIS_LOOP_2920_1: 
C:\Academic_Sem5\DA1\Demo\llama_hls\solution1\.autopilot\db\kernel_rope.pp.0.cpp:18128:4: note: FIX-IT applied suggested code changes
C:\Academic_Sem5\DA1\Demo\llama_hls\solution1\.autopilot\db\kernel_rope.pp.0.cpp:18135:5: warning: Added loop label VITIS_LOOP_2927_2:   [xilinx-label-all-loops]
    for(int j = 5; j>=I_+2; j--) {
    ^~~
    VITIS_LOOP_2927_2: 
C:\Academic_Sem5\DA1\Demo\llama_hls\solution1\.autopilot\db\kernel_rope.pp.0.cpp:18135:5: note: FIX-IT applied suggested code changes
C:\Academic_Sem5\DA1\Demo\llama_hls\solution1\.autopilot\db\kernel_rope.pp.0.cpp:18139:5: warning: Added loop label VITIS_LOOP_2931_3:   [xilinx-label-all-loops]
    for(int j = I_+1; j>=0; j--) {
    ^~~
    VITIS_LOOP_2931_3: 
C:\Academic_Sem5\DA1\Demo\llama_hls\solution1\.autopilot\db\kernel_rope.pp.0.cpp:18139:5: note: FIX-IT applied suggested code changes
C:\Academic_Sem5\DA1\Demo\llama_hls\solution1\.autopilot\db\kernel_rope.pp.0.cpp:18154:3: warning: Added loop label VITIS_LOOP_2946_4:   [xilinx-label-all-loops]
  for(int j = 11; j >=7; j--) {
  ^~~
  VITIS_LOOP_2946_4: 
C:\Academic_Sem5\DA1\Demo\llama_hls\solution1\.autopilot\db\kernel_rope.pp.0.cpp:18154:3: note: FIX-IT applied suggested code changes
C:\Academic_Sem5\DA1\Demo\llama_hls\solution1\.autopilot\db\kernel_rope.pp.0.cpp:18186:4: warning: Added loop label VITIS_LOOP_2978_5:   [xilinx-label-all-loops]
   for(int j = 11; j >= I_+5; j--) {
   ^~~
   VITIS_LOOP_2978_5: 
C:\Academic_Sem5\DA1\Demo\llama_hls\solution1\.autopilot\db\kernel_rope.pp.0.cpp:18186:4: note: FIX-IT applied suggested code changes
C:\Academic_Sem5\DA1\Demo\llama_hls\solution1\.autopilot\db\kernel_rope.pp.0.cpp:18193:5: warning: Added loop label VITIS_LOOP_2985_6:   [xilinx-label-all-loops]
    for(int j = 11; j>= I_+5; j--) {
    ^~~
    VITIS_LOOP_2985_6: 
C:\Academic_Sem5\DA1\Demo\llama_hls\solution1\.autopilot\db\kernel_rope.pp.0.cpp:18193:5: note: FIX-IT applied suggested code changes
C:\Academic_Sem5\DA1\Demo\llama_hls\solution1\.autopilot\db\kernel_rope.pp.0.cpp:18197:5: warning: Added loop label VITIS_LOOP_2989_7:   [xilinx-label-all-loops]
    for(int j = I_+4; j>=0; j--) {
    ^~~
    VITIS_LOOP_2989_7: 
C:\Academic_Sem5\DA1\Demo\llama_hls\solution1\.autopilot\db\kernel_rope.pp.0.cpp:18197:5: note: FIX-IT applied suggested code changes
C:\Academic_Sem5\DA1\Demo\llama_hls\solution1\.autopilot\db\kernel_rope.pp.0.cpp:18212:3: warning: Added loop label VITIS_LOOP_3004_8:   [xilinx-label-all-loops]
  for(int j = 25; j>=15; j--) {
  ^~~
  VITIS_LOOP_3004_8: 
C:\Academic_Sem5\DA1\Demo\llama_hls\solution1\.autopilot\db\kernel_rope.pp.0.cpp:18212:3: note: FIX-IT applied suggested code changes
C:\Academic_Sem5\DA1\Demo\llama_hls\solution1\.autopilot\db\kernel_rope.pp.0.cpp:18262:4: warning: Added loop label VITIS_LOOP_3054_9:   [xilinx-label-all-loops]
   for(int j = 25; j>= I_+12; j--) {
   ^~~
   VITIS_LOOP_3054_9: 
C:\Academic_Sem5\DA1\Demo\llama_hls\solution1\.autopilot\db\kernel_rope.pp.0.cpp:18262:4: note: FIX-IT applied suggested code changes
C:\Academic_Sem5\DA1\Demo\llama_hls\solution1\.autopilot\db\kernel_rope.pp.0.cpp:18269:5: warning: Added loop label VITIS_LOOP_3061_10:   [xilinx-label-all-loops]
    for(int j = 25; j>=I_+12; j--) {
    ^~~
    VITIS_LOOP_3061_10: 
C:\Academic_Sem5\DA1\Demo\llama_hls\solution1\.autopilot\db\kernel_rope.pp.0.cpp:18269:5: note: FIX-IT applied suggested code changes
C:\Academic_Sem5\DA1\Demo\llama_hls\solution1\.autopilot\db\kernel_rope.pp.0.cpp:18273:5: warning: Added loop label VITIS_LOOP_3065_11:   [xilinx-label-all-loops]
    for(int j = I_+11; j>=0; j--) {
    ^~~
    VITIS_LOOP_3065_11: 
C:\Academic_Sem5\DA1\Demo\llama_hls\solution1\.autopilot\db\kernel_rope.pp.0.cpp:18273:5: note: FIX-IT applied suggested code changes
C:\Academic_Sem5\DA1\Demo\llama_hls\solution1\.autopilot\db\kernel_rope.pp.0.cpp:18288:3: warning: Added loop label VITIS_LOOP_3080_12:   [xilinx-label-all-loops]
  for(int j = 51; j >= 29; j--) {
  ^~~
  VITIS_LOOP_3080_12: 
C:\Academic_Sem5\DA1\Demo\llama_hls\solution1\.autopilot\db\kernel_rope.pp.0.cpp:18288:3: note: FIX-IT applied suggested code changes
C:\Academic_Sem5\DA1\Demo\llama_hls\solution1\.autopilot\db\kernel_rope.pp.0.cpp:18425:4: warning: Added loop label VITIS_LOOP_3217_13:   [xilinx-label-all-loops]
   for(int j = 51; j >= 25 + I_; j--) {
   ^~~
   VITIS_LOOP_3217_13: 
C:\Academic_Sem5\DA1\Demo\llama_hls\solution1\.autopilot\db\kernel_rope.pp.0.cpp:18425:4: note: FIX-IT applied suggested code changes
C:\Academic_Sem5\DA1\Demo\llama_hls\solution1\.autopilot\db\kernel_rope.pp.0.cpp:18432:5: warning: Added loop label VITIS_LOOP_3224_14:   [xilinx-label-all-loops]
    for(int j = 51; j>=25 + I_; j--) {
    ^~~
    VITIS_LOOP_3224_14: 
C:\Academic_Sem5\DA1\Demo\llama_hls\solution1\.autopilot\db\kernel_rope.pp.0.cpp:18432:5: note: FIX-IT applied suggested code changes
C:\Academic_Sem5\DA1\Demo\llama_hls\solution1\.autopilot\db\kernel_rope.pp.0.cpp:18436:5: warning: Added loop label VITIS_LOOP_3228_15:   [xilinx-label-all-loops]
    for(int j = 24 + I_; j >= 0; j--) {
    ^~~
    VITIS_LOOP_3228_15: 
C:\Academic_Sem5\DA1\Demo\llama_hls\solution1\.autopilot\db\kernel_rope.pp.0.cpp:18436:5: note: FIX-IT applied suggested code changes
C:\Academic_Sem5\DA1\Demo\llama_hls\solution1\.autopilot\db\kernel_rope.pp.0.cpp:18451:3: warning: Added loop label VITIS_LOOP_3243_16:   [xilinx-label-all-loops]
  for(int j = 63; j >= 36; j--) {
  ^~~
  VITIS_LOOP_3243_16: 
C:\Academic_Sem5\DA1\Demo\llama_hls\solution1\.autopilot\db\kernel_rope.pp.0.cpp:18451:3: note: FIX-IT applied suggested code changes
C:\Academic_Sem5\DA1\Demo\llama_hls\solution1\.autopilot\db\kernel_rope.pp.0.cpp:18611:4: warning: Added loop label VITIS_LOOP_3403_17:   [xilinx-label-all-loops]
   for(int j = 63; j >= 31 + I_; j--) {
   ^~~
   VITIS_LOOP_3403_17: 
C:\Academic_Sem5\DA1\Demo\llama_hls\solution1\.autopilot\db\kernel_rope.pp.0.cpp:18611:4: note: FIX-IT applied suggested code changes
C:\Academic_Sem5\DA1\Demo\llama_hls\solution1\.autopilot\db\kernel_rope.pp.0.cpp:18618:5: warning: Added loop label VITIS_LOOP_3410_18:   [xilinx-label-all-loops]
    for(int j = 63; j >= 31 + I_; j--) {
    ^~~
    VITIS_LOOP_3410_18: 
C:\Academic_Sem5\DA1\Demo\llama_hls\solution1\.autopilot\db\kernel_rope.pp.0.cpp:18618:5: note: FIX-IT applied suggested code changes
C:\Academic_Sem5\DA1\Demo\llama_hls\solution1\.autopilot\db\kernel_rope.pp.0.cpp:18622:5: warning: Added loop label VITIS_LOOP_3414_19:   [xilinx-label-all-loops]
    for(int j = 30 + I_; j >= 0; j--) {
    ^~~
    VITIS_LOOP_3414_19: 
C:\Academic_Sem5\DA1\Demo\llama_hls\solution1\.autopilot\db\kernel_rope.pp.0.cpp:18622:5: note: FIX-IT applied suggested code changes
C:\Academic_Sem5\DA1\Demo\llama_hls\solution1\.autopilot\db\kernel_rope.pp.0.cpp:19337:13: warning: Added loop label VITIS_LOOP_703_1:   [xilinx-label-all-loops]
            for (b_exp = I_-1; b_exp >= -F_; b_exp--) {
            ^~~
            VITIS_LOOP_703_1: 
C:\Academic_Sem5\DA1\Demo\llama_hls\solution1\.autopilot\db\kernel_rope.pp.0.cpp:19337:13: note: FIX-IT applied suggested code changes
C:\Academic_Sem5\DA1\Demo\llama_hls\solution1\.autopilot\db\kernel_rope.pp.0.cpp:19555:13: warning: Added loop label VITIS_LOOP_921_1:   [xilinx-label-all-loops]
            for (b_exp = I_-1; b_exp >= -F_; b_exp--) {
            ^~~
            VITIS_LOOP_921_1: 
C:\Academic_Sem5\DA1\Demo\llama_hls\solution1\.autopilot\db\kernel_rope.pp.0.cpp:19555:13: note: FIX-IT applied suggested code changes
C:\Academic_Sem5\DA1\Demo\llama_hls\solution1\.autopilot\db\kernel_rope.pp.0.cpp:19972:13: warning: Added loop label VITIS_LOOP_1345_1:   [xilinx-label-all-loops]
            for (b_exp = I_-1; b_exp >= -F_; b_exp--) {
            ^~~
            VITIS_LOOP_1345_1: 
C:\Academic_Sem5\DA1\Demo\llama_hls\solution1\.autopilot\db\kernel_rope.pp.0.cpp:19972:13: note: FIX-IT applied suggested code changes
C:\Academic_Sem5\DA1\Demo\llama_hls\solution1\.autopilot\db\kernel_rope.pp.0.cpp:20295:9: warning: Added loop label VITIS_LOOP_243_1:   [xilinx-label-all-loops]
        for ( int pos = msbr-1; pos >= 0; pos-- ) {
        ^~~
        VITIS_LOOP_243_1: 
C:\Academic_Sem5\DA1\Demo\llama_hls\solution1\.autopilot\db\kernel_rope.pp.0.cpp:20295:9: note: FIX-IT applied suggested code changes
C:\Academic_Sem5\DA1\Demo\llama_hls\solution1\.autopilot\db\kernel_rope.pp.0.cpp:20323:9: warning: Added loop label VITIS_LOOP_271_2:   [xilinx-label-all-loops]
        for ( int pos = -1; pos >= -F_-1; pos-- ) {
        ^~~
        VITIS_LOOP_271_2: 
C:\Academic_Sem5\DA1\Demo\llama_hls\solution1\.autopilot\db\kernel_rope.pp.0.cpp:20323:9: note: FIX-IT applied suggested code changes
C:\Academic_Sem5\DA1\Demo\llama_hls\solution1\.autopilot\db\kernel_rope.pp.0.cpp:21027:13: warning: Added loop label VITIS_LOOP_48_1:   [xilinx-label-all-loops]
            for (int j = 0; j < W_-1; j++){
            ^~~
            VITIS_LOOP_48_1: 
C:\Academic_Sem5\DA1\Demo\llama_hls\solution1\.autopilot\db\kernel_rope.pp.0.cpp:21027:13: note: FIX-IT applied suggested code changes
C:\Academic_Sem5\DA1\Demo\llama_hls\solution1\.autopilot\db\kernel_rope.pp.0.cpp:21080:5: warning: Added loop label VITIS_LOOP_109_2:   [xilinx-label-all-loops]
    for (int j = F_l+F_+I_m-1; j < F_l+W_+5; j++){
    ^~~
    VITIS_LOOP_109_2: 
C:\Academic_Sem5\DA1\Demo\llama_hls\solution1\.autopilot\db\kernel_rope.pp.0.cpp:21080:5: note: FIX-IT applied suggested code changes
C:\Academic_Sem5\DA1\Demo\llama_hls\solution1\.autopilot\db\kernel_rope.pp.0.cpp:21094:13: warning: Added loop label VITIS_LOOP_123_3:   [xilinx-label-all-loops]
            for (int j = WO_m-1; j >= W_-1; j--) {
            ^~~
            VITIS_LOOP_123_3: 
C:\Academic_Sem5\DA1\Demo\llama_hls\solution1\.autopilot\db\kernel_rope.pp.0.cpp:21094:13: note: FIX-IT applied suggested code changes
C:\Academic_Sem5\DA1\Demo\llama_hls\solution1\.autopilot\db\kernel_rope.pp.0.cpp:21124:13: warning: Added loop label VITIS_LOOP_153_4:   [xilinx-label-all-loops]
            for (int j = W_-2; j >= 0; j--){
            ^~~
            VITIS_LOOP_153_4: 
C:\Academic_Sem5\DA1\Demo\llama_hls\solution1\.autopilot\db\kernel_rope.pp.0.cpp:21124:13: note: FIX-IT applied suggested code changes
C:\Academic_Sem5\DA1\Demo\llama_hls\solution1\.autopilot\db\kernel_rope.pp.0.cpp:21209:12: warning: Added loop label VITIS_LOOP_281_1:   [xilinx-label-all-loops]
           for(int i = wf_log+we_log-2; i > WI_e - 2; --i) {
           ^~~
           VITIS_LOOP_281_1: 
C:\Academic_Sem5\DA1\Demo\llama_hls\solution1\.autopilot\db\kernel_rope.pp.0.cpp:21209:12: note: FIX-IT applied suggested code changes
C:\Academic_Sem5\DA1\Demo\llama_hls\solution1\.autopilot\db\kernel_rope.pp.0.cpp:21229:16: warning: Added loop label VITIS_LOOP_301_2:   [xilinx-label-all-loops]
               for (int j = WO_e-1; j >= W_-1; j--) {
               ^~~
               VITIS_LOOP_301_2: 
C:\Academic_Sem5\DA1\Demo\llama_hls\solution1\.autopilot\db\kernel_rope.pp.0.cpp:21229:16: note: FIX-IT applied suggested code changes
C:\Academic_Sem5\DA1\Demo\llama_hls\solution1\.autopilot\db\kernel_rope.pp.0.cpp:21243:20: warning: Added loop label VITIS_LOOP_315_3:   [xilinx-label-all-loops]
                   for(int i = 0; i < W_-1; ++i) {
                   ^~~
                   VITIS_LOOP_315_3: 
C:\Academic_Sem5\DA1\Demo\llama_hls\solution1\.autopilot\db\kernel_rope.pp.0.cpp:21243:20: note: FIX-IT applied suggested code changes
C:\Academic_Sem5\DA1\Demo\llama_hls\solution1\.autopilot\db\kernel_rope.pp.0.cpp:21336:12: warning: Added loop label VITIS_LOOP_433_1:   [xilinx-label-all-loops]
           for (int j =WO_d-1; j >= W_-1; j--) {
           ^~~
           VITIS_LOOP_433_1: 
C:\Academic_Sem5\DA1\Demo\llama_hls\solution1\.autopilot\db\kernel_rope.pp.0.cpp:21336:12: note: FIX-IT applied suggested code changes
C:\Academic_Sem5\DA1\Demo\llama_hls\solution1\.autopilot\db\kernel_rope.pp.0.cpp:21350:15: warning: Added loop label VITIS_LOOP_447_2:   [xilinx-label-all-loops]
              for(int i = 0; i < W_-1; ++i) {
              ^~~
              VITIS_LOOP_447_2: 
C:\Academic_Sem5\DA1\Demo\llama_hls\solution1\.autopilot\db\kernel_rope.pp.0.cpp:21350:15: note: FIX-IT applied suggested code changes
C:\Academic_Sem5\DA1\Demo\llama_hls\solution1\.autopilot\db\kernel_rope.pp.0.cpp:21470:13: warning: Added loop label VITIS_LOOP_33_1:   [xilinx-label-all-loops]
            for (int i = 0; i < W_-1; i++){
            ^~~
            VITIS_LOOP_33_1: 
C:\Academic_Sem5\DA1\Demo\llama_hls\solution1\.autopilot\db\kernel_rope.pp.0.cpp:21470:13: note: FIX-IT applied suggested code changes
C:\Academic_Sem5\DA1\Demo\llama_hls\solution1\.autopilot\db\kernel_rope.pp.0.cpp:21594:13: warning: Added loop label VITIS_LOOP_183_1:   [xilinx-label-all-loops]
            for (int i = 0; i < W_-1; i++){
            ^~~
            VITIS_LOOP_183_1: 
C:\Academic_Sem5\DA1\Demo\llama_hls\solution1\.autopilot\db\kernel_rope.pp.0.cpp:21594:13: note: FIX-IT applied suggested code changes
C:\Academic_Sem5\DA1\Demo\llama_hls\solution1\.autopilot\db\kernel_rope.pp.0.cpp:21649:13: warning: Added loop label VITIS_LOOP_248_1:   [xilinx-label-all-loops]
            for (int i = 0; i < W_-1; i++){
            ^~~
            VITIS_LOOP_248_1: 
C:\Academic_Sem5\DA1\Demo\llama_hls\solution1\.autopilot\db\kernel_rope.pp.0.cpp:21649:13: note: FIX-IT applied suggested code changes
C:\Academic_Sem5\DA1\Demo\llama_hls\solution1\.autopilot\db\kernel_rope.pp.0.cpp:21916:5: warning: Added loop label VITIS_LOOP_44_1:   [xilinx-label-all-loops]
    for(int l = loop_nm; l > 0; --l){
    ^~~
    VITIS_LOOP_44_1: 
C:\Academic_Sem5\DA1\Demo\llama_hls\solution1\.autopilot\db\kernel_rope.pp.0.cpp:21916:5: note: FIX-IT applied suggested code changes
C:\Academic_Sem5\DA1\Demo\llama_hls\solution1\.autopilot\db\kernel_rope.pp.0.cpp:22167:2: warning: Added loop label VITIS_LOOP_16_1:   [xilinx-label-all-loops]
 for (int i=0; i<W_;i++)
 ^~~
 VITIS_LOOP_16_1: 
C:\Academic_Sem5\DA1\Demo\llama_hls\solution1\.autopilot\db\kernel_rope.pp.0.cpp:22167:2: note: FIX-IT applied suggested code changes
C:\Academic_Sem5\DA1\Demo\llama_hls\solution1\.autopilot\db\kernel_rope.pp.0.cpp:22178:2: warning: Added loop label VITIS_LOOP_27_1:   [xilinx-label-all-loops]
 for (int i=0; i<W_;i++)
 ^~~
 VITIS_LOOP_27_1: 
C:\Academic_Sem5\DA1\Demo\llama_hls\solution1\.autopilot\db\kernel_rope.pp.0.cpp:22178:2: note: FIX-IT applied suggested code changes
C:\Academic_Sem5\DA1\Demo\llama_hls\solution1\.autopilot\db\kernel_rope.pp.0.cpp:22189:2: warning: Added loop label VITIS_LOOP_38_1:   [xilinx-label-all-loops]
 for (int i=0; i<I_;i++)
 ^~~
 VITIS_LOOP_38_1: 
C:\Academic_Sem5\DA1\Demo\llama_hls\solution1\.autopilot\db\kernel_rope.pp.0.cpp:22189:2: note: FIX-IT applied suggested code changes
C:\Academic_Sem5\DA1\Demo\llama_hls\solution1\.autopilot\db\kernel_rope.pp.0.cpp:22200:2: warning: Added loop label VITIS_LOOP_49_1:   [xilinx-label-all-loops]
 for (int i=0; i<I_;i++)
 ^~~
 VITIS_LOOP_49_1: 
C:\Academic_Sem5\DA1\Demo\llama_hls\solution1\.autopilot\db\kernel_rope.pp.0.cpp:22200:2: note: FIX-IT applied suggested code changes
C:\Academic_Sem5\DA1\Demo\llama_hls\solution1\.autopilot\db\kernel_rope.pp.0.cpp:22211:2: warning: Added loop label VITIS_LOOP_60_1:   [xilinx-label-all-loops]
 for (int i=0; i<W_;i++)
 ^~~
 VITIS_LOOP_60_1: 
C:\Academic_Sem5\DA1\Demo\llama_hls\solution1\.autopilot\db\kernel_rope.pp.0.cpp:22211:2: note: FIX-IT applied suggested code changes
C:\Academic_Sem5\DA1\Demo\llama_hls\solution1\.autopilot\db\kernel_rope.pp.0.cpp:22222:2: warning: Added loop label VITIS_LOOP_71_1:   [xilinx-label-all-loops]
 for (int i=0; i<W_;i++)
 ^~~
 VITIS_LOOP_71_1: 
C:\Academic_Sem5\DA1\Demo\llama_hls\solution1\.autopilot\db\kernel_rope.pp.0.cpp:22222:2: note: FIX-IT applied suggested code changes
C:\Academic_Sem5\DA1\Demo\llama_hls\solution1\.autopilot\db\kernel_rope.pp.0.cpp:22233:2: warning: Added loop label VITIS_LOOP_82_1:   [xilinx-label-all-loops]
 for (int i=0; i<I_;i++)
 ^~~
 VITIS_LOOP_82_1: 
C:\Academic_Sem5\DA1\Demo\llama_hls\solution1\.autopilot\db\kernel_rope.pp.0.cpp:22233:2: note: FIX-IT applied suggested code changes
C:\Academic_Sem5\DA1\Demo\llama_hls\solution1\.autopilot\db\kernel_rope.pp.0.cpp:22244:2: warning: Added loop label VITIS_LOOP_93_1:   [xilinx-label-all-loops]
 for (int i=0; i<I_;i++)
 ^~~
 VITIS_LOOP_93_1: 
C:\Academic_Sem5\DA1\Demo\llama_hls\solution1\.autopilot\db\kernel_rope.pp.0.cpp:22244:2: note: FIX-IT applied suggested code changes
C:\Academic_Sem5\DA1\Demo\llama_hls\solution1\.autopilot\db\kernel_rope.pp.0.cpp:24603:12: warning: Added loop label VITIS_LOOP_26_1:   [xilinx-label-all-loops]
           for(int i = 0; i < W_-1; ++i) {
           ^~~
           VITIS_LOOP_26_1: 
C:\Academic_Sem5\DA1\Demo\llama_hls\solution1\.autopilot\db\kernel_rope.pp.0.cpp:24603:12: note: FIX-IT applied suggested code changes
C:\Academic_Sem5\DA1\Demo\llama_hls\solution1\.autopilot\db\kernel_rope.pp.0.cpp:24667:7: warning: Added loop label VITIS_LOOP_40_1:   [xilinx-label-all-loops]
      for(int pos = msbr - 1 ; pos >= -F-1; pos--) {
      ^~~
      VITIS_LOOP_40_1: 
C:\Academic_Sem5\DA1\Demo\llama_hls\solution1\.autopilot\db\kernel_rope.pp.0.cpp:24667:7: note: FIX-IT applied suggested code changes
C:\Academic_Sem5\DA1\Demo\llama_hls\solution1\.autopilot\db\kernel_rope.pp.0.cpp:24784:9: warning: Added loop label VITIS_LOOP_49_1:   [xilinx-label-all-loops]
        for(int pos = msbr - 1; pos >= 0; pos--) {
        ^~~
        VITIS_LOOP_49_1: 
C:\Academic_Sem5\DA1\Demo\llama_hls\solution1\.autopilot\db\kernel_rope.pp.0.cpp:24784:9: note: FIX-IT applied suggested code changes
C:\Academic_Sem5\DA1\Demo\llama_hls\solution1\.autopilot\db\kernel_rope.pp.0.cpp:24809:5: warning: Added loop label VITIS_LOOP_81_2:   [xilinx-label-all-loops]
    for(int pos = -1; pos >= -F-1; pos--) {
    ^~~
    VITIS_LOOP_81_2: 
C:\Academic_Sem5\DA1\Demo\llama_hls\solution1\.autopilot\db\kernel_rope.pp.0.cpp:24809:5: note: FIX-IT applied suggested code changes
C:\Academic_Sem5\DA1\Demo\llama_hls\solution1\.autopilot\db\kernel_rope.pp.0.cpp:24879:8: warning: Added loop label VITIS_LOOP_169_3:   [xilinx-label-all-loops]
       for(int i = 0; i < W - 1; ++i) {
       ^~~
       VITIS_LOOP_169_3: 
C:\Academic_Sem5\DA1\Demo\llama_hls\solution1\.autopilot\db\kernel_rope.pp.0.cpp:24879:8: note: FIX-IT applied suggested code changes
