

================================================================
== Vitis HLS Report for 'kernel_matmul_1'
================================================================
* Date:           Mon Sep 15 01:28:03 2025

* Version:        2025.1 (Build 6135595 on May 21 2025)
* Project:        llama_hls
* Solution:       solution1 (Vivado IP Flow Target)
* Product family: versalhbm
* Target device:  xcv80-lsva4737-2MHP-e-S


================================================================
== Performance Estimates
================================================================
+ Timing: 
    * Summary: 
    +--------+---------+----------+------------+
    |  Clock |  Target | Estimated| Uncertainty|
    +--------+---------+----------+------------+
    |ap_clk  |  4.00 ns|  3.274 ns|     1.08 ns|
    +--------+---------+----------+------------+

+ Latency: 
    * Summary: 
    +---------+---------+----------+----------+--------+--------+----------+
    |  Latency (cycles) |  Latency (absolute) |     Interval    | Pipeline |
    |   min   |   max   |    min   |    max   |   min  |   max  |   Type   |
    +---------+---------+----------+----------+--------+--------+----------+
    |   590611|   590611|  2.362 ms|  2.362 ms|  590602|  590602|  dataflow|
    +---------+---------+----------+----------+--------+--------+----------+

    + Detail: 
        * Instance: 
        +----------------------------+-----------------+---------+---------+----------+----------+--------+--------+------------------------------------------------+
        |                            |                 |  Latency (cycles) |  Latency (absolute) |     Interval    |                    Pipeline                    |
        |          Instance          |      Module     |   min   |   max   |    min   |    max   |   min  |   max  |                      Type                      |
        +----------------------------+-----------------+---------+---------+----------+----------+--------+--------+------------------------------------------------+
        |grp_load_vec_41_fu_78       |load_vec_41      |      770|      770|  3.080 us|  3.080 us|     769|     769|  loop auto-rewind stp (delay=0 clock cycles(s))|
        |grp_load_mat2_fu_92         |load_mat2        |   589837|   589837|  2.359 ms|  2.359 ms|  589825|  589825|  loop auto-rewind stp (delay=0 clock cycles(s))|
        |grp_compute_matmul3_fu_102  |compute_matmul3  |   590601|   590601|  2.362 ms|  2.362 ms|  590601|  590601|                                              no|
        |grp_store_result_54_fu_120  |store_result_54  |      770|      770|  3.080 us|  3.080 us|     769|     769|  loop auto-rewind stp (delay=0 clock cycles(s))|
        +----------------------------+-----------------+---------+---------+----------+----------+--------+--------+------------------------------------------------+

        * Loop: 
        N/A

============================================================
+ Verbose Summary: Synthesis Manager
============================================================
InlineROM: 1
ExposeGlobal: 0
============================================================
+ Verbose Summary: CDFG Model
============================================================
IsTopModel: 0
ResetActiveHigh: 1
IsCombinational: 2
IsDatapathOnly: 0
HasWiredReturn: 1
HasMFsm: 0
HasVarLatency: 1
IsPipeline: 0
IsRtlPipelined: 0
IsInstanceOverlapped: 0
IsDontTouch: 0
HasImplIP: 0
IsGatedGlobalClock: 0


============================================================
+ Verbose Summary: Schedule
============================================================
* Number of FSM states : 6
* Pipeline : 0
* Dataflow Pipeline: 1
  DF-Pipeline-0: Size = 6, States = { 1 2 3 4 5 6 }

* FSM state transitions: 
1 --> 2 
2 --> 3 
3 --> 4 
4 --> 5 
5 --> 6 
6 --> 

* FSM state operations: 

State 1 <SV = 0> <Delay = 0.00>
ST_1 : Operation 7 [1/1] (0.00ns)   --->   "%i_mat_read = read i64 @_ssdm_op_Read.ap_auto.i64, i64 %i_mat" [kernel_matmul.cpp:71]   --->   Operation 7 'read' 'i_mat_read' <Predicate = true> <Delay = 0.00>
ST_1 : Operation 8 [2/2] (0.00ns)   --->   "%call_ln90 = call void @load_vec.41, i32 %i_vec_0, i32 %i_vec_1, i32 %i_vec_2, i32 %i_vec_3, i32 %vector_stream" [kernel_matmul.cpp:90]   --->   Operation 8 'call' 'call_ln90' <Predicate = true> <Delay = 0.00> <CoreType = "Generic">   --->   Generic Core
ST_1 : Operation 9 [2/2] (0.00ns)   --->   "%call_ln91 = call void @load_mat2, i32 %gmem3, i64 %i_mat_read, i32 %matrix_stream" [kernel_matmul.cpp:91]   --->   Operation 9 'call' 'call_ln91' <Predicate = true> <Delay = 0.00> <CoreType = "Generic">   --->   Generic Core

State 2 <SV = 1> <Delay = 1.28>
ST_2 : Operation 10 [1/2] (1.28ns)   --->   "%call_ln90 = call void @load_vec.41, i32 %i_vec_0, i32 %i_vec_1, i32 %i_vec_2, i32 %i_vec_3, i32 %vector_stream" [kernel_matmul.cpp:90]   --->   Operation 10 'call' 'call_ln90' <Predicate = true> <Delay = 1.28> <CoreType = "Generic">   --->   Generic Core
ST_2 : Operation 11 [1/2] (0.00ns)   --->   "%call_ln91 = call void @load_mat2, i32 %gmem3, i64 %i_mat_read, i32 %matrix_stream" [kernel_matmul.cpp:91]   --->   Operation 11 'call' 'call_ln91' <Predicate = true> <Delay = 0.00> <CoreType = "Generic">   --->   Generic Core

State 3 <SV = 2> <Delay = 0.00>
ST_3 : Operation 12 [2/2] (0.00ns)   --->   "%call_ln92 = call void @compute_matmul3, i32 %compute_matmul_stream_stream_float_0_stream_float_0_int_int_vec_local_3, i32 %compute_matmul_stream_stream_float_0_stream_float_0_int_int_vec_local_2, i32 %compute_matmul_stream_stream_float_0_stream_float_0_int_int_vec_local_1, i32 %compute_matmul_stream_stream_float_0_stream_float_0_int_int_vec_local, i32 %vector_stream, i32 %result_stream, i32 %matrix_stream" [kernel_matmul.cpp:92]   --->   Operation 12 'call' 'call_ln92' <Predicate = true> <Delay = 0.00> <CoreType = "Generic">   --->   Generic Core

State 4 <SV = 3> <Delay = 0.00>
ST_4 : Operation 13 [1/2] (0.00ns)   --->   "%call_ln92 = call void @compute_matmul3, i32 %compute_matmul_stream_stream_float_0_stream_float_0_int_int_vec_local_3, i32 %compute_matmul_stream_stream_float_0_stream_float_0_int_int_vec_local_2, i32 %compute_matmul_stream_stream_float_0_stream_float_0_int_int_vec_local_1, i32 %compute_matmul_stream_stream_float_0_stream_float_0_int_int_vec_local, i32 %vector_stream, i32 %result_stream, i32 %matrix_stream" [kernel_matmul.cpp:92]   --->   Operation 13 'call' 'call_ln92' <Predicate = true> <Delay = 0.00> <CoreType = "Generic">   --->   Generic Core

State 5 <SV = 4> <Delay = 0.00>
ST_5 : Operation 14 [2/2] (0.00ns)   --->   "%call_ln93 = call void @store_result.54, i32 %o_vec_0, i32 %o_vec_1, i32 %o_vec_2, i32 %o_vec_3, i32 %result_stream" [kernel_matmul.cpp:93]   --->   Operation 14 'call' 'call_ln93' <Predicate = true> <Delay = 0.00> <CoreType = "Generic">   --->   Generic Core

State 6 <SV = 5> <Delay = 1.28>
ST_6 : Operation 15 [1/1] (0.00ns)   --->   "%specpipodepth_ln0 = specpipodepth void @_ssdm_op_SpecPipoDepth, i32 %compute_matmul_stream_stream_float_0_stream_float_0_int_int_vec_local, i32 1, void @p_str"   --->   Operation 15 'specpipodepth' 'specpipodepth_ln0' <Predicate = true> <Delay = 0.00>
ST_6 : Operation 16 [1/1] (0.00ns)   --->   "%specpipodepth_ln0 = specpipodepth void @_ssdm_op_SpecPipoDepth, i32 %compute_matmul_stream_stream_float_0_stream_float_0_int_int_vec_local_1, i32 1, void @p_str"   --->   Operation 16 'specpipodepth' 'specpipodepth_ln0' <Predicate = true> <Delay = 0.00>
ST_6 : Operation 17 [1/1] (0.00ns)   --->   "%specpipodepth_ln0 = specpipodepth void @_ssdm_op_SpecPipoDepth, i32 %compute_matmul_stream_stream_float_0_stream_float_0_int_int_vec_local_2, i32 1, void @p_str"   --->   Operation 17 'specpipodepth' 'specpipodepth_ln0' <Predicate = true> <Delay = 0.00>
ST_6 : Operation 18 [1/1] (0.00ns)   --->   "%specpipodepth_ln0 = specpipodepth void @_ssdm_op_SpecPipoDepth, i32 %compute_matmul_stream_stream_float_0_stream_float_0_int_int_vec_local_3, i32 1, void @p_str"   --->   Operation 18 'specpipodepth' 'specpipodepth_ln0' <Predicate = true> <Delay = 0.00>
ST_6 : Operation 19 [1/1] (0.00ns)   --->   "%specstablecontent_ln71 = specstablecontent void @_ssdm_op_SpecStableContent, i64 %i_mat, i1 1, void @p_str" [kernel_matmul.cpp:71]   --->   Operation 19 'specstablecontent' 'specstablecontent_ln71' <Predicate = true> <Delay = 0.00>
ST_6 : Operation 20 [1/1] (0.00ns)   --->   "%specstablecontent_ln71 = specstablecontent void @_ssdm_op_SpecStableContent, i32 %gmem3, i1 1, void @p_str" [kernel_matmul.cpp:71]   --->   Operation 20 'specstablecontent' 'specstablecontent_ln71' <Predicate = true> <Delay = 0.00>
ST_6 : Operation 21 [1/1] (0.00ns)   --->   "%specstablecontent_ln71 = specstablecontent void @_ssdm_op_SpecStableContent, i32 %i_vec_3, i1 1, void @p_str" [kernel_matmul.cpp:71]   --->   Operation 21 'specstablecontent' 'specstablecontent_ln71' <Predicate = true> <Delay = 0.00>
ST_6 : Operation 22 [1/1] (0.00ns)   --->   "%specstablecontent_ln71 = specstablecontent void @_ssdm_op_SpecStableContent, i32 %i_vec_2, i1 1, void @p_str" [kernel_matmul.cpp:71]   --->   Operation 22 'specstablecontent' 'specstablecontent_ln71' <Predicate = true> <Delay = 0.00>
ST_6 : Operation 23 [1/1] (0.00ns)   --->   "%specstablecontent_ln71 = specstablecontent void @_ssdm_op_SpecStableContent, i32 %i_vec_1, i1 1, void @p_str" [kernel_matmul.cpp:71]   --->   Operation 23 'specstablecontent' 'specstablecontent_ln71' <Predicate = true> <Delay = 0.00>
ST_6 : Operation 24 [1/1] (0.00ns)   --->   "%specstablecontent_ln71 = specstablecontent void @_ssdm_op_SpecStableContent, i32 %i_vec_0, i1 1, void @p_str" [kernel_matmul.cpp:71]   --->   Operation 24 'specstablecontent' 'specstablecontent_ln71' <Predicate = true> <Delay = 0.00>
ST_6 : Operation 25 [1/1] (0.00ns)   --->   "%specdataflowpipeline_ln71 = specdataflowpipeline void @_ssdm_op_SpecDataflowPipeline, i32 4294967295, i32 0, void @empty_48" [kernel_matmul.cpp:71]   --->   Operation 25 'specdataflowpipeline' 'specdataflowpipeline_ln71' <Predicate = true> <Delay = 0.00>
ST_6 : Operation 26 [1/1] (0.00ns)   --->   "%specinterface_ln0 = specinterface void @_ssdm_op_SpecInterface, i32 %gmem3, void @empty_49, i32 0, i32 0, void @empty_48, i32 0, i32 0, void @empty_19, void @empty_14, void @empty_48, i32 16, i32 16, i32 16, i32 16, void @empty_48, void @empty_48, i32 4294967295, i32 0, i32 0"   --->   Operation 26 'specinterface' 'specinterface_ln0' <Predicate = true> <Delay = 0.00>
ST_6 : Operation 27 [1/2] (1.28ns)   --->   "%call_ln93 = call void @store_result.54, i32 %o_vec_0, i32 %o_vec_1, i32 %o_vec_2, i32 %o_vec_3, i32 %result_stream" [kernel_matmul.cpp:93]   --->   Operation 27 'call' 'call_ln93' <Predicate = true> <Delay = 1.28> <CoreType = "Generic">   --->   Generic Core
ST_6 : Operation 28 [1/1] (0.00ns)   --->   "%ret_ln94 = ret" [kernel_matmul.cpp:94]   --->   Operation 28 'ret' 'ret_ln94' <Predicate = true> <Delay = 0.00>


============================================================
+ Verbose Summary: Binding
============================================================
STG Binding: 
---------------- STG Properties BEGIN ----------------
- Is combinational: 0
- Is one-state seq: 0
- Is datapath-only: 0
- Is pipelined: 0
- Is top level: 0
Port [ Return ] is wired: 1; IO mode=ap_ctrl_hs:ce=0
Port [ i_vec_0]:  wired=1; compound=1; hidden=0; nouse=0; global=0; static=0; extern=0; dir=0; type=1; pingpong=0; private_global=0; MemPort=[13]; IO mode=ap_memory:ce=0
Port [ i_vec_1]:  wired=1; compound=1; hidden=0; nouse=0; global=0; static=0; extern=0; dir=0; type=1; pingpong=0; private_global=0; MemPort=[13]; IO mode=ap_memory:ce=0
Port [ i_vec_2]:  wired=1; compound=1; hidden=0; nouse=0; global=0; static=0; extern=0; dir=0; type=1; pingpong=0; private_global=0; MemPort=[13]; IO mode=ap_memory:ce=0
Port [ i_vec_3]:  wired=1; compound=1; hidden=0; nouse=0; global=0; static=0; extern=0; dir=0; type=1; pingpong=0; private_global=0; MemPort=[13]; IO mode=ap_memory:ce=0
Port [ gmem3]:  wired=1; compound=1; hidden=0; nouse=0; global=0; static=0; extern=0; dir=0; type=4; pingpong=0; private_global=0; IO mode=m_axi:ce=0
Port [ i_mat]:  wired=1; compound=0; hidden=0; nouse=0; global=0; static=0; extern=0; dir=0; type=0; pingpong=0; private_global=0; IO mode=ap_none:ce=0
Port [ o_vec_0]:  wired=1; compound=1; hidden=0; nouse=0; global=0; static=0; extern=0; dir=1; type=1; pingpong=0; private_global=0; MemPort=[03]; IO mode=ap_memory:ce=0
Port [ o_vec_1]:  wired=1; compound=1; hidden=0; nouse=0; global=0; static=0; extern=0; dir=1; type=1; pingpong=0; private_global=0; MemPort=[03]; IO mode=ap_memory:ce=0
Port [ o_vec_2]:  wired=1; compound=1; hidden=0; nouse=0; global=0; static=0; extern=0; dir=1; type=1; pingpong=0; private_global=0; MemPort=[03]; IO mode=ap_memory:ce=0
Port [ o_vec_3]:  wired=1; compound=1; hidden=0; nouse=0; global=0; static=0; extern=0; dir=1; type=1; pingpong=0; private_global=0; MemPort=[03]; IO mode=ap_memory:ce=0
Port [ vector_stream]:  wired=1; compound=1; hidden=0; nouse=0; global=1; static=1; extern=0; dir=2; type=3; pingpong=0; private_global=0; IO mode=ap_fifo:ce=0
Port [ matrix_stream]:  wired=1; compound=1; hidden=0; nouse=0; global=1; static=1; extern=0; dir=2; type=3; pingpong=0; private_global=0; IO mode=ap_fifo:ce=0
Port [ result_stream]:  wired=1; compound=1; hidden=0; nouse=0; global=1; static=1; extern=0; dir=2; type=3; pingpong=0; private_global=0; IO mode=ap_fifo:ce=0
Port [ compute_matmul_stream_stream_float_0_stream_float_0_int_int_vec_local_3]:  wired=1; compound=1; hidden=0; nouse=0; global=1; static=1; extern=0; dir=2; type=1; pingpong=0; private_global=0; MemPort=[23]; IO mode=ap_memory:ce=0
Port [ compute_matmul_stream_stream_float_0_stream_float_0_int_int_vec_local_2]:  wired=1; compound=1; hidden=0; nouse=0; global=1; static=1; extern=0; dir=2; type=1; pingpong=0; private_global=0; MemPort=[23]; IO mode=ap_memory:ce=0
Port [ compute_matmul_stream_stream_float_0_stream_float_0_int_int_vec_local_1]:  wired=1; compound=1; hidden=0; nouse=0; global=1; static=1; extern=0; dir=2; type=1; pingpong=0; private_global=0; MemPort=[23]; IO mode=ap_memory:ce=0
Port [ compute_matmul_stream_stream_float_0_stream_float_0_int_int_vec_local]:  wired=1; compound=1; hidden=0; nouse=0; global=1; static=1; extern=0; dir=2; type=1; pingpong=0; private_global=0; MemPort=[23]; IO mode=ap_memory:ce=0
---------------- STG Properties END ------------------

---------------- Datapath Model BEGIN ----------------

<LifeTime>
<method=bitvector/>
i_mat_read                (read                ) [ 0010000]
call_ln90                 (call                ) [ 0000000]
call_ln91                 (call                ) [ 0000000]
call_ln92                 (call                ) [ 0000000]
specpipodepth_ln0         (specpipodepth       ) [ 0000000]
specpipodepth_ln0         (specpipodepth       ) [ 0000000]
specpipodepth_ln0         (specpipodepth       ) [ 0000000]
specpipodepth_ln0         (specpipodepth       ) [ 0000000]
specstablecontent_ln71    (specstablecontent   ) [ 0000000]
specstablecontent_ln71    (specstablecontent   ) [ 0000000]
specstablecontent_ln71    (specstablecontent   ) [ 0000000]
specstablecontent_ln71    (specstablecontent   ) [ 0000000]
specstablecontent_ln71    (specstablecontent   ) [ 0000000]
specstablecontent_ln71    (specstablecontent   ) [ 0000000]
specdataflowpipeline_ln71 (specdataflowpipeline) [ 0000000]
specinterface_ln0         (specinterface       ) [ 0000000]
call_ln93                 (call                ) [ 0000000]
ret_ln94                  (ret                 ) [ 0000000]
</LifeTime>

<model>

<comp_list>
<comp id="0" class="1000" name="i_vec_0">
<pin_list>
<pin id="1" dir="1" index="0" bw="1" slack="0"/>
</pin_list>
<bind>
<StgValue><ssdm name="i_vec_0"/><MemPortTyVec>1 3 </MemPortTyVec>
</StgValue>
</bind>
</comp>

<comp id="2" class="1000" name="i_vec_1">
<pin_list>
<pin id="3" dir="1" index="0" bw="1" slack="0"/>
</pin_list>
<bind>
<StgValue><ssdm name="i_vec_1"/><MemPortTyVec>1 3 </MemPortTyVec>
</StgValue>
</bind>
</comp>

<comp id="4" class="1000" name="i_vec_2">
<pin_list>
<pin id="5" dir="1" index="0" bw="1" slack="0"/>
</pin_list>
<bind>
<StgValue><ssdm name="i_vec_2"/><MemPortTyVec>1 3 </MemPortTyVec>
</StgValue>
</bind>
</comp>

<comp id="6" class="1000" name="i_vec_3">
<pin_list>
<pin id="7" dir="1" index="0" bw="1" slack="0"/>
</pin_list>
<bind>
<StgValue><ssdm name="i_vec_3"/><MemPortTyVec>1 3 </MemPortTyVec>
</StgValue>
</bind>
</comp>

<comp id="8" class="1000" name="gmem3">
<pin_list>
<pin id="9" dir="1" index="0" bw="1" slack="0"/>
</pin_list>
<bind>
<StgValue><ssdm name="gmem3"/><MemPortTyVec>0 </MemPortTyVec>
</StgValue>
</bind>
</comp>

<comp id="10" class="1000" name="i_mat">
<pin_list>
<pin id="11" dir="1" index="0" bw="1" slack="0"/>
</pin_list>
<bind>
<StgValue><ssdm name="i_mat"/></StgValue>
</bind>
</comp>

<comp id="12" class="1000" name="o_vec_0">
<pin_list>
<pin id="13" dir="1" index="0" bw="1" slack="0"/>
</pin_list>
<bind>
<StgValue><ssdm name="o_vec_0"/><MemPortTyVec>0 3 </MemPortTyVec>
</StgValue>
</bind>
</comp>

<comp id="14" class="1000" name="o_vec_1">
<pin_list>
<pin id="15" dir="1" index="0" bw="1" slack="0"/>
</pin_list>
<bind>
<StgValue><ssdm name="o_vec_1"/><MemPortTyVec>0 3 </MemPortTyVec>
</StgValue>
</bind>
</comp>

<comp id="16" class="1000" name="o_vec_2">
<pin_list>
<pin id="17" dir="1" index="0" bw="1" slack="0"/>
</pin_list>
<bind>
<StgValue><ssdm name="o_vec_2"/><MemPortTyVec>0 3 </MemPortTyVec>
</StgValue>
</bind>
</comp>

<comp id="18" class="1000" name="o_vec_3">
<pin_list>
<pin id="19" dir="1" index="0" bw="1" slack="0"/>
</pin_list>
<bind>
<StgValue><ssdm name="o_vec_3"/><MemPortTyVec>0 3 </MemPortTyVec>
</StgValue>
</bind>
</comp>

<comp id="20" class="1000" name="vector_stream">
<pin_list>
<pin id="21" dir="1" index="0" bw="1" slack="0"/>
</pin_list>
<bind>
<StgValue><ssdm name="vector_stream"/></StgValue>
</bind>
</comp>

<comp id="22" class="1000" name="matrix_stream">
<pin_list>
<pin id="23" dir="1" index="0" bw="1" slack="0"/>
</pin_list>
<bind>
<StgValue><ssdm name="matrix_stream"/></StgValue>
</bind>
</comp>

<comp id="24" class="1000" name="result_stream">
<pin_list>
<pin id="25" dir="1" index="0" bw="1" slack="0"/>
</pin_list>
<bind>
<StgValue><ssdm name="result_stream"/></StgValue>
</bind>
</comp>

<comp id="26" class="1000" name="compute_matmul_stream_stream_float_0_stream_float_0_int_int_vec_local_3">
<pin_list>
<pin id="27" dir="1" index="0" bw="1" slack="0"/>
</pin_list>
<bind>
<StgValue><ssdm name="compute_matmul_stream_stream_float_0_stream_float_0_int_int_vec_local_3"/><MemPortTyVec>2 3 </MemPortTyVec>
</StgValue>
</bind>
</comp>

<comp id="28" class="1000" name="compute_matmul_stream_stream_float_0_stream_float_0_int_int_vec_local_2">
<pin_list>
<pin id="29" dir="1" index="0" bw="1" slack="0"/>
</pin_list>
<bind>
<StgValue><ssdm name="compute_matmul_stream_stream_float_0_stream_float_0_int_int_vec_local_2"/><MemPortTyVec>2 3 </MemPortTyVec>
</StgValue>
</bind>
</comp>

<comp id="30" class="1000" name="compute_matmul_stream_stream_float_0_stream_float_0_int_int_vec_local_1">
<pin_list>
<pin id="31" dir="1" index="0" bw="1" slack="0"/>
</pin_list>
<bind>
<StgValue><ssdm name="compute_matmul_stream_stream_float_0_stream_float_0_int_int_vec_local_1"/><MemPortTyVec>2 3 </MemPortTyVec>
</StgValue>
</bind>
</comp>

<comp id="32" class="1000" name="compute_matmul_stream_stream_float_0_stream_float_0_int_int_vec_local">
<pin_list>
<pin id="33" dir="1" index="0" bw="1" slack="0"/>
</pin_list>
<bind>
<StgValue><ssdm name="compute_matmul_stream_stream_float_0_stream_float_0_int_int_vec_local"/><MemPortTyVec>2 3 </MemPortTyVec>
</StgValue>
</bind>
</comp>

<comp id="34" class="1001" name="const_34">
<pin_list>
<pin id="35" dir="1" index="0" bw="1" slack="0"/>
</pin_list>
<bind>
<StgValue><ssdm name="_ssdm_op_Read.ap_auto.i64"/></StgValue>
</bind>
</comp>

<comp id="36" class="1001" name="const_36">
<pin_list>
<pin id="37" dir="1" index="0" bw="1" slack="0"/>
</pin_list>
<bind>
<StgValue><ssdm name="load_vec.41"/></StgValue>
</bind>
</comp>

<comp id="38" class="1001" name="const_38">
<pin_list>
<pin id="39" dir="1" index="0" bw="1" slack="0"/>
</pin_list>
<bind>
<StgValue><ssdm name="load_mat2"/></StgValue>
</bind>
</comp>

<comp id="40" class="1001" name="const_40">
<pin_list>
<pin id="41" dir="1" index="0" bw="1" slack="0"/>
</pin_list>
<bind>
<StgValue><ssdm name="compute_matmul3"/></StgValue>
</bind>
</comp>

<comp id="42" class="1001" name="const_42">
<pin_list>
<pin id="43" dir="1" index="0" bw="1" slack="0"/>
</pin_list>
<bind>
<StgValue><ssdm name="store_result.54"/></StgValue>
</bind>
</comp>

<comp id="44" class="1001" name="const_44">
<pin_list>
<pin id="45" dir="1" index="0" bw="1" slack="2147483647"/>
</pin_list>
<bind>
<StgValue><ssdm name="_ssdm_op_SpecPipoDepth"/></StgValue>
</bind>
</comp>

<comp id="46" class="1001" name="const_46">
<pin_list>
<pin id="47" dir="1" index="0" bw="1" slack="2147483647"/>
</pin_list>
<bind>
<StgValue><ssdm name=""/></StgValue>
</bind>
</comp>

<comp id="48" class="1001" name="const_48">
<pin_list>
<pin id="49" dir="1" index="0" bw="1" slack="2147483647"/>
</pin_list>
<bind>
<StgValue><ssdm name="p_str"/></StgValue>
</bind>
</comp>

<comp id="50" class="1001" name="const_50">
<pin_list>
<pin id="51" dir="1" index="0" bw="1" slack="2147483647"/>
</pin_list>
<bind>
<StgValue><ssdm name="_ssdm_op_SpecStableContent"/></StgValue>
</bind>
</comp>

<comp id="52" class="1001" name="const_52">
<pin_list>
<pin id="53" dir="1" index="0" bw="1" slack="2147483647"/>
</pin_list>
<bind>
<StgValue><ssdm name=""/></StgValue>
</bind>
</comp>

<comp id="54" class="1001" name="const_54">
<pin_list>
<pin id="55" dir="1" index="0" bw="1" slack="2147483647"/>
</pin_list>
<bind>
<StgValue><ssdm name="_ssdm_op_SpecDataflowPipeline"/></StgValue>
</bind>
</comp>

<comp id="56" class="1001" name="const_56">
<pin_list>
<pin id="57" dir="1" index="0" bw="1" slack="2147483647"/>
</pin_list>
<bind>
<StgValue><ssdm name=""/></StgValue>
</bind>
</comp>

<comp id="58" class="1001" name="const_58">
<pin_list>
<pin id="59" dir="1" index="0" bw="1" slack="2147483647"/>
</pin_list>
<bind>
<StgValue><ssdm name=""/></StgValue>
</bind>
</comp>

<comp id="60" class="1001" name="const_60">
<pin_list>
<pin id="61" dir="1" index="0" bw="1" slack="2147483647"/>
</pin_list>
<bind>
<StgValue><ssdm name="empty_48"/></StgValue>
</bind>
</comp>

<comp id="62" class="1001" name="const_62">
<pin_list>
<pin id="63" dir="1" index="0" bw="1" slack="2147483647"/>
</pin_list>
<bind>
<StgValue><ssdm name="_ssdm_op_SpecInterface"/></StgValue>
</bind>
</comp>

<comp id="64" class="1001" name="const_64">
<pin_list>
<pin id="65" dir="1" index="0" bw="1" slack="2147483647"/>
</pin_list>
<bind>
<StgValue><ssdm name="empty_49"/></StgValue>
</bind>
</comp>

<comp id="66" class="1001" name="const_66">
<pin_list>
<pin id="67" dir="1" index="0" bw="1" slack="2147483647"/>
</pin_list>
<bind>
<StgValue><ssdm name="empty_19"/></StgValue>
</bind>
</comp>

<comp id="68" class="1001" name="const_68">
<pin_list>
<pin id="69" dir="1" index="0" bw="1" slack="2147483647"/>
</pin_list>
<bind>
<StgValue><ssdm name="empty_14"/></StgValue>
</bind>
</comp>

<comp id="70" class="1001" name="const_70">
<pin_list>
<pin id="71" dir="1" index="0" bw="1" slack="2147483647"/>
</pin_list>
<bind>
<StgValue><ssdm name=""/></StgValue>
</bind>
</comp>

<comp id="72" class="1004" name="i_mat_read_read_fu_72">
<pin_list>
<pin id="73" dir="0" index="0" bw="64" slack="0"/>
<pin id="74" dir="0" index="1" bw="64" slack="0"/>
<pin id="75" dir="1" index="2" bw="64" slack="0"/>
</pin_list>
<bind>
<opcode="read(1150) " fcode="read"/>
<opset="i_mat_read/1 "/>
</bind>
</comp>

<comp id="78" class="1004" name="grp_load_vec_41_fu_78">
<pin_list>
<pin id="79" dir="0" index="0" bw="0" slack="0"/>
<pin id="80" dir="0" index="1" bw="32" slack="0"/>
<pin id="81" dir="0" index="2" bw="32" slack="0"/>
<pin id="82" dir="0" index="3" bw="32" slack="0"/>
<pin id="83" dir="0" index="4" bw="32" slack="0"/>
<pin id="84" dir="0" index="5" bw="32" slack="0"/>
<pin id="85" dir="1" index="6" bw="0" slack="2147483647"/>
</pin_list>
<bind>
<opcode="call(48) " fcode="call"/>
<opset="call_ln90/1 "/>
</bind>
</comp>

<comp id="92" class="1004" name="grp_load_mat2_fu_92">
<pin_list>
<pin id="93" dir="0" index="0" bw="0" slack="0"/>
<pin id="94" dir="0" index="1" bw="32" slack="0"/>
<pin id="95" dir="0" index="2" bw="64" slack="0"/>
<pin id="96" dir="0" index="3" bw="32" slack="0"/>
<pin id="97" dir="1" index="4" bw="0" slack="2147483647"/>
</pin_list>
<bind>
<opcode="call(48) " fcode="call"/>
<opset="call_ln91/1 "/>
</bind>
</comp>

<comp id="102" class="1004" name="grp_compute_matmul3_fu_102">
<pin_list>
<pin id="103" dir="0" index="0" bw="0" slack="0"/>
<pin id="104" dir="0" index="1" bw="32" slack="0"/>
<pin id="105" dir="0" index="2" bw="32" slack="0"/>
<pin id="106" dir="0" index="3" bw="32" slack="0"/>
<pin id="107" dir="0" index="4" bw="32" slack="0"/>
<pin id="108" dir="0" index="5" bw="32" slack="0"/>
<pin id="109" dir="0" index="6" bw="32" slack="0"/>
<pin id="110" dir="0" index="7" bw="32" slack="0"/>
<pin id="111" dir="1" index="8" bw="0" slack="2147483647"/>
</pin_list>
<bind>
<opcode="call(48) " fcode="call"/>
<opset="call_ln92/3 "/>
</bind>
</comp>

<comp id="120" class="1004" name="grp_store_result_54_fu_120">
<pin_list>
<pin id="121" dir="0" index="0" bw="0" slack="0"/>
<pin id="122" dir="0" index="1" bw="32" slack="0"/>
<pin id="123" dir="0" index="2" bw="32" slack="0"/>
<pin id="124" dir="0" index="3" bw="32" slack="0"/>
<pin id="125" dir="0" index="4" bw="32" slack="0"/>
<pin id="126" dir="0" index="5" bw="32" slack="0"/>
<pin id="127" dir="1" index="6" bw="0" slack="2147483647"/>
</pin_list>
<bind>
<opcode="call(48) " fcode="call"/>
<opset="call_ln93/5 "/>
</bind>
</comp>

<comp id="134" class="1005" name="i_mat_read_reg_134">
<pin_list>
<pin id="135" dir="0" index="0" bw="64" slack="1"/>
<pin id="136" dir="1" index="1" bw="64" slack="1"/>
</pin_list>
<bind>
<opset="i_mat_read "/>
</bind>
</comp>

</comp_list>

<net_list>
<net id="76"><net_src comp="34" pin="0"/><net_sink comp="72" pin=0"/></net>

<net id="77"><net_src comp="10" pin="0"/><net_sink comp="72" pin=1"/></net>

<net id="86"><net_src comp="36" pin="0"/><net_sink comp="78" pin=0"/></net>

<net id="87"><net_src comp="0" pin="0"/><net_sink comp="78" pin=1"/></net>

<net id="88"><net_src comp="2" pin="0"/><net_sink comp="78" pin=2"/></net>

<net id="89"><net_src comp="4" pin="0"/><net_sink comp="78" pin=3"/></net>

<net id="90"><net_src comp="6" pin="0"/><net_sink comp="78" pin=4"/></net>

<net id="91"><net_src comp="20" pin="0"/><net_sink comp="78" pin=5"/></net>

<net id="98"><net_src comp="38" pin="0"/><net_sink comp="92" pin=0"/></net>

<net id="99"><net_src comp="8" pin="0"/><net_sink comp="92" pin=1"/></net>

<net id="100"><net_src comp="72" pin="2"/><net_sink comp="92" pin=2"/></net>

<net id="101"><net_src comp="22" pin="0"/><net_sink comp="92" pin=3"/></net>

<net id="112"><net_src comp="40" pin="0"/><net_sink comp="102" pin=0"/></net>

<net id="113"><net_src comp="26" pin="0"/><net_sink comp="102" pin=1"/></net>

<net id="114"><net_src comp="28" pin="0"/><net_sink comp="102" pin=2"/></net>

<net id="115"><net_src comp="30" pin="0"/><net_sink comp="102" pin=3"/></net>

<net id="116"><net_src comp="32" pin="0"/><net_sink comp="102" pin=4"/></net>

<net id="117"><net_src comp="20" pin="0"/><net_sink comp="102" pin=5"/></net>

<net id="118"><net_src comp="24" pin="0"/><net_sink comp="102" pin=6"/></net>

<net id="119"><net_src comp="22" pin="0"/><net_sink comp="102" pin=7"/></net>

<net id="128"><net_src comp="42" pin="0"/><net_sink comp="120" pin=0"/></net>

<net id="129"><net_src comp="12" pin="0"/><net_sink comp="120" pin=1"/></net>

<net id="130"><net_src comp="14" pin="0"/><net_sink comp="120" pin=2"/></net>

<net id="131"><net_src comp="16" pin="0"/><net_sink comp="120" pin=3"/></net>

<net id="132"><net_src comp="18" pin="0"/><net_sink comp="120" pin=4"/></net>

<net id="133"><net_src comp="24" pin="0"/><net_sink comp="120" pin=5"/></net>

<net id="137"><net_src comp="72" pin="2"/><net_sink comp="134" pin=0"/></net>

<net id="138"><net_src comp="134" pin="1"/><net_sink comp="92" pin=2"/></net>

</net_list>

</model> 
---------------- Datapath Model END ------------------

* FSMD analyzer results:
  - Output states:
	Port: o_vec_0 | {5 6 }
	Port: o_vec_1 | {5 6 }
	Port: o_vec_2 | {5 6 }
	Port: o_vec_3 | {5 6 }
	Port: vector_stream | {1 2 }
	Port: matrix_stream | {1 2 }
	Port: result_stream | {3 4 }
	Port: compute_matmul_stream_stream_float_0_stream_float_0_int_int_vec_local_3 | {3 4 }
	Port: compute_matmul_stream_stream_float_0_stream_float_0_int_int_vec_local_2 | {3 4 }
	Port: compute_matmul_stream_stream_float_0_stream_float_0_int_int_vec_local_1 | {3 4 }
	Port: compute_matmul_stream_stream_float_0_stream_float_0_int_int_vec_local | {3 4 }
 - Input state : 
	Port: kernel_matmul.1 : i_vec_0 | {1 2 }
	Port: kernel_matmul.1 : i_vec_1 | {1 2 }
	Port: kernel_matmul.1 : i_vec_2 | {1 2 }
	Port: kernel_matmul.1 : i_vec_3 | {1 2 }
	Port: kernel_matmul.1 : gmem3 | {1 2 }
	Port: kernel_matmul.1 : i_mat | {1 }
	Port: kernel_matmul.1 : vector_stream | {3 4 }
	Port: kernel_matmul.1 : matrix_stream | {3 4 }
	Port: kernel_matmul.1 : result_stream | {5 6 }
	Port: kernel_matmul.1 : compute_matmul_stream_stream_float_0_stream_float_0_int_int_vec_local_3 | {3 4 }
	Port: kernel_matmul.1 : compute_matmul_stream_stream_float_0_stream_float_0_int_int_vec_local_2 | {3 4 }
	Port: kernel_matmul.1 : compute_matmul_stream_stream_float_0_stream_float_0_int_int_vec_local_1 | {3 4 }
	Port: kernel_matmul.1 : compute_matmul_stream_stream_float_0_stream_float_0_int_int_vec_local | {3 4 }
  - Chain level:
	State 1
	State 2
	State 3
	State 4
	State 5
	State 6


============================================================
+ Verbose Summary: Datapath Resource usage 
============================================================

* Functional unit list:
|----------|----------------------------|---------|---------|---------|---------|
| Operation|       Functional Unit      |   DSP   |  Delay  |    FF   |   LUT   |
|----------|----------------------------|---------|---------|---------|---------|
|          |    grp_load_vec_41_fu_78   |    0    |   1.44  |    44   |    78   |
|   call   |     grp_load_mat2_fu_92    |    0    |  0.421  |   149   |   190   |
|          | grp_compute_matmul3_fu_102 |    1    |  2.282  |   248   |   228   |
|          | grp_store_result_54_fu_120 |    0    |    0    |    20   |    14   |
|----------|----------------------------|---------|---------|---------|---------|
|   read   |    i_mat_read_read_fu_72   |    0    |    0    |    0    |    0    |
|----------|----------------------------|---------|---------|---------|---------|
|   Total  |                            |    1    |  4.143  |   461   |   510   |
|----------|----------------------------|---------|---------|---------|---------|

Memories:
N/A

* Register list:
+------------------+--------+
|                  |   FF   |
+------------------+--------+
|i_mat_read_reg_134|   64   |
+------------------+--------+
|       Total      |   64   |
+------------------+--------+

* Multiplexer (MUX) list: 
|---------------------|------|------|------|--------||---------||---------||---------|
|         Comp        |  Pin | Size |  BW  | S x BW ||  Delay  ||    FF   ||   LUT   |
|---------------------|------|------|------|--------||---------||---------||---------|
| grp_load_mat2_fu_92 |  p2  |   2  |  64  |   128  ||    0    ||    63   |
|---------------------|------|------|------|--------||---------||---------||---------|
|        Total        |      |      |      |   128  ||   0.46  ||    0    ||    63   |
|---------------------|------|------|------|--------||---------||---------||---------|



* Summary:
+-----------+--------+--------+--------+--------+
|           |   DSP  |  Delay |   FF   |   LUT  |
+-----------+--------+--------+--------+--------+
|  Function |    1   |    4   |   461  |   510  |
|   Memory  |    -   |    -   |    -   |    -   |
|Multiplexer|    -   |    0   |    0   |   63   |
|  Register |    -   |    -   |   64   |    -   |
+-----------+--------+--------+--------+--------+
|   Total   |    1   |    4   |   525  |   573  |
+-----------+--------+--------+--------+--------+
