

================================================================
== Vitis HLS Report for 'llama_inference_hls_top_Pipeline_rope_load'
================================================================
* Date:           Mon Sep 15 01:27:47 2025

* Version:        2025.1 (Build 6135595 on May 21 2025)
* Project:        llama_hls
* Solution:       solution1 (Vivado IP Flow Target)
* Product family: versalhbm
* Target device:  xcv80-lsva4737-2MHP-e-S


================================================================
== Performance Estimates
================================================================
+ Timing: 
    * Summary: 
    +--------+---------+----------+------------+
    |  Clock |  Target | Estimated| Uncertainty|
    +--------+---------+----------+------------+
    |ap_clk  |  4.00 ns|  1.383 ns|     1.08 ns|
    +--------+---------+----------+------------+

+ Latency: 
    * Summary: 
    +---------+---------+----------+----------+-----+-----+------------------------------------------------+
    |  Latency (cycles) |  Latency (absolute) |  Interval |                    Pipeline                    |
    |   min   |   max   |    min   |    max   | min | max |                      Type                      |
    +---------+---------+----------+----------+-----+-----+------------------------------------------------+
    |       34|       34|  0.136 us|  0.136 us|   33|   33|  loop auto-rewind stp (delay=0 clock cycles(s))|
    +---------+---------+----------+----------+-----+-----+------------------------------------------------+

    + Detail: 
        * Instance: 
        N/A

        * Loop: 
        +-------------+---------+---------+----------+-----------+-----------+------+----------+
        |             |  Latency (cycles) | Iteration|  Initiation Interval  | Trip |          |
        |  Loop Name  |   min   |   max   |  Latency |  achieved |   target  | Count| Pipelined|
        +-------------+---------+---------+----------+-----------+-----------+------+----------+
        |- rope_load  |       32|       32|         2|          1|          1|    32|       yes|
        +-------------+---------+---------+----------+-----------+-----------+------+----------+

============================================================
+ Verbose Summary: Synthesis Manager
============================================================
InlineROM: 1
ExposeGlobal: 0
============================================================
+ Verbose Summary: CDFG Model
============================================================
IsTopModel: 0
ResetActiveHigh: 1
IsCombinational: 0
IsDatapathOnly: 0
HasWiredReturn: 1
HasMFsm: 2
HasVarLatency: 1
IsPipeline: 0
IsRtlPipelined: 0
IsInstanceOverlapped: 0
IsDontTouch: 0
HasImplIP: 0
IsGatedGlobalClock: 0

+ Individual pipeline summary: 
  * Pipeline-0: initiation interval (II) = 1, depth = 2


============================================================
+ Verbose Summary: Schedule
============================================================
* Number of FSM states : 2
* Pipeline : 1
  Pipeline-0 : II = 1, D = 2, States = { 1 2 }
* Dataflow Pipeline: 0

* FSM state transitions: 
1 --> 2 
2 --> 

* FSM state operations: 

State 1 <SV = 0> <Delay = 1.38>
ST_1 : Operation 5 [1/1] (0.00ns)   --->   "%i_3 = alloca i32 1" [llama_hls_top.cpp:121]   --->   Operation 5 'alloca' 'i_3' <Predicate = true> <Delay = 0.00>
ST_1 : Operation 6 [1/1] (0.00ns)   --->   "%empty = alloca i32 1"   --->   Operation 6 'alloca' 'empty' <Predicate = true> <Delay = 0.00>
ST_1 : Operation 7 [1/1] (0.00ns)   --->   "%empty_113 = alloca i32 1"   --->   Operation 7 'alloca' 'empty_113' <Predicate = true> <Delay = 0.00>
ST_1 : Operation 8 [1/1] (0.00ns)   --->   "%empty_114 = alloca i32 1"   --->   Operation 8 'alloca' 'empty_114' <Predicate = true> <Delay = 0.00>
ST_1 : Operation 9 [1/1] (0.00ns)   --->   "%empty_115 = alloca i32 1"   --->   Operation 9 'alloca' 'empty_115' <Predicate = true> <Delay = 0.00>
ST_1 : Operation 10 [1/1] (0.00ns)   --->   "%empty_116 = alloca i32 1"   --->   Operation 10 'alloca' 'empty_116' <Predicate = true> <Delay = 0.00>
ST_1 : Operation 11 [1/1] (0.00ns)   --->   "%empty_117 = alloca i32 1"   --->   Operation 11 'alloca' 'empty_117' <Predicate = true> <Delay = 0.00>
ST_1 : Operation 12 [1/1] (0.00ns)   --->   "%empty_118 = alloca i32 1"   --->   Operation 12 'alloca' 'empty_118' <Predicate = true> <Delay = 0.00>
ST_1 : Operation 13 [1/1] (0.00ns)   --->   "%empty_119 = alloca i32 1"   --->   Operation 13 'alloca' 'empty_119' <Predicate = true> <Delay = 0.00>
ST_1 : Operation 14 [1/1] (0.00ns)   --->   "%empty_120 = alloca i32 1"   --->   Operation 14 'alloca' 'empty_120' <Predicate = true> <Delay = 0.00>
ST_1 : Operation 15 [1/1] (0.00ns)   --->   "%empty_121 = alloca i32 1"   --->   Operation 15 'alloca' 'empty_121' <Predicate = true> <Delay = 0.00>
ST_1 : Operation 16 [1/1] (0.00ns)   --->   "%empty_122 = alloca i32 1"   --->   Operation 16 'alloca' 'empty_122' <Predicate = true> <Delay = 0.00>
ST_1 : Operation 17 [1/1] (0.00ns)   --->   "%empty_123 = alloca i32 1"   --->   Operation 17 'alloca' 'empty_123' <Predicate = true> <Delay = 0.00>
ST_1 : Operation 18 [1/1] (0.00ns)   --->   "%empty_124 = alloca i32 1"   --->   Operation 18 'alloca' 'empty_124' <Predicate = true> <Delay = 0.00>
ST_1 : Operation 19 [1/1] (0.00ns)   --->   "%empty_125 = alloca i32 1"   --->   Operation 19 'alloca' 'empty_125' <Predicate = true> <Delay = 0.00>
ST_1 : Operation 20 [1/1] (0.00ns)   --->   "%empty_126 = alloca i32 1"   --->   Operation 20 'alloca' 'empty_126' <Predicate = true> <Delay = 0.00>
ST_1 : Operation 21 [1/1] (0.00ns)   --->   "%empty_127 = alloca i32 1"   --->   Operation 21 'alloca' 'empty_127' <Predicate = true> <Delay = 0.00>
ST_1 : Operation 22 [1/1] (0.00ns)   --->   "%empty_128 = alloca i32 1"   --->   Operation 22 'alloca' 'empty_128' <Predicate = true> <Delay = 0.00>
ST_1 : Operation 23 [1/1] (0.00ns)   --->   "%empty_129 = alloca i32 1"   --->   Operation 23 'alloca' 'empty_129' <Predicate = true> <Delay = 0.00>
ST_1 : Operation 24 [1/1] (0.00ns)   --->   "%empty_130 = alloca i32 1"   --->   Operation 24 'alloca' 'empty_130' <Predicate = true> <Delay = 0.00>
ST_1 : Operation 25 [1/1] (0.00ns)   --->   "%empty_131 = alloca i32 1"   --->   Operation 25 'alloca' 'empty_131' <Predicate = true> <Delay = 0.00>
ST_1 : Operation 26 [1/1] (0.00ns)   --->   "%empty_132 = alloca i32 1"   --->   Operation 26 'alloca' 'empty_132' <Predicate = true> <Delay = 0.00>
ST_1 : Operation 27 [1/1] (0.00ns)   --->   "%empty_133 = alloca i32 1"   --->   Operation 27 'alloca' 'empty_133' <Predicate = true> <Delay = 0.00>
ST_1 : Operation 28 [1/1] (0.00ns)   --->   "%empty_134 = alloca i32 1"   --->   Operation 28 'alloca' 'empty_134' <Predicate = true> <Delay = 0.00>
ST_1 : Operation 29 [1/1] (0.00ns)   --->   "%empty_135 = alloca i32 1"   --->   Operation 29 'alloca' 'empty_135' <Predicate = true> <Delay = 0.00>
ST_1 : Operation 30 [1/1] (0.00ns)   --->   "%empty_136 = alloca i32 1"   --->   Operation 30 'alloca' 'empty_136' <Predicate = true> <Delay = 0.00>
ST_1 : Operation 31 [1/1] (0.00ns)   --->   "%empty_137 = alloca i32 1"   --->   Operation 31 'alloca' 'empty_137' <Predicate = true> <Delay = 0.00>
ST_1 : Operation 32 [1/1] (0.00ns)   --->   "%empty_138 = alloca i32 1"   --->   Operation 32 'alloca' 'empty_138' <Predicate = true> <Delay = 0.00>
ST_1 : Operation 33 [1/1] (0.00ns)   --->   "%empty_139 = alloca i32 1"   --->   Operation 33 'alloca' 'empty_139' <Predicate = true> <Delay = 0.00>
ST_1 : Operation 34 [1/1] (0.00ns)   --->   "%empty_140 = alloca i32 1"   --->   Operation 34 'alloca' 'empty_140' <Predicate = true> <Delay = 0.00>
ST_1 : Operation 35 [1/1] (0.00ns)   --->   "%empty_141 = alloca i32 1"   --->   Operation 35 'alloca' 'empty_141' <Predicate = true> <Delay = 0.00>
ST_1 : Operation 36 [1/1] (0.00ns)   --->   "%empty_142 = alloca i32 1"   --->   Operation 36 'alloca' 'empty_142' <Predicate = true> <Delay = 0.00>
ST_1 : Operation 37 [1/1] (0.00ns)   --->   "%empty_143 = alloca i32 1"   --->   Operation 37 'alloca' 'empty_143' <Predicate = true> <Delay = 0.00>
ST_1 : Operation 38 [1/1] (0.00ns)   --->   "%empty_144 = alloca i32 1"   --->   Operation 38 'alloca' 'empty_144' <Predicate = true> <Delay = 0.00>
ST_1 : Operation 39 [1/1] (0.00ns)   --->   "%empty_145 = alloca i32 1"   --->   Operation 39 'alloca' 'empty_145' <Predicate = true> <Delay = 0.00>
ST_1 : Operation 40 [1/1] (0.00ns)   --->   "%empty_146 = alloca i32 1"   --->   Operation 40 'alloca' 'empty_146' <Predicate = true> <Delay = 0.00>
ST_1 : Operation 41 [1/1] (0.00ns)   --->   "%empty_147 = alloca i32 1"   --->   Operation 41 'alloca' 'empty_147' <Predicate = true> <Delay = 0.00>
ST_1 : Operation 42 [1/1] (0.00ns)   --->   "%empty_148 = alloca i32 1"   --->   Operation 42 'alloca' 'empty_148' <Predicate = true> <Delay = 0.00>
ST_1 : Operation 43 [1/1] (0.00ns)   --->   "%empty_149 = alloca i32 1"   --->   Operation 43 'alloca' 'empty_149' <Predicate = true> <Delay = 0.00>
ST_1 : Operation 44 [1/1] (0.00ns)   --->   "%empty_150 = alloca i32 1"   --->   Operation 44 'alloca' 'empty_150' <Predicate = true> <Delay = 0.00>
ST_1 : Operation 45 [1/1] (0.00ns)   --->   "%empty_151 = alloca i32 1"   --->   Operation 45 'alloca' 'empty_151' <Predicate = true> <Delay = 0.00>
ST_1 : Operation 46 [1/1] (0.00ns)   --->   "%empty_152 = alloca i32 1"   --->   Operation 46 'alloca' 'empty_152' <Predicate = true> <Delay = 0.00>
ST_1 : Operation 47 [1/1] (0.00ns)   --->   "%empty_153 = alloca i32 1"   --->   Operation 47 'alloca' 'empty_153' <Predicate = true> <Delay = 0.00>
ST_1 : Operation 48 [1/1] (0.00ns)   --->   "%empty_154 = alloca i32 1"   --->   Operation 48 'alloca' 'empty_154' <Predicate = true> <Delay = 0.00>
ST_1 : Operation 49 [1/1] (0.00ns)   --->   "%empty_155 = alloca i32 1"   --->   Operation 49 'alloca' 'empty_155' <Predicate = true> <Delay = 0.00>
ST_1 : Operation 50 [1/1] (0.00ns)   --->   "%empty_156 = alloca i32 1"   --->   Operation 50 'alloca' 'empty_156' <Predicate = true> <Delay = 0.00>
ST_1 : Operation 51 [1/1] (0.00ns)   --->   "%empty_157 = alloca i32 1"   --->   Operation 51 'alloca' 'empty_157' <Predicate = true> <Delay = 0.00>
ST_1 : Operation 52 [1/1] (0.00ns)   --->   "%empty_158 = alloca i32 1"   --->   Operation 52 'alloca' 'empty_158' <Predicate = true> <Delay = 0.00>
ST_1 : Operation 53 [1/1] (0.00ns)   --->   "%empty_159 = alloca i32 1"   --->   Operation 53 'alloca' 'empty_159' <Predicate = true> <Delay = 0.00>
ST_1 : Operation 54 [1/1] (0.00ns)   --->   "%empty_160 = alloca i32 1"   --->   Operation 54 'alloca' 'empty_160' <Predicate = true> <Delay = 0.00>
ST_1 : Operation 55 [1/1] (0.00ns)   --->   "%empty_161 = alloca i32 1"   --->   Operation 55 'alloca' 'empty_161' <Predicate = true> <Delay = 0.00>
ST_1 : Operation 56 [1/1] (0.00ns)   --->   "%empty_162 = alloca i32 1"   --->   Operation 56 'alloca' 'empty_162' <Predicate = true> <Delay = 0.00>
ST_1 : Operation 57 [1/1] (0.00ns)   --->   "%empty_163 = alloca i32 1"   --->   Operation 57 'alloca' 'empty_163' <Predicate = true> <Delay = 0.00>
ST_1 : Operation 58 [1/1] (0.00ns)   --->   "%empty_164 = alloca i32 1"   --->   Operation 58 'alloca' 'empty_164' <Predicate = true> <Delay = 0.00>
ST_1 : Operation 59 [1/1] (0.00ns)   --->   "%empty_165 = alloca i32 1"   --->   Operation 59 'alloca' 'empty_165' <Predicate = true> <Delay = 0.00>
ST_1 : Operation 60 [1/1] (0.00ns)   --->   "%empty_166 = alloca i32 1"   --->   Operation 60 'alloca' 'empty_166' <Predicate = true> <Delay = 0.00>
ST_1 : Operation 61 [1/1] (0.00ns)   --->   "%empty_167 = alloca i32 1"   --->   Operation 61 'alloca' 'empty_167' <Predicate = true> <Delay = 0.00>
ST_1 : Operation 62 [1/1] (0.00ns)   --->   "%empty_168 = alloca i32 1"   --->   Operation 62 'alloca' 'empty_168' <Predicate = true> <Delay = 0.00>
ST_1 : Operation 63 [1/1] (0.00ns)   --->   "%empty_169 = alloca i32 1"   --->   Operation 63 'alloca' 'empty_169' <Predicate = true> <Delay = 0.00>
ST_1 : Operation 64 [1/1] (0.00ns)   --->   "%empty_170 = alloca i32 1"   --->   Operation 64 'alloca' 'empty_170' <Predicate = true> <Delay = 0.00>
ST_1 : Operation 65 [1/1] (0.00ns)   --->   "%empty_171 = alloca i32 1"   --->   Operation 65 'alloca' 'empty_171' <Predicate = true> <Delay = 0.00>
ST_1 : Operation 66 [1/1] (0.00ns)   --->   "%empty_172 = alloca i32 1"   --->   Operation 66 'alloca' 'empty_172' <Predicate = true> <Delay = 0.00>
ST_1 : Operation 67 [1/1] (0.00ns)   --->   "%empty_173 = alloca i32 1"   --->   Operation 67 'alloca' 'empty_173' <Predicate = true> <Delay = 0.00>
ST_1 : Operation 68 [1/1] (0.00ns)   --->   "%empty_174 = alloca i32 1"   --->   Operation 68 'alloca' 'empty_174' <Predicate = true> <Delay = 0.00>
ST_1 : Operation 69 [1/1] (0.00ns)   --->   "%empty_175 = alloca i32 1"   --->   Operation 69 'alloca' 'empty_175' <Predicate = true> <Delay = 0.00>
ST_1 : Operation 70 [1/1] (0.00ns)   --->   "%p_cast379_cast_read = read i62 @_ssdm_op_Read.ap_auto.i62, i62 %p_cast379_cast"   --->   Operation 70 'read' 'p_cast379_cast_read' <Predicate = true> <Delay = 0.00>
ST_1 : Operation 71 [1/1] (0.00ns)   --->   "%p_cast_cast_read = read i62 @_ssdm_op_Read.ap_auto.i62, i62 %p_cast_cast"   --->   Operation 71 'read' 'p_cast_cast_read' <Predicate = true> <Delay = 0.00>
ST_1 : Operation 72 [1/1] (0.00ns)   --->   "%p_cast379_cast_cast = sext i62 %p_cast379_cast_read"   --->   Operation 72 'sext' 'p_cast379_cast_cast' <Predicate = true> <Delay = 0.00>
ST_1 : Operation 73 [1/1] (0.00ns)   --->   "%p_cast_cast_cast = sext i62 %p_cast_cast_read"   --->   Operation 73 'sext' 'p_cast_cast_cast' <Predicate = true> <Delay = 0.00>
ST_1 : Operation 74 [1/1] (0.00ns)   --->   "%specinterface_ln0 = specinterface void @_ssdm_op_SpecInterface, i32 %gmem16, void @empty_49, i32 0, i32 0, void @empty_48, i32 0, i32 0, void @empty_33, void @empty_14, void @empty_48, i32 16, i32 16, i32 16, i32 16, void @empty_48, void @empty_48, i32 4294967295, i32 0, i32 0"   --->   Operation 74 'specinterface' 'specinterface_ln0' <Predicate = true> <Delay = 0.00>
ST_1 : Operation 75 [1/1] (0.00ns)   --->   "%specinterface_ln0 = specinterface void @_ssdm_op_SpecInterface, i32 %gmem15, void @empty_49, i32 0, i32 0, void @empty_48, i32 0, i32 0, void @empty_35, void @empty_14, void @empty_48, i32 16, i32 16, i32 16, i32 16, void @empty_48, void @empty_48, i32 4294967295, i32 0, i32 0"   --->   Operation 75 'specinterface' 'specinterface_ln0' <Predicate = true> <Delay = 0.00>
ST_1 : Operation 76 [1/1] (0.36ns)   --->   "%store_ln121 = store i6 0, i6 %i_3" [llama_hls_top.cpp:121]   --->   Operation 76 'store' 'store_ln121' <Predicate = true> <Delay = 0.36>
ST_1 : Operation 77 [1/1] (0.00ns)   --->   "%br_ln0 = br void %for.inc31"   --->   Operation 77 'br' 'br_ln0' <Predicate = true> <Delay = 0.00>
ST_1 : Operation 78 [1/1] (0.00ns)   --->   "%i = load i6 %i_3" [llama_hls_top.cpp:121]   --->   Operation 78 'load' 'i' <Predicate = true> <Delay = 0.00>
ST_1 : Operation 79 [1/1] (0.66ns)   --->   "%add_ln121 = add i6 %i, i6 1" [llama_hls_top.cpp:121]   --->   Operation 79 'add' 'add_ln121' <Predicate = true> <Delay = 0.66> <CoreInst = "Adder">   --->   Core 1 'Adder' <Latency = 0> <II = 1> <Delay = 0.66> <FuncUnit> <Opcode : 'add' 'sub'> <InPorts = 2> <OutPorts = 1>
ST_1 : Operation 80 [1/1] (0.00ns)   --->   "%specbitsmap_ln0 = specbitsmap void @_ssdm_op_SpecBitsMap, i32 %gmem16"   --->   Operation 80 'specbitsmap' 'specbitsmap_ln0' <Predicate = true> <Delay = 0.00>
ST_1 : Operation 81 [1/1] (0.00ns)   --->   "%specbitsmap_ln0 = specbitsmap void @_ssdm_op_SpecBitsMap, i32 %gmem15"   --->   Operation 81 'specbitsmap' 'specbitsmap_ln0' <Predicate = true> <Delay = 0.00>
ST_1 : Operation 82 [1/1] (0.54ns)   --->   "%icmp_ln121 = icmp_eq  i6 %i, i6 32" [llama_hls_top.cpp:121]   --->   Operation 82 'icmp' 'icmp_ln121' <Predicate = true> <Delay = 0.54> <CoreInst = "ICmp_EQ">   --->   Core 156 'ICmp_EQ' <Latency = 0> <II = 1> <Delay = 0.54> <FuncUnit> <Opcode : 'seteq' 'setne'> <InPorts = 2> <OutPorts = 1>
ST_1 : Operation 83 [1/1] (0.00ns)   --->   "%br_ln121 = br i1 %icmp_ln121, void %for.inc31.split, void %residual_attn.exitStub" [llama_hls_top.cpp:121]   --->   Operation 83 'br' 'br_ln121' <Predicate = true> <Delay = 0.00>
ST_1 : Operation 84 [1/1] (0.00ns)   --->   "%trunc_ln121 = trunc i6 %i" [llama_hls_top.cpp:121]   --->   Operation 84 'trunc' 'trunc_ln121' <Predicate = (!icmp_ln121)> <Delay = 0.00>
ST_1 : Operation 85 [1/1] (0.49ns)   --->   "%switch_ln124 = switch i5 %trunc_ln121, void %arrayidx30.case.31, i5 0, void %arrayidx30.case.0, i5 1, void %arrayidx30.case.1, i5 2, void %arrayidx30.case.2, i5 3, void %arrayidx30.case.3, i5 4, void %arrayidx30.case.4, i5 5, void %arrayidx30.case.5, i5 6, void %arrayidx30.case.6, i5 7, void %arrayidx30.case.7, i5 8, void %arrayidx30.case.8, i5 9, void %arrayidx30.case.9, i5 10, void %arrayidx30.case.10, i5 11, void %arrayidx30.case.11, i5 12, void %arrayidx30.case.12, i5 13, void %arrayidx30.case.13, i5 14, void %arrayidx30.case.14, i5 15, void %arrayidx30.case.15, i5 16, void %arrayidx30.case.16, i5 17, void %arrayidx30.case.17, i5 18, void %arrayidx30.case.18, i5 19, void %arrayidx30.case.19, i5 20, void %arrayidx30.case.20, i5 21, void %arrayidx30.case.21, i5 22, void %arrayidx30.case.22, i5 23, void %arrayidx30.case.23, i5 24, void %arrayidx30.case.24, i5 25, void %arrayidx30.case.25, i5 26, void %arrayidx30.case.26, i5 27, void %arrayidx30.case.27, i5 28, void %arrayidx30.case.28, i5 29, void %arrayidx30.case.29, i5 30, void %for.inc31.split.arrayidx30.exit_crit_edge" [llama_hls_top.cpp:124]   --->   Operation 85 'switch' 'switch_ln124' <Predicate = (!icmp_ln121)> <Delay = 0.49>
ST_1 : Operation 86 [1/1] (0.36ns)   --->   "%store_ln121 = store i6 %add_ln121, i6 %i_3" [llama_hls_top.cpp:121]   --->   Operation 86 'store' 'store_ln121' <Predicate = (!icmp_ln121)> <Delay = 0.36>
ST_1 : Operation 87 [1/1] (0.00ns)   --->   "%br_ln121 = br void %for.inc31" [llama_hls_top.cpp:121]   --->   Operation 87 'br' 'br_ln121' <Predicate = (!icmp_ln121)> <Delay = 0.00>
ST_1 : Operation 195 [1/1] (0.00ns)   --->   "%p_load68 = load i32 %empty"   --->   Operation 195 'load' 'p_load68' <Predicate = (icmp_ln121)> <Delay = 0.00>
ST_1 : Operation 196 [1/1] (0.00ns)   --->   "%p_load67 = load i32 %empty_113"   --->   Operation 196 'load' 'p_load67' <Predicate = (icmp_ln121)> <Delay = 0.00>
ST_1 : Operation 197 [1/1] (0.00ns)   --->   "%p_load66 = load i32 %empty_114"   --->   Operation 197 'load' 'p_load66' <Predicate = (icmp_ln121)> <Delay = 0.00>
ST_1 : Operation 198 [1/1] (0.00ns)   --->   "%p_load65 = load i32 %empty_115"   --->   Operation 198 'load' 'p_load65' <Predicate = (icmp_ln121)> <Delay = 0.00>
ST_1 : Operation 199 [1/1] (0.00ns)   --->   "%p_load64 = load i32 %empty_116"   --->   Operation 199 'load' 'p_load64' <Predicate = (icmp_ln121)> <Delay = 0.00>
ST_1 : Operation 200 [1/1] (0.00ns)   --->   "%p_load63 = load i32 %empty_117"   --->   Operation 200 'load' 'p_load63' <Predicate = (icmp_ln121)> <Delay = 0.00>
ST_1 : Operation 201 [1/1] (0.00ns)   --->   "%p_load62 = load i32 %empty_118"   --->   Operation 201 'load' 'p_load62' <Predicate = (icmp_ln121)> <Delay = 0.00>
ST_1 : Operation 202 [1/1] (0.00ns)   --->   "%p_load61 = load i32 %empty_119"   --->   Operation 202 'load' 'p_load61' <Predicate = (icmp_ln121)> <Delay = 0.00>
ST_1 : Operation 203 [1/1] (0.00ns)   --->   "%p_load60 = load i32 %empty_120"   --->   Operation 203 'load' 'p_load60' <Predicate = (icmp_ln121)> <Delay = 0.00>
ST_1 : Operation 204 [1/1] (0.00ns)   --->   "%p_load59 = load i32 %empty_121"   --->   Operation 204 'load' 'p_load59' <Predicate = (icmp_ln121)> <Delay = 0.00>
ST_1 : Operation 205 [1/1] (0.00ns)   --->   "%p_load58 = load i32 %empty_122"   --->   Operation 205 'load' 'p_load58' <Predicate = (icmp_ln121)> <Delay = 0.00>
ST_1 : Operation 206 [1/1] (0.00ns)   --->   "%p_load57 = load i32 %empty_123"   --->   Operation 206 'load' 'p_load57' <Predicate = (icmp_ln121)> <Delay = 0.00>
ST_1 : Operation 207 [1/1] (0.00ns)   --->   "%p_load56 = load i32 %empty_124"   --->   Operation 207 'load' 'p_load56' <Predicate = (icmp_ln121)> <Delay = 0.00>
ST_1 : Operation 208 [1/1] (0.00ns)   --->   "%p_load55 = load i32 %empty_125"   --->   Operation 208 'load' 'p_load55' <Predicate = (icmp_ln121)> <Delay = 0.00>
ST_1 : Operation 209 [1/1] (0.00ns)   --->   "%p_load54 = load i32 %empty_126"   --->   Operation 209 'load' 'p_load54' <Predicate = (icmp_ln121)> <Delay = 0.00>
ST_1 : Operation 210 [1/1] (0.00ns)   --->   "%p_load53 = load i32 %empty_127"   --->   Operation 210 'load' 'p_load53' <Predicate = (icmp_ln121)> <Delay = 0.00>
ST_1 : Operation 211 [1/1] (0.00ns)   --->   "%p_load52 = load i32 %empty_128"   --->   Operation 211 'load' 'p_load52' <Predicate = (icmp_ln121)> <Delay = 0.00>
ST_1 : Operation 212 [1/1] (0.00ns)   --->   "%p_load51 = load i32 %empty_129"   --->   Operation 212 'load' 'p_load51' <Predicate = (icmp_ln121)> <Delay = 0.00>
ST_1 : Operation 213 [1/1] (0.00ns)   --->   "%p_load50 = load i32 %empty_130"   --->   Operation 213 'load' 'p_load50' <Predicate = (icmp_ln121)> <Delay = 0.00>
ST_1 : Operation 214 [1/1] (0.00ns)   --->   "%p_load49 = load i32 %empty_131"   --->   Operation 214 'load' 'p_load49' <Predicate = (icmp_ln121)> <Delay = 0.00>
ST_1 : Operation 215 [1/1] (0.00ns)   --->   "%p_load48 = load i32 %empty_132"   --->   Operation 215 'load' 'p_load48' <Predicate = (icmp_ln121)> <Delay = 0.00>
ST_1 : Operation 216 [1/1] (0.00ns)   --->   "%p_load47 = load i32 %empty_133"   --->   Operation 216 'load' 'p_load47' <Predicate = (icmp_ln121)> <Delay = 0.00>
ST_1 : Operation 217 [1/1] (0.00ns)   --->   "%p_load46 = load i32 %empty_134"   --->   Operation 217 'load' 'p_load46' <Predicate = (icmp_ln121)> <Delay = 0.00>
ST_1 : Operation 218 [1/1] (0.00ns)   --->   "%p_load45 = load i32 %empty_135"   --->   Operation 218 'load' 'p_load45' <Predicate = (icmp_ln121)> <Delay = 0.00>
ST_1 : Operation 219 [1/1] (0.00ns)   --->   "%p_load44 = load i32 %empty_136"   --->   Operation 219 'load' 'p_load44' <Predicate = (icmp_ln121)> <Delay = 0.00>
ST_1 : Operation 220 [1/1] (0.00ns)   --->   "%p_load43 = load i32 %empty_137"   --->   Operation 220 'load' 'p_load43' <Predicate = (icmp_ln121)> <Delay = 0.00>
ST_1 : Operation 221 [1/1] (0.00ns)   --->   "%p_load42 = load i32 %empty_138"   --->   Operation 221 'load' 'p_load42' <Predicate = (icmp_ln121)> <Delay = 0.00>
ST_1 : Operation 222 [1/1] (0.00ns)   --->   "%p_load41 = load i32 %empty_139"   --->   Operation 222 'load' 'p_load41' <Predicate = (icmp_ln121)> <Delay = 0.00>
ST_1 : Operation 223 [1/1] (0.00ns)   --->   "%p_load40 = load i32 %empty_140"   --->   Operation 223 'load' 'p_load40' <Predicate = (icmp_ln121)> <Delay = 0.00>
ST_1 : Operation 224 [1/1] (0.00ns)   --->   "%p_load39 = load i32 %empty_141"   --->   Operation 224 'load' 'p_load39' <Predicate = (icmp_ln121)> <Delay = 0.00>
ST_1 : Operation 225 [1/1] (0.00ns)   --->   "%p_load38 = load i32 %empty_142"   --->   Operation 225 'load' 'p_load38' <Predicate = (icmp_ln121)> <Delay = 0.00>
ST_1 : Operation 226 [1/1] (0.00ns)   --->   "%p_load37 = load i32 %empty_143"   --->   Operation 226 'load' 'p_load37' <Predicate = (icmp_ln121)> <Delay = 0.00>
ST_1 : Operation 227 [1/1] (0.00ns)   --->   "%p_load36 = load i32 %empty_144"   --->   Operation 227 'load' 'p_load36' <Predicate = (icmp_ln121)> <Delay = 0.00>
ST_1 : Operation 228 [1/1] (0.00ns)   --->   "%p_load35 = load i32 %empty_145"   --->   Operation 228 'load' 'p_load35' <Predicate = (icmp_ln121)> <Delay = 0.00>
ST_1 : Operation 229 [1/1] (0.00ns)   --->   "%p_load34 = load i32 %empty_146"   --->   Operation 229 'load' 'p_load34' <Predicate = (icmp_ln121)> <Delay = 0.00>
ST_1 : Operation 230 [1/1] (0.00ns)   --->   "%p_load33 = load i32 %empty_147"   --->   Operation 230 'load' 'p_load33' <Predicate = (icmp_ln121)> <Delay = 0.00>
ST_1 : Operation 231 [1/1] (0.00ns)   --->   "%p_load32 = load i32 %empty_148"   --->   Operation 231 'load' 'p_load32' <Predicate = (icmp_ln121)> <Delay = 0.00>
ST_1 : Operation 232 [1/1] (0.00ns)   --->   "%p_load31 = load i32 %empty_149"   --->   Operation 232 'load' 'p_load31' <Predicate = (icmp_ln121)> <Delay = 0.00>
ST_1 : Operation 233 [1/1] (0.00ns)   --->   "%p_load30 = load i32 %empty_150"   --->   Operation 233 'load' 'p_load30' <Predicate = (icmp_ln121)> <Delay = 0.00>
ST_1 : Operation 234 [1/1] (0.00ns)   --->   "%p_load29 = load i32 %empty_151"   --->   Operation 234 'load' 'p_load29' <Predicate = (icmp_ln121)> <Delay = 0.00>
ST_1 : Operation 235 [1/1] (0.00ns)   --->   "%p_load28 = load i32 %empty_152"   --->   Operation 235 'load' 'p_load28' <Predicate = (icmp_ln121)> <Delay = 0.00>
ST_1 : Operation 236 [1/1] (0.00ns)   --->   "%p_load27 = load i32 %empty_153"   --->   Operation 236 'load' 'p_load27' <Predicate = (icmp_ln121)> <Delay = 0.00>
ST_1 : Operation 237 [1/1] (0.00ns)   --->   "%p_load26 = load i32 %empty_154"   --->   Operation 237 'load' 'p_load26' <Predicate = (icmp_ln121)> <Delay = 0.00>
ST_1 : Operation 238 [1/1] (0.00ns)   --->   "%p_load25 = load i32 %empty_155"   --->   Operation 238 'load' 'p_load25' <Predicate = (icmp_ln121)> <Delay = 0.00>
ST_1 : Operation 239 [1/1] (0.00ns)   --->   "%p_load24 = load i32 %empty_156"   --->   Operation 239 'load' 'p_load24' <Predicate = (icmp_ln121)> <Delay = 0.00>
ST_1 : Operation 240 [1/1] (0.00ns)   --->   "%p_load23 = load i32 %empty_157"   --->   Operation 240 'load' 'p_load23' <Predicate = (icmp_ln121)> <Delay = 0.00>
ST_1 : Operation 241 [1/1] (0.00ns)   --->   "%p_load22 = load i32 %empty_158"   --->   Operation 241 'load' 'p_load22' <Predicate = (icmp_ln121)> <Delay = 0.00>
ST_1 : Operation 242 [1/1] (0.00ns)   --->   "%p_load21 = load i32 %empty_159"   --->   Operation 242 'load' 'p_load21' <Predicate = (icmp_ln121)> <Delay = 0.00>
ST_1 : Operation 243 [1/1] (0.00ns)   --->   "%p_load20 = load i32 %empty_160"   --->   Operation 243 'load' 'p_load20' <Predicate = (icmp_ln121)> <Delay = 0.00>
ST_1 : Operation 244 [1/1] (0.00ns)   --->   "%p_load19 = load i32 %empty_161"   --->   Operation 244 'load' 'p_load19' <Predicate = (icmp_ln121)> <Delay = 0.00>
ST_1 : Operation 245 [1/1] (0.00ns)   --->   "%p_load18 = load i32 %empty_162"   --->   Operation 245 'load' 'p_load18' <Predicate = (icmp_ln121)> <Delay = 0.00>
ST_1 : Operation 246 [1/1] (0.00ns)   --->   "%p_load17 = load i32 %empty_163"   --->   Operation 246 'load' 'p_load17' <Predicate = (icmp_ln121)> <Delay = 0.00>
ST_1 : Operation 247 [1/1] (0.00ns)   --->   "%p_load16 = load i32 %empty_164"   --->   Operation 247 'load' 'p_load16' <Predicate = (icmp_ln121)> <Delay = 0.00>
ST_1 : Operation 248 [1/1] (0.00ns)   --->   "%p_load15 = load i32 %empty_165"   --->   Operation 248 'load' 'p_load15' <Predicate = (icmp_ln121)> <Delay = 0.00>
ST_1 : Operation 249 [1/1] (0.00ns)   --->   "%p_load14 = load i32 %empty_166"   --->   Operation 249 'load' 'p_load14' <Predicate = (icmp_ln121)> <Delay = 0.00>
ST_1 : Operation 250 [1/1] (0.00ns)   --->   "%p_load13 = load i32 %empty_167"   --->   Operation 250 'load' 'p_load13' <Predicate = (icmp_ln121)> <Delay = 0.00>
ST_1 : Operation 251 [1/1] (0.00ns)   --->   "%p_load12 = load i32 %empty_168"   --->   Operation 251 'load' 'p_load12' <Predicate = (icmp_ln121)> <Delay = 0.00>
ST_1 : Operation 252 [1/1] (0.00ns)   --->   "%p_load11 = load i32 %empty_169"   --->   Operation 252 'load' 'p_load11' <Predicate = (icmp_ln121)> <Delay = 0.00>
ST_1 : Operation 253 [1/1] (0.00ns)   --->   "%p_load10 = load i32 %empty_170"   --->   Operation 253 'load' 'p_load10' <Predicate = (icmp_ln121)> <Delay = 0.00>
ST_1 : Operation 254 [1/1] (0.00ns)   --->   "%p_load9 = load i32 %empty_171"   --->   Operation 254 'load' 'p_load9' <Predicate = (icmp_ln121)> <Delay = 0.00>
ST_1 : Operation 255 [1/1] (0.00ns)   --->   "%p_load8 = load i32 %empty_172"   --->   Operation 255 'load' 'p_load8' <Predicate = (icmp_ln121)> <Delay = 0.00>
ST_1 : Operation 256 [1/1] (0.00ns)   --->   "%p_load7 = load i32 %empty_173"   --->   Operation 256 'load' 'p_load7' <Predicate = (icmp_ln121)> <Delay = 0.00>
ST_1 : Operation 257 [1/1] (0.00ns)   --->   "%p_load6 = load i32 %empty_174"   --->   Operation 257 'load' 'p_load6' <Predicate = (icmp_ln121)> <Delay = 0.00>
ST_1 : Operation 258 [1/1] (0.00ns)   --->   "%p_load = load i32 %empty_175"   --->   Operation 258 'load' 'p_load' <Predicate = (icmp_ln121)> <Delay = 0.00>
ST_1 : Operation 259 [1/1] (0.00ns)   --->   "%write_ln0 = write void @_ssdm_op_Write.ap_auto.floatP0A, i32 %p_out, i32 %p_load"   --->   Operation 259 'write' 'write_ln0' <Predicate = (icmp_ln121)> <Delay = 0.00>
ST_1 : Operation 260 [1/1] (0.00ns)   --->   "%write_ln0 = write void @_ssdm_op_Write.ap_auto.floatP0A, i32 %p_out1, i32 %p_load6"   --->   Operation 260 'write' 'write_ln0' <Predicate = (icmp_ln121)> <Delay = 0.00>
ST_1 : Operation 261 [1/1] (0.00ns)   --->   "%write_ln0 = write void @_ssdm_op_Write.ap_auto.floatP0A, i32 %p_out2, i32 %p_load7"   --->   Operation 261 'write' 'write_ln0' <Predicate = (icmp_ln121)> <Delay = 0.00>
ST_1 : Operation 262 [1/1] (0.00ns)   --->   "%write_ln0 = write void @_ssdm_op_Write.ap_auto.floatP0A, i32 %p_out3, i32 %p_load8"   --->   Operation 262 'write' 'write_ln0' <Predicate = (icmp_ln121)> <Delay = 0.00>
ST_1 : Operation 263 [1/1] (0.00ns)   --->   "%write_ln0 = write void @_ssdm_op_Write.ap_auto.floatP0A, i32 %p_out4, i32 %p_load9"   --->   Operation 263 'write' 'write_ln0' <Predicate = (icmp_ln121)> <Delay = 0.00>
ST_1 : Operation 264 [1/1] (0.00ns)   --->   "%write_ln0 = write void @_ssdm_op_Write.ap_auto.floatP0A, i32 %p_out5, i32 %p_load10"   --->   Operation 264 'write' 'write_ln0' <Predicate = (icmp_ln121)> <Delay = 0.00>
ST_1 : Operation 265 [1/1] (0.00ns)   --->   "%write_ln0 = write void @_ssdm_op_Write.ap_auto.floatP0A, i32 %p_out6, i32 %p_load11"   --->   Operation 265 'write' 'write_ln0' <Predicate = (icmp_ln121)> <Delay = 0.00>
ST_1 : Operation 266 [1/1] (0.00ns)   --->   "%write_ln0 = write void @_ssdm_op_Write.ap_auto.floatP0A, i32 %p_out7, i32 %p_load12"   --->   Operation 266 'write' 'write_ln0' <Predicate = (icmp_ln121)> <Delay = 0.00>
ST_1 : Operation 267 [1/1] (0.00ns)   --->   "%write_ln0 = write void @_ssdm_op_Write.ap_auto.floatP0A, i32 %p_out8, i32 %p_load13"   --->   Operation 267 'write' 'write_ln0' <Predicate = (icmp_ln121)> <Delay = 0.00>
ST_1 : Operation 268 [1/1] (0.00ns)   --->   "%write_ln0 = write void @_ssdm_op_Write.ap_auto.floatP0A, i32 %p_out9, i32 %p_load14"   --->   Operation 268 'write' 'write_ln0' <Predicate = (icmp_ln121)> <Delay = 0.00>
ST_1 : Operation 269 [1/1] (0.00ns)   --->   "%write_ln0 = write void @_ssdm_op_Write.ap_auto.floatP0A, i32 %p_out10, i32 %p_load15"   --->   Operation 269 'write' 'write_ln0' <Predicate = (icmp_ln121)> <Delay = 0.00>
ST_1 : Operation 270 [1/1] (0.00ns)   --->   "%write_ln0 = write void @_ssdm_op_Write.ap_auto.floatP0A, i32 %p_out11, i32 %p_load16"   --->   Operation 270 'write' 'write_ln0' <Predicate = (icmp_ln121)> <Delay = 0.00>
ST_1 : Operation 271 [1/1] (0.00ns)   --->   "%write_ln0 = write void @_ssdm_op_Write.ap_auto.floatP0A, i32 %p_out12, i32 %p_load17"   --->   Operation 271 'write' 'write_ln0' <Predicate = (icmp_ln121)> <Delay = 0.00>
ST_1 : Operation 272 [1/1] (0.00ns)   --->   "%write_ln0 = write void @_ssdm_op_Write.ap_auto.floatP0A, i32 %p_out13, i32 %p_load18"   --->   Operation 272 'write' 'write_ln0' <Predicate = (icmp_ln121)> <Delay = 0.00>
ST_1 : Operation 273 [1/1] (0.00ns)   --->   "%write_ln0 = write void @_ssdm_op_Write.ap_auto.floatP0A, i32 %p_out14, i32 %p_load19"   --->   Operation 273 'write' 'write_ln0' <Predicate = (icmp_ln121)> <Delay = 0.00>
ST_1 : Operation 274 [1/1] (0.00ns)   --->   "%write_ln0 = write void @_ssdm_op_Write.ap_auto.floatP0A, i32 %p_out15, i32 %p_load20"   --->   Operation 274 'write' 'write_ln0' <Predicate = (icmp_ln121)> <Delay = 0.00>
ST_1 : Operation 275 [1/1] (0.00ns)   --->   "%write_ln0 = write void @_ssdm_op_Write.ap_auto.floatP0A, i32 %p_out16, i32 %p_load21"   --->   Operation 275 'write' 'write_ln0' <Predicate = (icmp_ln121)> <Delay = 0.00>
ST_1 : Operation 276 [1/1] (0.00ns)   --->   "%write_ln0 = write void @_ssdm_op_Write.ap_auto.floatP0A, i32 %p_out17, i32 %p_load22"   --->   Operation 276 'write' 'write_ln0' <Predicate = (icmp_ln121)> <Delay = 0.00>
ST_1 : Operation 277 [1/1] (0.00ns)   --->   "%write_ln0 = write void @_ssdm_op_Write.ap_auto.floatP0A, i32 %p_out18, i32 %p_load23"   --->   Operation 277 'write' 'write_ln0' <Predicate = (icmp_ln121)> <Delay = 0.00>
ST_1 : Operation 278 [1/1] (0.00ns)   --->   "%write_ln0 = write void @_ssdm_op_Write.ap_auto.floatP0A, i32 %p_out19, i32 %p_load24"   --->   Operation 278 'write' 'write_ln0' <Predicate = (icmp_ln121)> <Delay = 0.00>
ST_1 : Operation 279 [1/1] (0.00ns)   --->   "%write_ln0 = write void @_ssdm_op_Write.ap_auto.floatP0A, i32 %p_out20, i32 %p_load25"   --->   Operation 279 'write' 'write_ln0' <Predicate = (icmp_ln121)> <Delay = 0.00>
ST_1 : Operation 280 [1/1] (0.00ns)   --->   "%write_ln0 = write void @_ssdm_op_Write.ap_auto.floatP0A, i32 %p_out21, i32 %p_load26"   --->   Operation 280 'write' 'write_ln0' <Predicate = (icmp_ln121)> <Delay = 0.00>
ST_1 : Operation 281 [1/1] (0.00ns)   --->   "%write_ln0 = write void @_ssdm_op_Write.ap_auto.floatP0A, i32 %p_out22, i32 %p_load27"   --->   Operation 281 'write' 'write_ln0' <Predicate = (icmp_ln121)> <Delay = 0.00>
ST_1 : Operation 282 [1/1] (0.00ns)   --->   "%write_ln0 = write void @_ssdm_op_Write.ap_auto.floatP0A, i32 %p_out23, i32 %p_load28"   --->   Operation 282 'write' 'write_ln0' <Predicate = (icmp_ln121)> <Delay = 0.00>
ST_1 : Operation 283 [1/1] (0.00ns)   --->   "%write_ln0 = write void @_ssdm_op_Write.ap_auto.floatP0A, i32 %p_out24, i32 %p_load29"   --->   Operation 283 'write' 'write_ln0' <Predicate = (icmp_ln121)> <Delay = 0.00>
ST_1 : Operation 284 [1/1] (0.00ns)   --->   "%write_ln0 = write void @_ssdm_op_Write.ap_auto.floatP0A, i32 %p_out25, i32 %p_load30"   --->   Operation 284 'write' 'write_ln0' <Predicate = (icmp_ln121)> <Delay = 0.00>
ST_1 : Operation 285 [1/1] (0.00ns)   --->   "%write_ln0 = write void @_ssdm_op_Write.ap_auto.floatP0A, i32 %p_out26, i32 %p_load31"   --->   Operation 285 'write' 'write_ln0' <Predicate = (icmp_ln121)> <Delay = 0.00>
ST_1 : Operation 286 [1/1] (0.00ns)   --->   "%write_ln0 = write void @_ssdm_op_Write.ap_auto.floatP0A, i32 %p_out27, i32 %p_load32"   --->   Operation 286 'write' 'write_ln0' <Predicate = (icmp_ln121)> <Delay = 0.00>
ST_1 : Operation 287 [1/1] (0.00ns)   --->   "%write_ln0 = write void @_ssdm_op_Write.ap_auto.floatP0A, i32 %p_out28, i32 %p_load33"   --->   Operation 287 'write' 'write_ln0' <Predicate = (icmp_ln121)> <Delay = 0.00>
ST_1 : Operation 288 [1/1] (0.00ns)   --->   "%write_ln0 = write void @_ssdm_op_Write.ap_auto.floatP0A, i32 %p_out29, i32 %p_load34"   --->   Operation 288 'write' 'write_ln0' <Predicate = (icmp_ln121)> <Delay = 0.00>
ST_1 : Operation 289 [1/1] (0.00ns)   --->   "%write_ln0 = write void @_ssdm_op_Write.ap_auto.floatP0A, i32 %p_out30, i32 %p_load35"   --->   Operation 289 'write' 'write_ln0' <Predicate = (icmp_ln121)> <Delay = 0.00>
ST_1 : Operation 290 [1/1] (0.00ns)   --->   "%write_ln0 = write void @_ssdm_op_Write.ap_auto.floatP0A, i32 %p_out31, i32 %p_load36"   --->   Operation 290 'write' 'write_ln0' <Predicate = (icmp_ln121)> <Delay = 0.00>
ST_1 : Operation 291 [1/1] (0.00ns)   --->   "%write_ln0 = write void @_ssdm_op_Write.ap_auto.floatP0A, i32 %p_out32, i32 %p_load37"   --->   Operation 291 'write' 'write_ln0' <Predicate = (icmp_ln121)> <Delay = 0.00>
ST_1 : Operation 292 [1/1] (0.00ns)   --->   "%write_ln0 = write void @_ssdm_op_Write.ap_auto.floatP0A, i32 %p_out33, i32 %p_load38"   --->   Operation 292 'write' 'write_ln0' <Predicate = (icmp_ln121)> <Delay = 0.00>
ST_1 : Operation 293 [1/1] (0.00ns)   --->   "%write_ln0 = write void @_ssdm_op_Write.ap_auto.floatP0A, i32 %p_out34, i32 %p_load39"   --->   Operation 293 'write' 'write_ln0' <Predicate = (icmp_ln121)> <Delay = 0.00>
ST_1 : Operation 294 [1/1] (0.00ns)   --->   "%write_ln0 = write void @_ssdm_op_Write.ap_auto.floatP0A, i32 %p_out35, i32 %p_load40"   --->   Operation 294 'write' 'write_ln0' <Predicate = (icmp_ln121)> <Delay = 0.00>
ST_1 : Operation 295 [1/1] (0.00ns)   --->   "%write_ln0 = write void @_ssdm_op_Write.ap_auto.floatP0A, i32 %p_out36, i32 %p_load41"   --->   Operation 295 'write' 'write_ln0' <Predicate = (icmp_ln121)> <Delay = 0.00>
ST_1 : Operation 296 [1/1] (0.00ns)   --->   "%write_ln0 = write void @_ssdm_op_Write.ap_auto.floatP0A, i32 %p_out37, i32 %p_load42"   --->   Operation 296 'write' 'write_ln0' <Predicate = (icmp_ln121)> <Delay = 0.00>
ST_1 : Operation 297 [1/1] (0.00ns)   --->   "%write_ln0 = write void @_ssdm_op_Write.ap_auto.floatP0A, i32 %p_out38, i32 %p_load43"   --->   Operation 297 'write' 'write_ln0' <Predicate = (icmp_ln121)> <Delay = 0.00>
ST_1 : Operation 298 [1/1] (0.00ns)   --->   "%write_ln0 = write void @_ssdm_op_Write.ap_auto.floatP0A, i32 %p_out39, i32 %p_load44"   --->   Operation 298 'write' 'write_ln0' <Predicate = (icmp_ln121)> <Delay = 0.00>
ST_1 : Operation 299 [1/1] (0.00ns)   --->   "%write_ln0 = write void @_ssdm_op_Write.ap_auto.floatP0A, i32 %p_out40, i32 %p_load45"   --->   Operation 299 'write' 'write_ln0' <Predicate = (icmp_ln121)> <Delay = 0.00>
ST_1 : Operation 300 [1/1] (0.00ns)   --->   "%write_ln0 = write void @_ssdm_op_Write.ap_auto.floatP0A, i32 %p_out41, i32 %p_load46"   --->   Operation 300 'write' 'write_ln0' <Predicate = (icmp_ln121)> <Delay = 0.00>
ST_1 : Operation 301 [1/1] (0.00ns)   --->   "%write_ln0 = write void @_ssdm_op_Write.ap_auto.floatP0A, i32 %p_out42, i32 %p_load47"   --->   Operation 301 'write' 'write_ln0' <Predicate = (icmp_ln121)> <Delay = 0.00>
ST_1 : Operation 302 [1/1] (0.00ns)   --->   "%write_ln0 = write void @_ssdm_op_Write.ap_auto.floatP0A, i32 %p_out43, i32 %p_load48"   --->   Operation 302 'write' 'write_ln0' <Predicate = (icmp_ln121)> <Delay = 0.00>
ST_1 : Operation 303 [1/1] (0.00ns)   --->   "%write_ln0 = write void @_ssdm_op_Write.ap_auto.floatP0A, i32 %p_out44, i32 %p_load49"   --->   Operation 303 'write' 'write_ln0' <Predicate = (icmp_ln121)> <Delay = 0.00>
ST_1 : Operation 304 [1/1] (0.00ns)   --->   "%write_ln0 = write void @_ssdm_op_Write.ap_auto.floatP0A, i32 %p_out45, i32 %p_load50"   --->   Operation 304 'write' 'write_ln0' <Predicate = (icmp_ln121)> <Delay = 0.00>
ST_1 : Operation 305 [1/1] (0.00ns)   --->   "%write_ln0 = write void @_ssdm_op_Write.ap_auto.floatP0A, i32 %p_out46, i32 %p_load51"   --->   Operation 305 'write' 'write_ln0' <Predicate = (icmp_ln121)> <Delay = 0.00>
ST_1 : Operation 306 [1/1] (0.00ns)   --->   "%write_ln0 = write void @_ssdm_op_Write.ap_auto.floatP0A, i32 %p_out47, i32 %p_load52"   --->   Operation 306 'write' 'write_ln0' <Predicate = (icmp_ln121)> <Delay = 0.00>
ST_1 : Operation 307 [1/1] (0.00ns)   --->   "%write_ln0 = write void @_ssdm_op_Write.ap_auto.floatP0A, i32 %p_out48, i32 %p_load53"   --->   Operation 307 'write' 'write_ln0' <Predicate = (icmp_ln121)> <Delay = 0.00>
ST_1 : Operation 308 [1/1] (0.00ns)   --->   "%write_ln0 = write void @_ssdm_op_Write.ap_auto.floatP0A, i32 %p_out49, i32 %p_load54"   --->   Operation 308 'write' 'write_ln0' <Predicate = (icmp_ln121)> <Delay = 0.00>
ST_1 : Operation 309 [1/1] (0.00ns)   --->   "%write_ln0 = write void @_ssdm_op_Write.ap_auto.floatP0A, i32 %p_out50, i32 %p_load55"   --->   Operation 309 'write' 'write_ln0' <Predicate = (icmp_ln121)> <Delay = 0.00>
ST_1 : Operation 310 [1/1] (0.00ns)   --->   "%write_ln0 = write void @_ssdm_op_Write.ap_auto.floatP0A, i32 %p_out51, i32 %p_load56"   --->   Operation 310 'write' 'write_ln0' <Predicate = (icmp_ln121)> <Delay = 0.00>
ST_1 : Operation 311 [1/1] (0.00ns)   --->   "%write_ln0 = write void @_ssdm_op_Write.ap_auto.floatP0A, i32 %p_out52, i32 %p_load57"   --->   Operation 311 'write' 'write_ln0' <Predicate = (icmp_ln121)> <Delay = 0.00>
ST_1 : Operation 312 [1/1] (0.00ns)   --->   "%write_ln0 = write void @_ssdm_op_Write.ap_auto.floatP0A, i32 %p_out53, i32 %p_load58"   --->   Operation 312 'write' 'write_ln0' <Predicate = (icmp_ln121)> <Delay = 0.00>
ST_1 : Operation 313 [1/1] (0.00ns)   --->   "%write_ln0 = write void @_ssdm_op_Write.ap_auto.floatP0A, i32 %p_out54, i32 %p_load59"   --->   Operation 313 'write' 'write_ln0' <Predicate = (icmp_ln121)> <Delay = 0.00>
ST_1 : Operation 314 [1/1] (0.00ns)   --->   "%write_ln0 = write void @_ssdm_op_Write.ap_auto.floatP0A, i32 %p_out55, i32 %p_load60"   --->   Operation 314 'write' 'write_ln0' <Predicate = (icmp_ln121)> <Delay = 0.00>
ST_1 : Operation 315 [1/1] (0.00ns)   --->   "%write_ln0 = write void @_ssdm_op_Write.ap_auto.floatP0A, i32 %p_out56, i32 %p_load61"   --->   Operation 315 'write' 'write_ln0' <Predicate = (icmp_ln121)> <Delay = 0.00>
ST_1 : Operation 316 [1/1] (0.00ns)   --->   "%write_ln0 = write void @_ssdm_op_Write.ap_auto.floatP0A, i32 %p_out57, i32 %p_load62"   --->   Operation 316 'write' 'write_ln0' <Predicate = (icmp_ln121)> <Delay = 0.00>
ST_1 : Operation 317 [1/1] (0.00ns)   --->   "%write_ln0 = write void @_ssdm_op_Write.ap_auto.floatP0A, i32 %p_out58, i32 %p_load63"   --->   Operation 317 'write' 'write_ln0' <Predicate = (icmp_ln121)> <Delay = 0.00>
ST_1 : Operation 318 [1/1] (0.00ns)   --->   "%write_ln0 = write void @_ssdm_op_Write.ap_auto.floatP0A, i32 %p_out59, i32 %p_load64"   --->   Operation 318 'write' 'write_ln0' <Predicate = (icmp_ln121)> <Delay = 0.00>
ST_1 : Operation 319 [1/1] (0.00ns)   --->   "%write_ln0 = write void @_ssdm_op_Write.ap_auto.floatP0A, i32 %p_out60, i32 %p_load65"   --->   Operation 319 'write' 'write_ln0' <Predicate = (icmp_ln121)> <Delay = 0.00>
ST_1 : Operation 320 [1/1] (0.00ns)   --->   "%write_ln0 = write void @_ssdm_op_Write.ap_auto.floatP0A, i32 %p_out61, i32 %p_load66"   --->   Operation 320 'write' 'write_ln0' <Predicate = (icmp_ln121)> <Delay = 0.00>
ST_1 : Operation 321 [1/1] (0.00ns)   --->   "%write_ln0 = write void @_ssdm_op_Write.ap_auto.floatP0A, i32 %p_out62, i32 %p_load67"   --->   Operation 321 'write' 'write_ln0' <Predicate = (icmp_ln121)> <Delay = 0.00>
ST_1 : Operation 322 [1/1] (0.00ns)   --->   "%write_ln0 = write void @_ssdm_op_Write.ap_auto.floatP0A, i32 %p_out63, i32 %p_load68"   --->   Operation 322 'write' 'write_ln0' <Predicate = (icmp_ln121)> <Delay = 0.00>
ST_1 : Operation 323 [1/1] (0.28ns)   --->   "%ret_ln0 = ret"   --->   Operation 323 'ret' 'ret_ln0' <Predicate = (icmp_ln121)> <Delay = 0.28>

State 2 <SV = 1> <Delay = 1.03>
ST_2 : Operation 88 [1/1] (0.00ns)   --->   "%gmem15_addr = getelementptr i32 %gmem15, i64 %p_cast_cast_cast"   --->   Operation 88 'getelementptr' 'gmem15_addr' <Predicate = true> <Delay = 0.00>
ST_2 : Operation 89 [1/1] (0.00ns)   --->   "%gmem16_addr = getelementptr i32 %gmem16, i64 %p_cast379_cast_cast"   --->   Operation 89 'getelementptr' 'gmem16_addr' <Predicate = true> <Delay = 0.00>
ST_2 : Operation 90 [1/1] (0.00ns)   --->   "%specpipeline_ln122 = specpipeline void @_ssdm_op_SpecPipeline, i32 1, i32 0, i32 0, i32 0, void @empty_48" [llama_hls_top.cpp:122]   --->   Operation 90 'specpipeline' 'specpipeline_ln122' <Predicate = true> <Delay = 0.00>
ST_2 : Operation 91 [1/1] (0.00ns)   --->   "%speclooptripcount_ln123 = speclooptripcount void @_ssdm_op_SpecLoopTripCount, i64 32, i64 32, i64 32" [llama_hls_top.cpp:123]   --->   Operation 91 'speclooptripcount' 'speclooptripcount_ln123' <Predicate = true> <Delay = 0.00>
ST_2 : Operation 92 [1/1] (0.00ns)   --->   "%specloopname_ln121 = specloopname void @_ssdm_op_SpecLoopName, void @empty_67" [llama_hls_top.cpp:121]   --->   Operation 92 'specloopname' 'specloopname_ln121' <Predicate = true> <Delay = 0.00>
ST_2 : Operation 93 [1/1] (0.00ns)   --->   "%muxLogicAXIMCE_to_gmem15_addr_read = muxlogic"   --->   Operation 93 'muxlogic' 'muxLogicAXIMCE_to_gmem15_addr_read' <Predicate = true> <Delay = 0.00>
ST_2 : Operation 94 [1/1] (1.03ns)   --->   "%gmem15_addr_read = read i32 @_ssdm_op_Read.m_axi.p1i32, i32 %gmem15_addr" [llama_hls_top.cpp:124]   --->   Operation 94 'read' 'gmem15_addr_read' <Predicate = true> <Delay = 1.03> <CoreInst = "m_axi">   --->   Core 123 'm_axi' <Latency = 0> <II = 1> <Delay = 1.56> <Adapter> <Opcode : 'read' 'write' 'readreq' 'writereq' 'writeresp'>
ST_2 : Operation 95 [1/1] (0.00ns)   --->   "%bitcast_ln124 = bitcast i32 %gmem15_addr_read" [llama_hls_top.cpp:124]   --->   Operation 95 'bitcast' 'bitcast_ln124' <Predicate = true> <Delay = 0.00>
ST_2 : Operation 96 [1/1] (0.00ns)   --->   "%muxLogicAXIMCE_to_gmem16_addr_read = muxlogic"   --->   Operation 96 'muxlogic' 'muxLogicAXIMCE_to_gmem16_addr_read' <Predicate = true> <Delay = 0.00>
ST_2 : Operation 97 [1/1] (1.03ns)   --->   "%gmem16_addr_read = read i32 @_ssdm_op_Read.m_axi.p1i32, i32 %gmem16_addr" [llama_hls_top.cpp:125]   --->   Operation 97 'read' 'gmem16_addr_read' <Predicate = true> <Delay = 1.03> <CoreInst = "m_axi">   --->   Core 123 'm_axi' <Latency = 0> <II = 1> <Delay = 1.56> <Adapter> <Opcode : 'read' 'write' 'readreq' 'writereq' 'writeresp'>
ST_2 : Operation 98 [1/1] (0.00ns)   --->   "%bitcast_ln125 = bitcast i32 %gmem16_addr_read" [llama_hls_top.cpp:125]   --->   Operation 98 'bitcast' 'bitcast_ln125' <Predicate = true> <Delay = 0.00>
ST_2 : Operation 99 [1/1] (0.00ns)   --->   "%store_ln125 = store i32 %bitcast_ln125, i32 %empty_113" [llama_hls_top.cpp:125]   --->   Operation 99 'store' 'store_ln125' <Predicate = (trunc_ln121 == 30)> <Delay = 0.00>
ST_2 : Operation 100 [1/1] (0.00ns)   --->   "%store_ln124 = store i32 %bitcast_ln124, i32 %empty" [llama_hls_top.cpp:124]   --->   Operation 100 'store' 'store_ln124' <Predicate = (trunc_ln121 == 30)> <Delay = 0.00>
ST_2 : Operation 101 [1/1] (0.00ns)   --->   "%br_ln124 = br void %arrayidx30.exit" [llama_hls_top.cpp:124]   --->   Operation 101 'br' 'br_ln124' <Predicate = (trunc_ln121 == 30)> <Delay = 0.00>
ST_2 : Operation 102 [1/1] (0.00ns)   --->   "%store_ln125 = store i32 %bitcast_ln125, i32 %empty_115" [llama_hls_top.cpp:125]   --->   Operation 102 'store' 'store_ln125' <Predicate = (trunc_ln121 == 29)> <Delay = 0.00>
ST_2 : Operation 103 [1/1] (0.00ns)   --->   "%store_ln124 = store i32 %bitcast_ln124, i32 %empty_114" [llama_hls_top.cpp:124]   --->   Operation 103 'store' 'store_ln124' <Predicate = (trunc_ln121 == 29)> <Delay = 0.00>
ST_2 : Operation 104 [1/1] (0.00ns)   --->   "%br_ln125 = br void %arrayidx30.exit" [llama_hls_top.cpp:125]   --->   Operation 104 'br' 'br_ln125' <Predicate = (trunc_ln121 == 29)> <Delay = 0.00>
ST_2 : Operation 105 [1/1] (0.00ns)   --->   "%store_ln125 = store i32 %bitcast_ln125, i32 %empty_117" [llama_hls_top.cpp:125]   --->   Operation 105 'store' 'store_ln125' <Predicate = (trunc_ln121 == 28)> <Delay = 0.00>
ST_2 : Operation 106 [1/1] (0.00ns)   --->   "%store_ln124 = store i32 %bitcast_ln124, i32 %empty_116" [llama_hls_top.cpp:124]   --->   Operation 106 'store' 'store_ln124' <Predicate = (trunc_ln121 == 28)> <Delay = 0.00>
ST_2 : Operation 107 [1/1] (0.00ns)   --->   "%br_ln125 = br void %arrayidx30.exit" [llama_hls_top.cpp:125]   --->   Operation 107 'br' 'br_ln125' <Predicate = (trunc_ln121 == 28)> <Delay = 0.00>
ST_2 : Operation 108 [1/1] (0.00ns)   --->   "%store_ln125 = store i32 %bitcast_ln125, i32 %empty_119" [llama_hls_top.cpp:125]   --->   Operation 108 'store' 'store_ln125' <Predicate = (trunc_ln121 == 27)> <Delay = 0.00>
ST_2 : Operation 109 [1/1] (0.00ns)   --->   "%store_ln124 = store i32 %bitcast_ln124, i32 %empty_118" [llama_hls_top.cpp:124]   --->   Operation 109 'store' 'store_ln124' <Predicate = (trunc_ln121 == 27)> <Delay = 0.00>
ST_2 : Operation 110 [1/1] (0.00ns)   --->   "%br_ln125 = br void %arrayidx30.exit" [llama_hls_top.cpp:125]   --->   Operation 110 'br' 'br_ln125' <Predicate = (trunc_ln121 == 27)> <Delay = 0.00>
ST_2 : Operation 111 [1/1] (0.00ns)   --->   "%store_ln125 = store i32 %bitcast_ln125, i32 %empty_121" [llama_hls_top.cpp:125]   --->   Operation 111 'store' 'store_ln125' <Predicate = (trunc_ln121 == 26)> <Delay = 0.00>
ST_2 : Operation 112 [1/1] (0.00ns)   --->   "%store_ln124 = store i32 %bitcast_ln124, i32 %empty_120" [llama_hls_top.cpp:124]   --->   Operation 112 'store' 'store_ln124' <Predicate = (trunc_ln121 == 26)> <Delay = 0.00>
ST_2 : Operation 113 [1/1] (0.00ns)   --->   "%br_ln125 = br void %arrayidx30.exit" [llama_hls_top.cpp:125]   --->   Operation 113 'br' 'br_ln125' <Predicate = (trunc_ln121 == 26)> <Delay = 0.00>
ST_2 : Operation 114 [1/1] (0.00ns)   --->   "%store_ln125 = store i32 %bitcast_ln125, i32 %empty_123" [llama_hls_top.cpp:125]   --->   Operation 114 'store' 'store_ln125' <Predicate = (trunc_ln121 == 25)> <Delay = 0.00>
ST_2 : Operation 115 [1/1] (0.00ns)   --->   "%store_ln124 = store i32 %bitcast_ln124, i32 %empty_122" [llama_hls_top.cpp:124]   --->   Operation 115 'store' 'store_ln124' <Predicate = (trunc_ln121 == 25)> <Delay = 0.00>
ST_2 : Operation 116 [1/1] (0.00ns)   --->   "%br_ln125 = br void %arrayidx30.exit" [llama_hls_top.cpp:125]   --->   Operation 116 'br' 'br_ln125' <Predicate = (trunc_ln121 == 25)> <Delay = 0.00>
ST_2 : Operation 117 [1/1] (0.00ns)   --->   "%store_ln125 = store i32 %bitcast_ln125, i32 %empty_125" [llama_hls_top.cpp:125]   --->   Operation 117 'store' 'store_ln125' <Predicate = (trunc_ln121 == 24)> <Delay = 0.00>
ST_2 : Operation 118 [1/1] (0.00ns)   --->   "%store_ln124 = store i32 %bitcast_ln124, i32 %empty_124" [llama_hls_top.cpp:124]   --->   Operation 118 'store' 'store_ln124' <Predicate = (trunc_ln121 == 24)> <Delay = 0.00>
ST_2 : Operation 119 [1/1] (0.00ns)   --->   "%br_ln125 = br void %arrayidx30.exit" [llama_hls_top.cpp:125]   --->   Operation 119 'br' 'br_ln125' <Predicate = (trunc_ln121 == 24)> <Delay = 0.00>
ST_2 : Operation 120 [1/1] (0.00ns)   --->   "%store_ln125 = store i32 %bitcast_ln125, i32 %empty_127" [llama_hls_top.cpp:125]   --->   Operation 120 'store' 'store_ln125' <Predicate = (trunc_ln121 == 23)> <Delay = 0.00>
ST_2 : Operation 121 [1/1] (0.00ns)   --->   "%store_ln124 = store i32 %bitcast_ln124, i32 %empty_126" [llama_hls_top.cpp:124]   --->   Operation 121 'store' 'store_ln124' <Predicate = (trunc_ln121 == 23)> <Delay = 0.00>
ST_2 : Operation 122 [1/1] (0.00ns)   --->   "%br_ln125 = br void %arrayidx30.exit" [llama_hls_top.cpp:125]   --->   Operation 122 'br' 'br_ln125' <Predicate = (trunc_ln121 == 23)> <Delay = 0.00>
ST_2 : Operation 123 [1/1] (0.00ns)   --->   "%store_ln125 = store i32 %bitcast_ln125, i32 %empty_129" [llama_hls_top.cpp:125]   --->   Operation 123 'store' 'store_ln125' <Predicate = (trunc_ln121 == 22)> <Delay = 0.00>
ST_2 : Operation 124 [1/1] (0.00ns)   --->   "%store_ln124 = store i32 %bitcast_ln124, i32 %empty_128" [llama_hls_top.cpp:124]   --->   Operation 124 'store' 'store_ln124' <Predicate = (trunc_ln121 == 22)> <Delay = 0.00>
ST_2 : Operation 125 [1/1] (0.00ns)   --->   "%br_ln125 = br void %arrayidx30.exit" [llama_hls_top.cpp:125]   --->   Operation 125 'br' 'br_ln125' <Predicate = (trunc_ln121 == 22)> <Delay = 0.00>
ST_2 : Operation 126 [1/1] (0.00ns)   --->   "%store_ln125 = store i32 %bitcast_ln125, i32 %empty_131" [llama_hls_top.cpp:125]   --->   Operation 126 'store' 'store_ln125' <Predicate = (trunc_ln121 == 21)> <Delay = 0.00>
ST_2 : Operation 127 [1/1] (0.00ns)   --->   "%store_ln124 = store i32 %bitcast_ln124, i32 %empty_130" [llama_hls_top.cpp:124]   --->   Operation 127 'store' 'store_ln124' <Predicate = (trunc_ln121 == 21)> <Delay = 0.00>
ST_2 : Operation 128 [1/1] (0.00ns)   --->   "%br_ln125 = br void %arrayidx30.exit" [llama_hls_top.cpp:125]   --->   Operation 128 'br' 'br_ln125' <Predicate = (trunc_ln121 == 21)> <Delay = 0.00>
ST_2 : Operation 129 [1/1] (0.00ns)   --->   "%store_ln125 = store i32 %bitcast_ln125, i32 %empty_133" [llama_hls_top.cpp:125]   --->   Operation 129 'store' 'store_ln125' <Predicate = (trunc_ln121 == 20)> <Delay = 0.00>
ST_2 : Operation 130 [1/1] (0.00ns)   --->   "%store_ln124 = store i32 %bitcast_ln124, i32 %empty_132" [llama_hls_top.cpp:124]   --->   Operation 130 'store' 'store_ln124' <Predicate = (trunc_ln121 == 20)> <Delay = 0.00>
ST_2 : Operation 131 [1/1] (0.00ns)   --->   "%br_ln125 = br void %arrayidx30.exit" [llama_hls_top.cpp:125]   --->   Operation 131 'br' 'br_ln125' <Predicate = (trunc_ln121 == 20)> <Delay = 0.00>
ST_2 : Operation 132 [1/1] (0.00ns)   --->   "%store_ln125 = store i32 %bitcast_ln125, i32 %empty_135" [llama_hls_top.cpp:125]   --->   Operation 132 'store' 'store_ln125' <Predicate = (trunc_ln121 == 19)> <Delay = 0.00>
ST_2 : Operation 133 [1/1] (0.00ns)   --->   "%store_ln124 = store i32 %bitcast_ln124, i32 %empty_134" [llama_hls_top.cpp:124]   --->   Operation 133 'store' 'store_ln124' <Predicate = (trunc_ln121 == 19)> <Delay = 0.00>
ST_2 : Operation 134 [1/1] (0.00ns)   --->   "%br_ln125 = br void %arrayidx30.exit" [llama_hls_top.cpp:125]   --->   Operation 134 'br' 'br_ln125' <Predicate = (trunc_ln121 == 19)> <Delay = 0.00>
ST_2 : Operation 135 [1/1] (0.00ns)   --->   "%store_ln125 = store i32 %bitcast_ln125, i32 %empty_137" [llama_hls_top.cpp:125]   --->   Operation 135 'store' 'store_ln125' <Predicate = (trunc_ln121 == 18)> <Delay = 0.00>
ST_2 : Operation 136 [1/1] (0.00ns)   --->   "%store_ln124 = store i32 %bitcast_ln124, i32 %empty_136" [llama_hls_top.cpp:124]   --->   Operation 136 'store' 'store_ln124' <Predicate = (trunc_ln121 == 18)> <Delay = 0.00>
ST_2 : Operation 137 [1/1] (0.00ns)   --->   "%br_ln125 = br void %arrayidx30.exit" [llama_hls_top.cpp:125]   --->   Operation 137 'br' 'br_ln125' <Predicate = (trunc_ln121 == 18)> <Delay = 0.00>
ST_2 : Operation 138 [1/1] (0.00ns)   --->   "%store_ln125 = store i32 %bitcast_ln125, i32 %empty_139" [llama_hls_top.cpp:125]   --->   Operation 138 'store' 'store_ln125' <Predicate = (trunc_ln121 == 17)> <Delay = 0.00>
ST_2 : Operation 139 [1/1] (0.00ns)   --->   "%store_ln124 = store i32 %bitcast_ln124, i32 %empty_138" [llama_hls_top.cpp:124]   --->   Operation 139 'store' 'store_ln124' <Predicate = (trunc_ln121 == 17)> <Delay = 0.00>
ST_2 : Operation 140 [1/1] (0.00ns)   --->   "%br_ln125 = br void %arrayidx30.exit" [llama_hls_top.cpp:125]   --->   Operation 140 'br' 'br_ln125' <Predicate = (trunc_ln121 == 17)> <Delay = 0.00>
ST_2 : Operation 141 [1/1] (0.00ns)   --->   "%store_ln125 = store i32 %bitcast_ln125, i32 %empty_141" [llama_hls_top.cpp:125]   --->   Operation 141 'store' 'store_ln125' <Predicate = (trunc_ln121 == 16)> <Delay = 0.00>
ST_2 : Operation 142 [1/1] (0.00ns)   --->   "%store_ln124 = store i32 %bitcast_ln124, i32 %empty_140" [llama_hls_top.cpp:124]   --->   Operation 142 'store' 'store_ln124' <Predicate = (trunc_ln121 == 16)> <Delay = 0.00>
ST_2 : Operation 143 [1/1] (0.00ns)   --->   "%br_ln125 = br void %arrayidx30.exit" [llama_hls_top.cpp:125]   --->   Operation 143 'br' 'br_ln125' <Predicate = (trunc_ln121 == 16)> <Delay = 0.00>
ST_2 : Operation 144 [1/1] (0.00ns)   --->   "%store_ln125 = store i32 %bitcast_ln125, i32 %empty_143" [llama_hls_top.cpp:125]   --->   Operation 144 'store' 'store_ln125' <Predicate = (trunc_ln121 == 15)> <Delay = 0.00>
ST_2 : Operation 145 [1/1] (0.00ns)   --->   "%store_ln124 = store i32 %bitcast_ln124, i32 %empty_142" [llama_hls_top.cpp:124]   --->   Operation 145 'store' 'store_ln124' <Predicate = (trunc_ln121 == 15)> <Delay = 0.00>
ST_2 : Operation 146 [1/1] (0.00ns)   --->   "%br_ln125 = br void %arrayidx30.exit" [llama_hls_top.cpp:125]   --->   Operation 146 'br' 'br_ln125' <Predicate = (trunc_ln121 == 15)> <Delay = 0.00>
ST_2 : Operation 147 [1/1] (0.00ns)   --->   "%store_ln125 = store i32 %bitcast_ln125, i32 %empty_145" [llama_hls_top.cpp:125]   --->   Operation 147 'store' 'store_ln125' <Predicate = (trunc_ln121 == 14)> <Delay = 0.00>
ST_2 : Operation 148 [1/1] (0.00ns)   --->   "%store_ln124 = store i32 %bitcast_ln124, i32 %empty_144" [llama_hls_top.cpp:124]   --->   Operation 148 'store' 'store_ln124' <Predicate = (trunc_ln121 == 14)> <Delay = 0.00>
ST_2 : Operation 149 [1/1] (0.00ns)   --->   "%br_ln125 = br void %arrayidx30.exit" [llama_hls_top.cpp:125]   --->   Operation 149 'br' 'br_ln125' <Predicate = (trunc_ln121 == 14)> <Delay = 0.00>
ST_2 : Operation 150 [1/1] (0.00ns)   --->   "%store_ln125 = store i32 %bitcast_ln125, i32 %empty_147" [llama_hls_top.cpp:125]   --->   Operation 150 'store' 'store_ln125' <Predicate = (trunc_ln121 == 13)> <Delay = 0.00>
ST_2 : Operation 151 [1/1] (0.00ns)   --->   "%store_ln124 = store i32 %bitcast_ln124, i32 %empty_146" [llama_hls_top.cpp:124]   --->   Operation 151 'store' 'store_ln124' <Predicate = (trunc_ln121 == 13)> <Delay = 0.00>
ST_2 : Operation 152 [1/1] (0.00ns)   --->   "%br_ln125 = br void %arrayidx30.exit" [llama_hls_top.cpp:125]   --->   Operation 152 'br' 'br_ln125' <Predicate = (trunc_ln121 == 13)> <Delay = 0.00>
ST_2 : Operation 153 [1/1] (0.00ns)   --->   "%store_ln125 = store i32 %bitcast_ln125, i32 %empty_149" [llama_hls_top.cpp:125]   --->   Operation 153 'store' 'store_ln125' <Predicate = (trunc_ln121 == 12)> <Delay = 0.00>
ST_2 : Operation 154 [1/1] (0.00ns)   --->   "%store_ln124 = store i32 %bitcast_ln124, i32 %empty_148" [llama_hls_top.cpp:124]   --->   Operation 154 'store' 'store_ln124' <Predicate = (trunc_ln121 == 12)> <Delay = 0.00>
ST_2 : Operation 155 [1/1] (0.00ns)   --->   "%br_ln125 = br void %arrayidx30.exit" [llama_hls_top.cpp:125]   --->   Operation 155 'br' 'br_ln125' <Predicate = (trunc_ln121 == 12)> <Delay = 0.00>
ST_2 : Operation 156 [1/1] (0.00ns)   --->   "%store_ln125 = store i32 %bitcast_ln125, i32 %empty_151" [llama_hls_top.cpp:125]   --->   Operation 156 'store' 'store_ln125' <Predicate = (trunc_ln121 == 11)> <Delay = 0.00>
ST_2 : Operation 157 [1/1] (0.00ns)   --->   "%store_ln124 = store i32 %bitcast_ln124, i32 %empty_150" [llama_hls_top.cpp:124]   --->   Operation 157 'store' 'store_ln124' <Predicate = (trunc_ln121 == 11)> <Delay = 0.00>
ST_2 : Operation 158 [1/1] (0.00ns)   --->   "%br_ln125 = br void %arrayidx30.exit" [llama_hls_top.cpp:125]   --->   Operation 158 'br' 'br_ln125' <Predicate = (trunc_ln121 == 11)> <Delay = 0.00>
ST_2 : Operation 159 [1/1] (0.00ns)   --->   "%store_ln125 = store i32 %bitcast_ln125, i32 %empty_153" [llama_hls_top.cpp:125]   --->   Operation 159 'store' 'store_ln125' <Predicate = (trunc_ln121 == 10)> <Delay = 0.00>
ST_2 : Operation 160 [1/1] (0.00ns)   --->   "%store_ln124 = store i32 %bitcast_ln124, i32 %empty_152" [llama_hls_top.cpp:124]   --->   Operation 160 'store' 'store_ln124' <Predicate = (trunc_ln121 == 10)> <Delay = 0.00>
ST_2 : Operation 161 [1/1] (0.00ns)   --->   "%br_ln125 = br void %arrayidx30.exit" [llama_hls_top.cpp:125]   --->   Operation 161 'br' 'br_ln125' <Predicate = (trunc_ln121 == 10)> <Delay = 0.00>
ST_2 : Operation 162 [1/1] (0.00ns)   --->   "%store_ln125 = store i32 %bitcast_ln125, i32 %empty_155" [llama_hls_top.cpp:125]   --->   Operation 162 'store' 'store_ln125' <Predicate = (trunc_ln121 == 9)> <Delay = 0.00>
ST_2 : Operation 163 [1/1] (0.00ns)   --->   "%store_ln124 = store i32 %bitcast_ln124, i32 %empty_154" [llama_hls_top.cpp:124]   --->   Operation 163 'store' 'store_ln124' <Predicate = (trunc_ln121 == 9)> <Delay = 0.00>
ST_2 : Operation 164 [1/1] (0.00ns)   --->   "%br_ln125 = br void %arrayidx30.exit" [llama_hls_top.cpp:125]   --->   Operation 164 'br' 'br_ln125' <Predicate = (trunc_ln121 == 9)> <Delay = 0.00>
ST_2 : Operation 165 [1/1] (0.00ns)   --->   "%store_ln125 = store i32 %bitcast_ln125, i32 %empty_157" [llama_hls_top.cpp:125]   --->   Operation 165 'store' 'store_ln125' <Predicate = (trunc_ln121 == 8)> <Delay = 0.00>
ST_2 : Operation 166 [1/1] (0.00ns)   --->   "%store_ln124 = store i32 %bitcast_ln124, i32 %empty_156" [llama_hls_top.cpp:124]   --->   Operation 166 'store' 'store_ln124' <Predicate = (trunc_ln121 == 8)> <Delay = 0.00>
ST_2 : Operation 167 [1/1] (0.00ns)   --->   "%br_ln125 = br void %arrayidx30.exit" [llama_hls_top.cpp:125]   --->   Operation 167 'br' 'br_ln125' <Predicate = (trunc_ln121 == 8)> <Delay = 0.00>
ST_2 : Operation 168 [1/1] (0.00ns)   --->   "%store_ln125 = store i32 %bitcast_ln125, i32 %empty_159" [llama_hls_top.cpp:125]   --->   Operation 168 'store' 'store_ln125' <Predicate = (trunc_ln121 == 7)> <Delay = 0.00>
ST_2 : Operation 169 [1/1] (0.00ns)   --->   "%store_ln124 = store i32 %bitcast_ln124, i32 %empty_158" [llama_hls_top.cpp:124]   --->   Operation 169 'store' 'store_ln124' <Predicate = (trunc_ln121 == 7)> <Delay = 0.00>
ST_2 : Operation 170 [1/1] (0.00ns)   --->   "%br_ln125 = br void %arrayidx30.exit" [llama_hls_top.cpp:125]   --->   Operation 170 'br' 'br_ln125' <Predicate = (trunc_ln121 == 7)> <Delay = 0.00>
ST_2 : Operation 171 [1/1] (0.00ns)   --->   "%store_ln125 = store i32 %bitcast_ln125, i32 %empty_161" [llama_hls_top.cpp:125]   --->   Operation 171 'store' 'store_ln125' <Predicate = (trunc_ln121 == 6)> <Delay = 0.00>
ST_2 : Operation 172 [1/1] (0.00ns)   --->   "%store_ln124 = store i32 %bitcast_ln124, i32 %empty_160" [llama_hls_top.cpp:124]   --->   Operation 172 'store' 'store_ln124' <Predicate = (trunc_ln121 == 6)> <Delay = 0.00>
ST_2 : Operation 173 [1/1] (0.00ns)   --->   "%br_ln125 = br void %arrayidx30.exit" [llama_hls_top.cpp:125]   --->   Operation 173 'br' 'br_ln125' <Predicate = (trunc_ln121 == 6)> <Delay = 0.00>
ST_2 : Operation 174 [1/1] (0.00ns)   --->   "%store_ln125 = store i32 %bitcast_ln125, i32 %empty_163" [llama_hls_top.cpp:125]   --->   Operation 174 'store' 'store_ln125' <Predicate = (trunc_ln121 == 5)> <Delay = 0.00>
ST_2 : Operation 175 [1/1] (0.00ns)   --->   "%store_ln124 = store i32 %bitcast_ln124, i32 %empty_162" [llama_hls_top.cpp:124]   --->   Operation 175 'store' 'store_ln124' <Predicate = (trunc_ln121 == 5)> <Delay = 0.00>
ST_2 : Operation 176 [1/1] (0.00ns)   --->   "%br_ln125 = br void %arrayidx30.exit" [llama_hls_top.cpp:125]   --->   Operation 176 'br' 'br_ln125' <Predicate = (trunc_ln121 == 5)> <Delay = 0.00>
ST_2 : Operation 177 [1/1] (0.00ns)   --->   "%store_ln125 = store i32 %bitcast_ln125, i32 %empty_165" [llama_hls_top.cpp:125]   --->   Operation 177 'store' 'store_ln125' <Predicate = (trunc_ln121 == 4)> <Delay = 0.00>
ST_2 : Operation 178 [1/1] (0.00ns)   --->   "%store_ln124 = store i32 %bitcast_ln124, i32 %empty_164" [llama_hls_top.cpp:124]   --->   Operation 178 'store' 'store_ln124' <Predicate = (trunc_ln121 == 4)> <Delay = 0.00>
ST_2 : Operation 179 [1/1] (0.00ns)   --->   "%br_ln125 = br void %arrayidx30.exit" [llama_hls_top.cpp:125]   --->   Operation 179 'br' 'br_ln125' <Predicate = (trunc_ln121 == 4)> <Delay = 0.00>
ST_2 : Operation 180 [1/1] (0.00ns)   --->   "%store_ln125 = store i32 %bitcast_ln125, i32 %empty_167" [llama_hls_top.cpp:125]   --->   Operation 180 'store' 'store_ln125' <Predicate = (trunc_ln121 == 3)> <Delay = 0.00>
ST_2 : Operation 181 [1/1] (0.00ns)   --->   "%store_ln124 = store i32 %bitcast_ln124, i32 %empty_166" [llama_hls_top.cpp:124]   --->   Operation 181 'store' 'store_ln124' <Predicate = (trunc_ln121 == 3)> <Delay = 0.00>
ST_2 : Operation 182 [1/1] (0.00ns)   --->   "%br_ln125 = br void %arrayidx30.exit" [llama_hls_top.cpp:125]   --->   Operation 182 'br' 'br_ln125' <Predicate = (trunc_ln121 == 3)> <Delay = 0.00>
ST_2 : Operation 183 [1/1] (0.00ns)   --->   "%store_ln125 = store i32 %bitcast_ln125, i32 %empty_169" [llama_hls_top.cpp:125]   --->   Operation 183 'store' 'store_ln125' <Predicate = (trunc_ln121 == 2)> <Delay = 0.00>
ST_2 : Operation 184 [1/1] (0.00ns)   --->   "%store_ln124 = store i32 %bitcast_ln124, i32 %empty_168" [llama_hls_top.cpp:124]   --->   Operation 184 'store' 'store_ln124' <Predicate = (trunc_ln121 == 2)> <Delay = 0.00>
ST_2 : Operation 185 [1/1] (0.00ns)   --->   "%br_ln125 = br void %arrayidx30.exit" [llama_hls_top.cpp:125]   --->   Operation 185 'br' 'br_ln125' <Predicate = (trunc_ln121 == 2)> <Delay = 0.00>
ST_2 : Operation 186 [1/1] (0.00ns)   --->   "%store_ln125 = store i32 %bitcast_ln125, i32 %empty_171" [llama_hls_top.cpp:125]   --->   Operation 186 'store' 'store_ln125' <Predicate = (trunc_ln121 == 1)> <Delay = 0.00>
ST_2 : Operation 187 [1/1] (0.00ns)   --->   "%store_ln124 = store i32 %bitcast_ln124, i32 %empty_170" [llama_hls_top.cpp:124]   --->   Operation 187 'store' 'store_ln124' <Predicate = (trunc_ln121 == 1)> <Delay = 0.00>
ST_2 : Operation 188 [1/1] (0.00ns)   --->   "%br_ln125 = br void %arrayidx30.exit" [llama_hls_top.cpp:125]   --->   Operation 188 'br' 'br_ln125' <Predicate = (trunc_ln121 == 1)> <Delay = 0.00>
ST_2 : Operation 189 [1/1] (0.00ns)   --->   "%store_ln125 = store i32 %bitcast_ln125, i32 %empty_173" [llama_hls_top.cpp:125]   --->   Operation 189 'store' 'store_ln125' <Predicate = (trunc_ln121 == 0)> <Delay = 0.00>
ST_2 : Operation 190 [1/1] (0.00ns)   --->   "%store_ln124 = store i32 %bitcast_ln124, i32 %empty_172" [llama_hls_top.cpp:124]   --->   Operation 190 'store' 'store_ln124' <Predicate = (trunc_ln121 == 0)> <Delay = 0.00>
ST_2 : Operation 191 [1/1] (0.00ns)   --->   "%br_ln125 = br void %arrayidx30.exit" [llama_hls_top.cpp:125]   --->   Operation 191 'br' 'br_ln125' <Predicate = (trunc_ln121 == 0)> <Delay = 0.00>
ST_2 : Operation 192 [1/1] (0.00ns)   --->   "%store_ln125 = store i32 %bitcast_ln125, i32 %empty_175" [llama_hls_top.cpp:125]   --->   Operation 192 'store' 'store_ln125' <Predicate = (trunc_ln121 == 31)> <Delay = 0.00>
ST_2 : Operation 193 [1/1] (0.00ns)   --->   "%store_ln124 = store i32 %bitcast_ln124, i32 %empty_174" [llama_hls_top.cpp:124]   --->   Operation 193 'store' 'store_ln124' <Predicate = (trunc_ln121 == 31)> <Delay = 0.00>
ST_2 : Operation 194 [1/1] (0.00ns)   --->   "%br_ln125 = br void %arrayidx30.exit" [llama_hls_top.cpp:125]   --->   Operation 194 'br' 'br_ln125' <Predicate = (trunc_ln121 == 31)> <Delay = 0.00>


============================================================
+ Verbose Summary: Timing violations
============================================================
Target clock period: 4.000ns, clock uncertainty: 1.080ns.

 <State 1>: 1.383ns
The critical path consists of the following:
	'store' operation 0 bit ('store_ln121', llama_hls_top.cpp:121) of constant 0 on local variable 'i', llama_hls_top.cpp:121 [140]  (0.360 ns)
	'load' operation 6 bit ('i', llama_hls_top.cpp:121) on local variable 'i', llama_hls_top.cpp:121 [143]  (0.000 ns)
	'add' operation 6 bit ('add_ln121', llama_hls_top.cpp:121) [144]  (0.663 ns)
	'store' operation 0 bit ('store_ln121', llama_hls_top.cpp:121) of variable 'add_ln121', llama_hls_top.cpp:121 on local variable 'i', llama_hls_top.cpp:121 [292]  (0.360 ns)

 <State 2>: 1.033ns
The critical path consists of the following:
	'getelementptr' operation 32 bit ('gmem16_addr') [151]  (0.000 ns)
	bus read operation ('gmem16_addr_read', llama_hls_top.cpp:125) on port 'gmem16' (llama_hls_top.cpp:125) [160]  (1.033 ns)
	'store' operation 0 bit ('store_ln125', llama_hls_top.cpp:125) of variable 'bitcast_ln125', llama_hls_top.cpp:125 on local variable 'empty_113' [164]  (0.000 ns)


============================================================
+ Verbose Summary: Binding
============================================================
N/A
* FSMD analyzer results:
  - Output states:
 - Input state : 
  - Chain level:
	State 1
	State 2


============================================================
+ Verbose Summary: Datapath Resource usage 
============================================================
N/A
