

================================================================
== Vitis HLS Report for 'llama_inference_hls_top_Pipeline_load_input_loop'
================================================================
* Date:           Mon Sep 15 01:27:46 2025

* Version:        2025.1 (Build 6135595 on May 21 2025)
* Project:        llama_hls
* Solution:       solution1 (Vivado IP Flow Target)
* Product family: versalhbm
* Target device:  xcv80-lsva4737-2MHP-e-S


================================================================
== Performance Estimates
================================================================
+ Timing: 
    * Summary: 
    +--------+---------+----------+------------+
    |  Clock |  Target | Estimated| Uncertainty|
    +--------+---------+----------+------------+
    |ap_clk  |  4.00 ns|  2.185 ns|     1.08 ns|
    +--------+---------+----------+------------+

+ Latency: 
    * Summary: 
    +---------+---------+----------+----------+-----+-----+------------------------------------------------+
    |  Latency (cycles) |  Latency (absolute) |  Interval |                    Pipeline                    |
    |   min   |   max   |    min   |    max   | min | max |                      Type                      |
    +---------+---------+----------+----------+-----+-----+------------------------------------------------+
    |      770|      770|  3.080 us|  3.080 us|  769|  769|  loop auto-rewind stp (delay=0 clock cycles(s))|
    +---------+---------+----------+----------+-----+-----+------------------------------------------------+

    + Detail: 
        * Instance: 
        N/A

        * Loop: 
        +-------------------+---------+---------+----------+-----------+-----------+------+----------+
        |                   |  Latency (cycles) | Iteration|  Initiation Interval  | Trip |          |
        |     Loop Name     |   min   |   max   |  Latency |  achieved |   target  | Count| Pipelined|
        +-------------------+---------+---------+----------+-----------+-----------+------+----------+
        |- load_input_loop  |      768|      768|         2|          1|          1|   768|       yes|
        +-------------------+---------+---------+----------+-----------+-----------+------+----------+

============================================================
+ Verbose Summary: Synthesis Manager
============================================================
InlineROM: 1
ExposeGlobal: 0
============================================================
+ Verbose Summary: CDFG Model
============================================================
IsTopModel: 0
ResetActiveHigh: 1
IsCombinational: 0
IsDatapathOnly: 0
HasWiredReturn: 1
HasMFsm: 2
HasVarLatency: 1
IsPipeline: 0
IsRtlPipelined: 0
IsInstanceOverlapped: 0
IsDontTouch: 0
HasImplIP: 0
IsGatedGlobalClock: 0

+ Individual pipeline summary: 
  * Pipeline-0: initiation interval (II) = 1, depth = 2


============================================================
+ Verbose Summary: Schedule
============================================================
* Number of FSM states : 2
* Pipeline : 1
  Pipeline-0 : II = 1, D = 2, States = { 1 2 }
* Dataflow Pipeline: 0

* FSM state transitions: 
1 --> 2 
2 --> 

* FSM state operations: 

State 1 <SV = 0> <Delay = 1.50>
ST_1 : Operation 5 [1/1] (0.00ns)   --->   "%i = alloca i32 1" [llama_hls_top.cpp:97]   --->   Operation 5 'alloca' 'i' <Predicate = true> <Delay = 0.00>
ST_1 : Operation 6 [1/1] (0.00ns)   --->   "%sext_ln97_read = read i62 @_ssdm_op_Read.ap_auto.i62, i62 %sext_ln97"   --->   Operation 6 'read' 'sext_ln97_read' <Predicate = true> <Delay = 0.00>
ST_1 : Operation 7 [1/1] (0.00ns)   --->   "%sext_ln97_cast = sext i62 %sext_ln97_read"   --->   Operation 7 'sext' 'sext_ln97_cast' <Predicate = true> <Delay = 0.00>
ST_1 : Operation 8 [1/1] (0.00ns)   --->   "%specinterface_ln0 = specinterface void @_ssdm_op_SpecInterface, i32 %gmem0, void @empty_49, i32 0, i32 0, void @empty_48, i32 0, i32 0, void @empty_47, void @empty_14, void @empty_48, i32 16, i32 16, i32 16, i32 16, void @empty_48, void @empty_48, i32 4294967295, i32 0, i32 0"   --->   Operation 8 'specinterface' 'specinterface_ln0' <Predicate = true> <Delay = 0.00>
ST_1 : Operation 9 [1/1] (0.39ns)   --->   "%store_ln97 = store i10 0, i10 %i" [llama_hls_top.cpp:97]   --->   Operation 9 'store' 'store_ln97' <Predicate = true> <Delay = 0.39>
ST_1 : Operation 10 [1/1] (0.00ns)   --->   "%br_ln0 = br void %for.inc"   --->   Operation 10 'br' 'br_ln0' <Predicate = true> <Delay = 0.00>
ST_1 : Operation 11 [1/1] (0.00ns)   --->   "%i_16 = load i10 %i" [llama_hls_top.cpp:97]   --->   Operation 11 'load' 'i_16' <Predicate = true> <Delay = 0.00>
ST_1 : Operation 12 [1/1] (0.71ns)   --->   "%add_ln97 = add i10 %i_16, i10 1" [llama_hls_top.cpp:97]   --->   Operation 12 'add' 'add_ln97' <Predicate = true> <Delay = 0.71> <CoreInst = "Adder">   --->   Core 1 'Adder' <Latency = 0> <II = 1> <Delay = 0.71> <FuncUnit> <Opcode : 'add' 'sub'> <InPorts = 2> <OutPorts = 1>
ST_1 : Operation 13 [1/1] (0.00ns)   --->   "%specbitsmap_ln0 = specbitsmap void @_ssdm_op_SpecBitsMap, i32 %gmem0"   --->   Operation 13 'specbitsmap' 'specbitsmap_ln0' <Predicate = true> <Delay = 0.00>
ST_1 : Operation 14 [1/1] (0.60ns)   --->   "%icmp_ln97 = icmp_eq  i10 %i_16, i10 768" [llama_hls_top.cpp:97]   --->   Operation 14 'icmp' 'icmp_ln97' <Predicate = true> <Delay = 0.60> <CoreInst = "ICmp_EQ">   --->   Core 156 'ICmp_EQ' <Latency = 0> <II = 1> <Delay = 0.60> <FuncUnit> <Opcode : 'seteq' 'setne'> <InPorts = 2> <OutPorts = 1>
ST_1 : Operation 15 [1/1] (0.00ns)   --->   "%br_ln97 = br i1 %icmp_ln97, void %for.inc.split, void %transformer_layers.exitStub" [llama_hls_top.cpp:97]   --->   Operation 15 'br' 'br_ln97' <Predicate = true> <Delay = 0.00>
ST_1 : Operation 16 [1/1] (0.00ns)   --->   "%trunc_ln97 = trunc i10 %i_16" [llama_hls_top.cpp:97]   --->   Operation 16 'trunc' 'trunc_ln97' <Predicate = (!icmp_ln97)> <Delay = 0.00>
ST_1 : Operation 17 [1/1] (0.00ns)   --->   "%lshr_ln = partselect i8 @_ssdm_op_PartSelect.i8.i10.i32.i32, i10 %i_16, i32 2, i32 9" [llama_hls_top.cpp:97]   --->   Operation 17 'partselect' 'lshr_ln' <Predicate = (!icmp_ln97)> <Delay = 0.00>
ST_1 : Operation 18 [1/1] (0.30ns)   --->   "%switch_ln100 = switch i2 %trunc_ln97, void %arrayidx2.case.3, i2 0, void %arrayidx2.case.0, i2 1, void %arrayidx2.case.1, i2 2, void %arrayidx2.case.2" [llama_hls_top.cpp:100]   --->   Operation 18 'switch' 'switch_ln100' <Predicate = (!icmp_ln97)> <Delay = 0.30>
ST_1 : Operation 19 [1/1] (0.39ns)   --->   "%store_ln97 = store i10 %add_ln97, i10 %i" [llama_hls_top.cpp:97]   --->   Operation 19 'store' 'store_ln97' <Predicate = (!icmp_ln97)> <Delay = 0.39>
ST_1 : Operation 20 [1/1] (0.00ns)   --->   "%br_ln97 = br void %for.inc" [llama_hls_top.cpp:97]   --->   Operation 20 'br' 'br_ln97' <Predicate = (!icmp_ln97)> <Delay = 0.00>
ST_1 : Operation 49 [1/1] (0.28ns)   --->   "%ret_ln0 = ret"   --->   Operation 49 'ret' 'ret_ln0' <Predicate = (icmp_ln97)> <Delay = 0.28>

State 2 <SV = 1> <Delay = 2.18>
ST_2 : Operation 21 [1/1] (0.00ns)   --->   "%gmem0_addr = getelementptr i32 %gmem0, i64 %sext_ln97_cast" [llama_hls_top.cpp:97]   --->   Operation 21 'getelementptr' 'gmem0_addr' <Predicate = true> <Delay = 0.00>
ST_2 : Operation 22 [1/1] (0.00ns)   --->   "%specpipeline_ln98 = specpipeline void @_ssdm_op_SpecPipeline, i32 1, i32 0, i32 0, i32 0, void @empty_48" [llama_hls_top.cpp:98]   --->   Operation 22 'specpipeline' 'specpipeline_ln98' <Predicate = true> <Delay = 0.00>
ST_2 : Operation 23 [1/1] (0.00ns)   --->   "%speclooptripcount_ln99 = speclooptripcount void @_ssdm_op_SpecLoopTripCount, i64 768, i64 768, i64 768" [llama_hls_top.cpp:99]   --->   Operation 23 'speclooptripcount' 'speclooptripcount_ln99' <Predicate = true> <Delay = 0.00>
ST_2 : Operation 24 [1/1] (0.00ns)   --->   "%specloopname_ln97 = specloopname void @_ssdm_op_SpecLoopName, void @empty_26" [llama_hls_top.cpp:97]   --->   Operation 24 'specloopname' 'specloopname_ln97' <Predicate = true> <Delay = 0.00>
ST_2 : Operation 25 [1/1] (0.00ns)   --->   "%zext_ln97 = zext i8 %lshr_ln" [llama_hls_top.cpp:97]   --->   Operation 25 'zext' 'zext_ln97' <Predicate = true> <Delay = 0.00>
ST_2 : Operation 26 [1/1] (0.00ns)   --->   "%muxLogicAXIMCE_to_gmem0_addr_read = muxlogic"   --->   Operation 26 'muxlogic' 'muxLogicAXIMCE_to_gmem0_addr_read' <Predicate = true> <Delay = 0.00>
ST_2 : Operation 27 [1/1] (1.03ns)   --->   "%gmem0_addr_read = read i32 @_ssdm_op_Read.m_axi.p1i32, i32 %gmem0_addr" [llama_hls_top.cpp:100]   --->   Operation 27 'read' 'gmem0_addr_read' <Predicate = true> <Delay = 1.03> <CoreInst = "m_axi">   --->   Core 123 'm_axi' <Latency = 0> <II = 1> <Delay = 1.56> <Adapter> <Opcode : 'read' 'write' 'readreq' 'writereq' 'writeresp'>
ST_2 : Operation 28 [1/1] (0.00ns)   --->   "%bitcast_ln100 = bitcast i32 %gmem0_addr_read" [llama_hls_top.cpp:100]   --->   Operation 28 'bitcast' 'bitcast_ln100' <Predicate = true> <Delay = 0.00>
ST_2 : Operation 29 [1/1] (0.00ns)   --->   "%llama_inference_hls_top_float_float_float_float_float_float_float_64 = getelementptr i32 %llama_inference_hls_top_float_float_float_float_float_float_float_7, i64 0, i64 %zext_ln97" [llama_hls_top.cpp:100]   --->   Operation 29 'getelementptr' 'llama_inference_hls_top_float_float_float_float_float_float_float_64' <Predicate = true> <Delay = 0.00>
ST_2 : Operation 30 [1/1] (0.00ns)   --->   "%llama_inference_hls_top_float_float_float_float_float_float_float_65 = getelementptr i32 %llama_inference_hls_top_float_float_float_float_float_float_float_6, i64 0, i64 %zext_ln97" [llama_hls_top.cpp:100]   --->   Operation 30 'getelementptr' 'llama_inference_hls_top_float_float_float_float_float_float_float_65' <Predicate = true> <Delay = 0.00>
ST_2 : Operation 31 [1/1] (0.00ns)   --->   "%llama_inference_hls_top_float_float_float_float_float_float_float_66 = getelementptr i32 %llama_inference_hls_top_float_float_float_float_float_float_float_5, i64 0, i64 %zext_ln97" [llama_hls_top.cpp:100]   --->   Operation 31 'getelementptr' 'llama_inference_hls_top_float_float_float_float_float_float_float_66' <Predicate = true> <Delay = 0.00>
ST_2 : Operation 32 [1/1] (0.00ns)   --->   "%llama_inference_hls_top_float_float_float_float_float_float_float_67 = getelementptr i32 %llama_inference_hls_top_float_float_float_float_float_float_float_4, i64 0, i64 %zext_ln97" [llama_hls_top.cpp:100]   --->   Operation 32 'getelementptr' 'llama_inference_hls_top_float_float_float_float_float_float_float_67' <Predicate = true> <Delay = 0.00>
ST_2 : Operation 33 [1/1] (0.43ns) (share mux size 4)   --->   "%muxLogicRAMData_to_store_ln100 = muxlogic i32 %bitcast_ln100"   --->   Operation 33 'muxlogic' 'muxLogicRAMData_to_store_ln100' <Predicate = (trunc_ln97 == 2)> <Delay = 0.43>
ST_2 : Operation 34 [1/1] (0.43ns) (share mux size 4)   --->   "%muxLogicRAMAddr_to_store_ln100 = muxlogic i8 %llama_inference_hls_top_float_float_float_float_float_float_float_66"   --->   Operation 34 'muxlogic' 'muxLogicRAMAddr_to_store_ln100' <Predicate = (trunc_ln97 == 2)> <Delay = 0.43>
ST_2 : Operation 35 [1/1] ( I:0.71ns O:0.71ns ) (share mux size 8)   --->   "%store_ln100 = store i32 %bitcast_ln100, i8 %llama_inference_hls_top_float_float_float_float_float_float_float_66" [llama_hls_top.cpp:100]   --->   Operation 35 'store' 'store_ln100' <Predicate = (trunc_ln97 == 2)> <Delay = 0.71> <CoreInst = "RAM">   --->   Core 86 'RAM' <Latency = 1> <II = 1> <Delay = 0.89> <Storage> <Opcode : 'load' 'store'> <Ports = 2> <Width = 32> <Depth = 192> <RAM>
ST_2 : Operation 36 [1/1] (0.00ns)   --->   "%br_ln100 = br void %arrayidx2.exit" [llama_hls_top.cpp:100]   --->   Operation 36 'br' 'br_ln100' <Predicate = (trunc_ln97 == 2)> <Delay = 0.00>
ST_2 : Operation 37 [1/1] (0.43ns) (share mux size 4)   --->   "%muxLogicRAMData_to_store_ln100 = muxlogic i32 %bitcast_ln100"   --->   Operation 37 'muxlogic' 'muxLogicRAMData_to_store_ln100' <Predicate = (trunc_ln97 == 1)> <Delay = 0.43>
ST_2 : Operation 38 [1/1] (0.43ns) (share mux size 4)   --->   "%muxLogicRAMAddr_to_store_ln100 = muxlogic i8 %llama_inference_hls_top_float_float_float_float_float_float_float_65"   --->   Operation 38 'muxlogic' 'muxLogicRAMAddr_to_store_ln100' <Predicate = (trunc_ln97 == 1)> <Delay = 0.43>
ST_2 : Operation 39 [1/1] ( I:0.71ns O:0.71ns ) (share mux size 8)   --->   "%store_ln100 = store i32 %bitcast_ln100, i8 %llama_inference_hls_top_float_float_float_float_float_float_float_65" [llama_hls_top.cpp:100]   --->   Operation 39 'store' 'store_ln100' <Predicate = (trunc_ln97 == 1)> <Delay = 0.71> <CoreInst = "RAM">   --->   Core 86 'RAM' <Latency = 1> <II = 1> <Delay = 0.89> <Storage> <Opcode : 'load' 'store'> <Ports = 2> <Width = 32> <Depth = 192> <RAM>
ST_2 : Operation 40 [1/1] (0.00ns)   --->   "%br_ln100 = br void %arrayidx2.exit" [llama_hls_top.cpp:100]   --->   Operation 40 'br' 'br_ln100' <Predicate = (trunc_ln97 == 1)> <Delay = 0.00>
ST_2 : Operation 41 [1/1] (0.43ns) (share mux size 4)   --->   "%muxLogicRAMData_to_store_ln100 = muxlogic i32 %bitcast_ln100"   --->   Operation 41 'muxlogic' 'muxLogicRAMData_to_store_ln100' <Predicate = (trunc_ln97 == 0)> <Delay = 0.43>
ST_2 : Operation 42 [1/1] (0.43ns) (share mux size 4)   --->   "%muxLogicRAMAddr_to_store_ln100 = muxlogic i8 %llama_inference_hls_top_float_float_float_float_float_float_float_64"   --->   Operation 42 'muxlogic' 'muxLogicRAMAddr_to_store_ln100' <Predicate = (trunc_ln97 == 0)> <Delay = 0.43>
ST_2 : Operation 43 [1/1] ( I:0.71ns O:0.71ns ) (share mux size 8)   --->   "%store_ln100 = store i32 %bitcast_ln100, i8 %llama_inference_hls_top_float_float_float_float_float_float_float_64" [llama_hls_top.cpp:100]   --->   Operation 43 'store' 'store_ln100' <Predicate = (trunc_ln97 == 0)> <Delay = 0.71> <CoreInst = "RAM">   --->   Core 86 'RAM' <Latency = 1> <II = 1> <Delay = 0.89> <Storage> <Opcode : 'load' 'store'> <Ports = 2> <Width = 32> <Depth = 192> <RAM>
ST_2 : Operation 44 [1/1] (0.00ns)   --->   "%br_ln100 = br void %arrayidx2.exit" [llama_hls_top.cpp:100]   --->   Operation 44 'br' 'br_ln100' <Predicate = (trunc_ln97 == 0)> <Delay = 0.00>
ST_2 : Operation 45 [1/1] (0.43ns) (share mux size 4)   --->   "%muxLogicRAMData_to_store_ln100 = muxlogic i32 %bitcast_ln100"   --->   Operation 45 'muxlogic' 'muxLogicRAMData_to_store_ln100' <Predicate = (trunc_ln97 == 3)> <Delay = 0.43>
ST_2 : Operation 46 [1/1] (0.43ns) (share mux size 4)   --->   "%muxLogicRAMAddr_to_store_ln100 = muxlogic i8 %llama_inference_hls_top_float_float_float_float_float_float_float_67"   --->   Operation 46 'muxlogic' 'muxLogicRAMAddr_to_store_ln100' <Predicate = (trunc_ln97 == 3)> <Delay = 0.43>
ST_2 : Operation 47 [1/1] ( I:0.71ns O:0.71ns ) (share mux size 8)   --->   "%store_ln100 = store i32 %bitcast_ln100, i8 %llama_inference_hls_top_float_float_float_float_float_float_float_67" [llama_hls_top.cpp:100]   --->   Operation 47 'store' 'store_ln100' <Predicate = (trunc_ln97 == 3)> <Delay = 0.71> <CoreInst = "RAM">   --->   Core 86 'RAM' <Latency = 1> <II = 1> <Delay = 0.89> <Storage> <Opcode : 'load' 'store'> <Ports = 2> <Width = 32> <Depth = 192> <RAM>
ST_2 : Operation 48 [1/1] (0.00ns)   --->   "%br_ln100 = br void %arrayidx2.exit" [llama_hls_top.cpp:100]   --->   Operation 48 'br' 'br_ln100' <Predicate = (trunc_ln97 == 3)> <Delay = 0.00>


============================================================
+ Verbose Summary: Timing violations
============================================================
Target clock period: 4.000ns, clock uncertainty: 1.080ns.

 <State 1>: 1.503ns
The critical path consists of the following:
	'store' operation 0 bit ('store_ln97', llama_hls_top.cpp:97) of constant 0 on local variable 'i', llama_hls_top.cpp:97 [11]  (0.393 ns)
	'load' operation 10 bit ('i', llama_hls_top.cpp:97) on local variable 'i', llama_hls_top.cpp:97 [14]  (0.000 ns)
	'add' operation 10 bit ('add_ln97', llama_hls_top.cpp:97) [15]  (0.717 ns)
	'store' operation 0 bit ('store_ln97', llama_hls_top.cpp:97) of variable 'add_ln97', llama_hls_top.cpp:97 on local variable 'i', llama_hls_top.cpp:97 [56]  (0.393 ns)

 <State 2>: 2.185ns
The critical path consists of the following:
	'getelementptr' operation 32 bit ('gmem0_addr', llama_hls_top.cpp:97) [20]  (0.000 ns)
	bus read operation ('gmem0_addr_read', llama_hls_top.cpp:100) on port 'gmem0' (llama_hls_top.cpp:100) [28]  (1.033 ns)
	'muxlogic' operation 0 bit ('muxLogicRAMData_to_store_ln100') [41]  (0.437 ns)
	'store' operation 0 bit ('store_ln100', llama_hls_top.cpp:100) of variable 'bitcast_ln100', llama_hls_top.cpp:100 on array 'llama_inference_hls_top_float_float_float_float_float_float_float_6' [43]  (0.715 ns)


============================================================
+ Verbose Summary: Binding
============================================================
N/A
* FSMD analyzer results:
  - Output states:
 - Input state : 
  - Chain level:
	State 1
	State 2


============================================================
+ Verbose Summary: Datapath Resource usage 
============================================================
N/A
