

================================================================
== Vitis HLS Report for 'store_result_54'
================================================================
* Date:           Mon Sep 15 01:28:03 2025

* Version:        2025.1 (Build 6135595 on May 21 2025)
* Project:        llama_hls
* Solution:       solution1 (Vivado IP Flow Target)
* Product family: versalhbm
* Target device:  xcv80-lsva4737-2MHP-e-S


================================================================
== Performance Estimates
================================================================
+ Timing: 
    * Summary: 
    +--------+---------+----------+------------+
    |  Clock |  Target | Estimated| Uncertainty|
    +--------+---------+----------+------------+
    |ap_clk  |  4.00 ns|  1.503 ns|     1.08 ns|
    +--------+---------+----------+------------+

+ Latency: 
    * Summary: 
    +---------+---------+----------+----------+-----+-----+------------------------------------------------+
    |  Latency (cycles) |  Latency (absolute) |  Interval |                    Pipeline                    |
    |   min   |   max   |    min   |    max   | min | max |                      Type                      |
    +---------+---------+----------+----------+-----+-----+------------------------------------------------+
    |      770|      770|  3.080 us|  3.080 us|  769|  769|  loop auto-rewind stp (delay=0 clock cycles(s))|
    +---------+---------+----------+----------+-----+-----+------------------------------------------------+

    + Detail: 
        * Instance: 
        N/A

        * Loop: 
        +----------+---------+---------+----------+-----------+-----------+------+----------+
        |          |  Latency (cycles) | Iteration|  Initiation Interval  | Trip |          |
        | Loop Name|   min   |   max   |  Latency |  achieved |   target  | Count| Pipelined|
        +----------+---------+---------+----------+-----------+-----------+------+----------+
        |- mem_wr  |      768|      768|         2|          1|          1|   768|       yes|
        +----------+---------+---------+----------+-----------+-----------+------+----------+

============================================================
+ Verbose Summary: Synthesis Manager
============================================================
InlineROM: 1
ExposeGlobal: 0
============================================================
+ Verbose Summary: CDFG Model
============================================================
IsTopModel: 0
ResetActiveHigh: 1
IsCombinational: 2
IsDatapathOnly: 0
HasWiredReturn: 1
HasMFsm: 2
HasVarLatency: 1
IsPipeline: 0
IsRtlPipelined: 0
IsInstanceOverlapped: 0
IsDontTouch: 0
HasImplIP: 0
IsGatedGlobalClock: 0

+ Individual pipeline summary: 
  * Pipeline-0: initiation interval (II) = 1, depth = 2


============================================================
+ Verbose Summary: Schedule
============================================================
* Number of FSM states : 2
* Pipeline : 1
  Pipeline-0 : II = 1, D = 2, States = { 1 2 }
* Dataflow Pipeline: 0

* FSM state transitions: 
1 --> 2 
2 --> 

* FSM state operations: 

State 1 <SV = 0> <Delay = 1.50>
ST_1 : Operation 5 [1/1] (0.00ns)   --->   "%i = alloca i32 1" [kernel_matmul.cpp:63]   --->   Operation 5 'alloca' 'i' <Predicate = true> <Delay = 0.00>
ST_1 : Operation 6 [1/1] (0.00ns)   --->   "%specinterface_ln0 = specinterface void @_ssdm_op_SpecInterface, i32 %result_stream, void @empty_39, i32 0, i32 0, void @empty_48, i32 0, i32 0, void @empty_48, void @empty_48, void @empty_48, i32 0, i32 0, i32 0, i32 0, void @empty_48, void @empty_48, i32 4294967295, i32 0, i32 0"   --->   Operation 6 'specinterface' 'specinterface_ln0' <Predicate = true> <Delay = 0.00>
ST_1 : Operation 7 [1/1] (0.00ns)   --->   "%specinterface_ln0 = specinterface void @_ssdm_op_SpecInterface, i32 %result_stream, void @empty_39, i32 0, i32 0, void @empty_48, i32 0, i32 0, void @empty_48, void @empty_48, void @empty_48, i32 0, i32 0, i32 0, i32 0, void @empty_48, void @empty_48, i32 4294967295, i32 0, i32 0"   --->   Operation 7 'specinterface' 'specinterface_ln0' <Predicate = true> <Delay = 0.00>
ST_1 : Operation 8 [1/1] (0.00ns)   --->   "%specinterface_ln0 = specinterface void @_ssdm_op_SpecInterface, i32 %result_stream, void @empty_39, i32 0, i32 0, void @empty_48, i32 0, i32 0, void @empty_48, void @empty_48, void @empty_48, i32 0, i32 0, i32 0, i32 0, void @empty_48, void @empty_48, i32 4294967295, i32 0, i32 0"   --->   Operation 8 'specinterface' 'specinterface_ln0' <Predicate = true> <Delay = 0.00>
ST_1 : Operation 9 [1/1] (0.00ns)   --->   "%specinterface_ln0 = specinterface void @_ssdm_op_SpecInterface, i32 %result_stream, void @empty_39, i32 0, i32 0, void @empty_48, i32 0, i32 0, void @empty_48, void @empty_48, void @empty_48, i32 0, i32 0, i32 0, i32 0, void @empty_48, void @empty_48, i32 4294967295, i32 0, i32 0"   --->   Operation 9 'specinterface' 'specinterface_ln0' <Predicate = true> <Delay = 0.00>
ST_1 : Operation 10 [1/1] (0.00ns)   --->   "%specinterface_ln0 = specinterface void @_ssdm_op_SpecInterface, i32 %result_stream, void @empty_39, i32 0, i32 0, void @empty_48, i32 0, i32 0, void @empty_48, void @empty_48, void @empty_48, i32 0, i32 0, i32 0, i32 0, void @empty_48, void @empty_48, i32 4294967295, i32 0, i32 0"   --->   Operation 10 'specinterface' 'specinterface_ln0' <Predicate = true> <Delay = 0.00>
ST_1 : Operation 11 [1/1] (0.00ns)   --->   "%specinterface_ln0 = specinterface void @_ssdm_op_SpecInterface, i32 %result_stream, void @empty_39, i32 0, i32 0, void @empty_48, i32 0, i32 0, void @empty_48, void @empty_48, void @empty_48, i32 0, i32 0, i32 0, i32 0, void @empty_48, void @empty_48, i32 4294967295, i32 0, i32 0"   --->   Operation 11 'specinterface' 'specinterface_ln0' <Predicate = true> <Delay = 0.00>
ST_1 : Operation 12 [1/1] (0.00ns)   --->   "%specinterface_ln0 = specinterface void @_ssdm_op_SpecInterface, i32 %result_stream, void @empty_39, i32 0, i32 0, void @empty_48, i32 0, i32 0, void @empty_48, void @empty_48, void @empty_48, i32 0, i32 0, i32 0, i32 0, void @empty_48, void @empty_48, i32 4294967295, i32 0, i32 0"   --->   Operation 12 'specinterface' 'specinterface_ln0' <Predicate = true> <Delay = 0.00>
ST_1 : Operation 13 [1/1] (0.00ns)   --->   "%specinterface_ln0 = specinterface void @_ssdm_op_SpecInterface, i32 %result_stream, void @empty_39, i32 0, i32 0, void @empty_48, i32 0, i32 0, void @empty_48, void @empty_48, void @empty_48, i32 0, i32 0, i32 0, i32 0, void @empty_48, void @empty_48, i32 4294967295, i32 0, i32 0"   --->   Operation 13 'specinterface' 'specinterface_ln0' <Predicate = true> <Delay = 0.00>
ST_1 : Operation 14 [1/1] (0.39ns)   --->   "%store_ln63 = store i10 0, i10 %i" [kernel_matmul.cpp:63]   --->   Operation 14 'store' 'store_ln63' <Predicate = true> <Delay = 0.39>
ST_1 : Operation 15 [1/1] (0.00ns)   --->   "%br_ln63 = br void %for.inc.i" [kernel_matmul.cpp:63]   --->   Operation 15 'br' 'br_ln63' <Predicate = true> <Delay = 0.00>
ST_1 : Operation 16 [1/1] (0.00ns)   --->   "%i_3 = load i10 %i" [kernel_matmul.cpp:63]   --->   Operation 16 'load' 'i_3' <Predicate = true> <Delay = 0.00>
ST_1 : Operation 17 [1/1] (0.71ns)   --->   "%add_ln63 = add i10 %i_3, i10 1" [kernel_matmul.cpp:63]   --->   Operation 17 'add' 'add_ln63' <Predicate = true> <Delay = 0.71> <CoreInst = "Adder">   --->   Core 1 'Adder' <Latency = 0> <II = 1> <Delay = 0.71> <FuncUnit> <Opcode : 'add' 'sub'> <InPorts = 2> <OutPorts = 1>
ST_1 : Operation 18 [1/1] (0.60ns)   --->   "%icmp_ln63 = icmp_eq  i10 %i_3, i10 768" [kernel_matmul.cpp:63]   --->   Operation 18 'icmp' 'icmp_ln63' <Predicate = true> <Delay = 0.60> <CoreInst = "ICmp_EQ">   --->   Core 156 'ICmp_EQ' <Latency = 0> <II = 1> <Delay = 0.60> <FuncUnit> <Opcode : 'seteq' 'setne'> <InPorts = 2> <OutPorts = 1>
ST_1 : Operation 19 [1/1] (0.00ns)   --->   "%speclooptripcount_ln0 = speclooptripcount void @_ssdm_op_SpecLoopTripCount, i64 768, i64 768, i64 768"   --->   Operation 19 'speclooptripcount' 'speclooptripcount_ln0' <Predicate = true> <Delay = 0.00>
ST_1 : Operation 20 [1/1] (0.00ns)   --->   "%br_ln63 = br i1 %icmp_ln63, void %for.inc.split.i, void %store_result.54.exit" [kernel_matmul.cpp:63]   --->   Operation 20 'br' 'br_ln63' <Predicate = true> <Delay = 0.00>
ST_1 : Operation 21 [1/1] (0.00ns)   --->   "%trunc_ln63 = trunc i10 %i_3" [kernel_matmul.cpp:63]   --->   Operation 21 'trunc' 'trunc_ln63' <Predicate = (!icmp_ln63)> <Delay = 0.00>
ST_1 : Operation 22 [1/1] (0.00ns)   --->   "%lshr_ln = partselect i8 @_ssdm_op_PartSelect.i8.i10.i32.i32, i10 %i_3, i32 2, i32 9" [kernel_matmul.cpp:63]   --->   Operation 22 'partselect' 'lshr_ln' <Predicate = (!icmp_ln63)> <Delay = 0.00>
ST_1 : Operation 23 [1/1] (0.30ns)   --->   "%switch_ln66 = switch i2 %trunc_ln63, void %arrayidx1.case.3.i, i2 0, void %arrayidx1.case.0.i, i2 1, void %arrayidx1.case.1.i, i2 2, void %arrayidx1.case.2.i" [kernel_matmul.cpp:66]   --->   Operation 23 'switch' 'switch_ln66' <Predicate = (!icmp_ln63)> <Delay = 0.30>
ST_1 : Operation 24 [1/1] (0.39ns)   --->   "%store_ln63 = store i10 %add_ln63, i10 %i" [kernel_matmul.cpp:63]   --->   Operation 24 'store' 'store_ln63' <Predicate = (!icmp_ln63)> <Delay = 0.39>
ST_1 : Operation 25 [1/1] (0.00ns)   --->   "%br_ln63 = br void %for.inc.i" [kernel_matmul.cpp:63]   --->   Operation 25 'br' 'br_ln63' <Predicate = (!icmp_ln63)> <Delay = 0.00>
ST_1 : Operation 52 [1/1] (0.28ns)   --->   "%ret_ln0 = ret"   --->   Operation 52 'ret' 'ret_ln0' <Predicate = (icmp_ln63)> <Delay = 0.28>

State 2 <SV = 1> <Delay = 1.42>
ST_2 : Operation 26 [1/1] (0.00ns)   --->   "%specpipeline_ln64 = specpipeline void @_ssdm_op_SpecPipeline, i32 1, i32 0, i32 0, i32 0, void @empty_48" [kernel_matmul.cpp:64]   --->   Operation 26 'specpipeline' 'specpipeline_ln64' <Predicate = true> <Delay = 0.00>
ST_2 : Operation 27 [1/1] (0.00ns)   --->   "%specloopname_ln63 = specloopname void @_ssdm_op_SpecLoopName, void @empty_60" [kernel_matmul.cpp:63]   --->   Operation 27 'specloopname' 'specloopname_ln63' <Predicate = true> <Delay = 0.00>
ST_2 : Operation 28 [1/1] (0.00ns)   --->   "%zext_ln63 = zext i8 %lshr_ln" [kernel_matmul.cpp:63]   --->   Operation 28 'zext' 'zext_ln63' <Predicate = true> <Delay = 0.00>
ST_2 : Operation 29 [1/1] (0.43ns) (share mux size 3)   --->   "%muxLogicFIFOCE_to_result_stream_read = muxlogic"   --->   Operation 29 'muxlogic' 'muxLogicFIFOCE_to_result_stream_read' <Predicate = true> <Delay = 0.43>
ST_2 : Operation 30 [1/1] ( I:0.98ns O:0.09ns ) (share mux size 3)   --->   "%result_stream_read = read i32 @_ssdm_op_Read.ap_fifo.volatile.i32P0A, i32 %result_stream" [kernel_matmul.cpp:66]   --->   Operation 30 'read' 'result_stream_read' <Predicate = true> <Delay = 0.98> <CoreInst = "FIFO">   --->   Core 81 'FIFO' <Latency = 0> <II = 1> <Delay = 0.98> <Storage> <Opcode : 'read' 'write' 'nbread' 'nbwrite'> <Ports = 0> <Width = 32> <Depth = 64> <FIFO>
ST_2 : Operation 31 [1/1] (0.00ns)   --->   "%bitcast_ln66 = bitcast i32 %result_stream_read" [kernel_matmul.cpp:66]   --->   Operation 31 'bitcast' 'bitcast_ln66' <Predicate = true> <Delay = 0.00>
ST_2 : Operation 32 [1/1] (0.00ns)   --->   "%out_0_addr = getelementptr i32 %out_0, i64 0, i64 %zext_ln63" [kernel_matmul.cpp:66]   --->   Operation 32 'getelementptr' 'out_0_addr' <Predicate = true> <Delay = 0.00>
ST_2 : Operation 33 [1/1] (0.00ns)   --->   "%out_1_addr = getelementptr i32 %out_1, i64 0, i64 %zext_ln63" [kernel_matmul.cpp:66]   --->   Operation 33 'getelementptr' 'out_1_addr' <Predicate = true> <Delay = 0.00>
ST_2 : Operation 34 [1/1] (0.00ns)   --->   "%out_2_addr = getelementptr i32 %out_2, i64 0, i64 %zext_ln63" [kernel_matmul.cpp:66]   --->   Operation 34 'getelementptr' 'out_2_addr' <Predicate = true> <Delay = 0.00>
ST_2 : Operation 35 [1/1] (0.00ns)   --->   "%out_3_addr = getelementptr i32 %out_3, i64 0, i64 %zext_ln63" [kernel_matmul.cpp:66]   --->   Operation 35 'getelementptr' 'out_3_addr' <Predicate = true> <Delay = 0.00>
ST_2 : Operation 36 [1/1] (0.00ns)   --->   "%muxLogicRAMData_to_store_ln66 = muxlogic i32 %bitcast_ln66"   --->   Operation 36 'muxlogic' 'muxLogicRAMData_to_store_ln66' <Predicate = (trunc_ln63 == 2)> <Delay = 0.00>
ST_2 : Operation 37 [1/1] (0.00ns)   --->   "%muxLogicRAMAddr_to_store_ln66 = muxlogic i8 %out_2_addr"   --->   Operation 37 'muxlogic' 'muxLogicRAMAddr_to_store_ln66' <Predicate = (trunc_ln63 == 2)> <Delay = 0.00>
ST_2 : Operation 38 [1/1] ( I:0.71ns O:0.71ns )   --->   "%store_ln66 = store i32 %bitcast_ln66, i8 %out_2_addr" [kernel_matmul.cpp:66]   --->   Operation 38 'store' 'store_ln66' <Predicate = (trunc_ln63 == 2)> <Delay = 0.71> <CoreInst = "RAM">   --->   Core 86 'RAM' <Latency = 1> <II = 1> <Delay = 0.89> <Storage> <Opcode : 'load' 'store'> <Ports = 2> <Width = 32> <Depth = 192> <RAM>
ST_2 : Operation 39 [1/1] (0.00ns)   --->   "%br_ln66 = br void %arrayidx1.exit.i" [kernel_matmul.cpp:66]   --->   Operation 39 'br' 'br_ln66' <Predicate = (trunc_ln63 == 2)> <Delay = 0.00>
ST_2 : Operation 40 [1/1] (0.00ns)   --->   "%muxLogicRAMData_to_store_ln66 = muxlogic i32 %bitcast_ln66"   --->   Operation 40 'muxlogic' 'muxLogicRAMData_to_store_ln66' <Predicate = (trunc_ln63 == 1)> <Delay = 0.00>
ST_2 : Operation 41 [1/1] (0.00ns)   --->   "%muxLogicRAMAddr_to_store_ln66 = muxlogic i8 %out_1_addr"   --->   Operation 41 'muxlogic' 'muxLogicRAMAddr_to_store_ln66' <Predicate = (trunc_ln63 == 1)> <Delay = 0.00>
ST_2 : Operation 42 [1/1] ( I:0.71ns O:0.71ns )   --->   "%store_ln66 = store i32 %bitcast_ln66, i8 %out_1_addr" [kernel_matmul.cpp:66]   --->   Operation 42 'store' 'store_ln66' <Predicate = (trunc_ln63 == 1)> <Delay = 0.71> <CoreInst = "RAM">   --->   Core 86 'RAM' <Latency = 1> <II = 1> <Delay = 0.89> <Storage> <Opcode : 'load' 'store'> <Ports = 2> <Width = 32> <Depth = 192> <RAM>
ST_2 : Operation 43 [1/1] (0.00ns)   --->   "%br_ln66 = br void %arrayidx1.exit.i" [kernel_matmul.cpp:66]   --->   Operation 43 'br' 'br_ln66' <Predicate = (trunc_ln63 == 1)> <Delay = 0.00>
ST_2 : Operation 44 [1/1] (0.00ns)   --->   "%muxLogicRAMData_to_store_ln66 = muxlogic i32 %bitcast_ln66"   --->   Operation 44 'muxlogic' 'muxLogicRAMData_to_store_ln66' <Predicate = (trunc_ln63 == 0)> <Delay = 0.00>
ST_2 : Operation 45 [1/1] (0.00ns)   --->   "%muxLogicRAMAddr_to_store_ln66 = muxlogic i8 %out_0_addr"   --->   Operation 45 'muxlogic' 'muxLogicRAMAddr_to_store_ln66' <Predicate = (trunc_ln63 == 0)> <Delay = 0.00>
ST_2 : Operation 46 [1/1] ( I:0.71ns O:0.71ns )   --->   "%store_ln66 = store i32 %bitcast_ln66, i8 %out_0_addr" [kernel_matmul.cpp:66]   --->   Operation 46 'store' 'store_ln66' <Predicate = (trunc_ln63 == 0)> <Delay = 0.71> <CoreInst = "RAM">   --->   Core 86 'RAM' <Latency = 1> <II = 1> <Delay = 0.89> <Storage> <Opcode : 'load' 'store'> <Ports = 2> <Width = 32> <Depth = 192> <RAM>
ST_2 : Operation 47 [1/1] (0.00ns)   --->   "%br_ln66 = br void %arrayidx1.exit.i" [kernel_matmul.cpp:66]   --->   Operation 47 'br' 'br_ln66' <Predicate = (trunc_ln63 == 0)> <Delay = 0.00>
ST_2 : Operation 48 [1/1] (0.00ns)   --->   "%muxLogicRAMData_to_store_ln66 = muxlogic i32 %bitcast_ln66"   --->   Operation 48 'muxlogic' 'muxLogicRAMData_to_store_ln66' <Predicate = (trunc_ln63 == 3)> <Delay = 0.00>
ST_2 : Operation 49 [1/1] (0.00ns)   --->   "%muxLogicRAMAddr_to_store_ln66 = muxlogic i8 %out_3_addr"   --->   Operation 49 'muxlogic' 'muxLogicRAMAddr_to_store_ln66' <Predicate = (trunc_ln63 == 3)> <Delay = 0.00>
ST_2 : Operation 50 [1/1] ( I:0.71ns O:0.71ns )   --->   "%store_ln66 = store i32 %bitcast_ln66, i8 %out_3_addr" [kernel_matmul.cpp:66]   --->   Operation 50 'store' 'store_ln66' <Predicate = (trunc_ln63 == 3)> <Delay = 0.71> <CoreInst = "RAM">   --->   Core 86 'RAM' <Latency = 1> <II = 1> <Delay = 0.89> <Storage> <Opcode : 'load' 'store'> <Ports = 2> <Width = 32> <Depth = 192> <RAM>
ST_2 : Operation 51 [1/1] (0.00ns)   --->   "%br_ln66 = br void %arrayidx1.exit.i" [kernel_matmul.cpp:66]   --->   Operation 51 'br' 'br_ln66' <Predicate = (trunc_ln63 == 3)> <Delay = 0.00>


============================================================
+ Verbose Summary: Timing violations
============================================================
Target clock period: 4.000ns, clock uncertainty: 1.080ns.

 <State 1>: 1.503ns
The critical path consists of the following:
	'store' operation 0 bit ('store_ln63', kernel_matmul.cpp:63) of constant 0 on local variable 'i', kernel_matmul.cpp:63 [15]  (0.393 ns)
	'load' operation 10 bit ('i', kernel_matmul.cpp:63) on local variable 'i', kernel_matmul.cpp:63 [18]  (0.000 ns)
	'add' operation 10 bit ('add_ln63', kernel_matmul.cpp:63) [19]  (0.717 ns)
	'store' operation 0 bit ('store_ln63', kernel_matmul.cpp:63) of variable 'add_ln63', kernel_matmul.cpp:63 on local variable 'i', kernel_matmul.cpp:63 [58]  (0.393 ns)

 <State 2>: 1.424ns
The critical path consists of the following:
	'muxlogic' operation 32 bit ('muxLogicFIFOCE_to_result_stream_read') [29]  (0.437 ns)
	fifo read operation ('result_stream_read', kernel_matmul.cpp:66) on port 'result_stream' (kernel_matmul.cpp:66) [30]  (0.987 ns)


============================================================
+ Verbose Summary: Binding
============================================================
N/A
* FSMD analyzer results:
  - Output states:
 - Input state : 
  - Chain level:
	State 1
	State 2


============================================================
+ Verbose Summary: Datapath Resource usage 
============================================================
N/A
